<?xml version="1.0" encoding="UTF-8"?>
<!-- Generated by org.testng.reporters.JUnitXMLReporter -->
<testsuite hostname="choupchoup" ignored="0" name="testCyrpto" tests="4199" failures="0" timestamp="07 mars 2017 15:11:07 GMT" time="457.677" errors="0">
  <testcase name="testCheckpw_failure" time="2.513" classname="com.distrimind.util.crypto.TestBCrypt"/>
  <testcase name="testCheckpw_success" time="2.566" classname="com.distrimind.util.crypto.TestBCrypt"/>
  <testcase name="testGensalt" time="0.979" classname="com.distrimind.util.crypto.TestBCrypt"/>
  <testcase name="testGensaltInt" time="7.635" classname="com.distrimind.util.crypto.TestBCrypt"/>
  <testcase name="testHashpw" time="2.536" classname="com.distrimind.util.crypto.TestBCrypt"/>
  <testcase name="testInternationalChars" time="0.388" classname="com.distrimind.util.crypto.TestBCrypt"/>
  <testcase name="testEncodeAndSeparateEncoding" time="0.0" classname="com.distrimind.util.crypto.CryptoTests"/>
  <testcase name="testEncodeAndSeparateEncoding" time="0.0" classname="com.distrimind.util.crypto.CryptoTests"/>
  <testcase name="testEncodeAndSeparateEncoding" time="0.0" classname="com.distrimind.util.crypto.CryptoTests"/>
  <testcase name="testEncodeAndSeparateEncoding" time="0.0" classname="com.distrimind.util.crypto.CryptoTests"/>
  <testcase name="testEncodeAndSeparateEncoding" time="0.0" classname="com.distrimind.util.crypto.CryptoTests"/>
  <testcase name="testEncodeAndSeparateEncoding" time="0.0" classname="com.distrimind.util.crypto.CryptoTests"/>
  <testcase name="testEncodeAndSeparateEncoding" time="0.0" classname="com.distrimind.util.crypto.CryptoTests"/>
  <testcase name="testEncodeAndSeparateEncoding" time="0.0" classname="com.distrimind.util.crypto.CryptoTests"/>
  <testcase name="testEncodeAndSeparateEncoding" time="0.0" classname="com.distrimind.util.crypto.CryptoTests"/>
  <testcase name="testEncodeAndSeparateEncoding" time="0.0" classname="com.distrimind.util.crypto.CryptoTests"/>
  <testcase name="testEncodeAndSeparateEncoding" time="0.0" classname="com.distrimind.util.crypto.CryptoTests"/>
  <testcase name="testEncodeAndSeparateEncoding" time="0.0" classname="com.distrimind.util.crypto.CryptoTests"/>
  <testcase name="testEncodeAndSeparateEncoding" time="0.0" classname="com.distrimind.util.crypto.CryptoTests"/>
  <testcase name="testEncodeAndSeparateEncoding" time="0.0" classname="com.distrimind.util.crypto.CryptoTests"/>
  <testcase name="testEncodeAndSeparateEncoding" time="0.0" classname="com.distrimind.util.crypto.CryptoTests"/>
  <testcase name="testEncodeAndSeparateEncoding" time="0.0" classname="com.distrimind.util.crypto.CryptoTests"/>
  <testcase name="testEncodeAndSeparateEncoding" time="0.0" classname="com.distrimind.util.crypto.CryptoTests"/>
  <testcase name="testEncodeAndSeparateEncoding" time="0.0" classname="com.distrimind.util.crypto.CryptoTests"/>
  <testcase name="testEncodeAndSeparateEncoding" time="0.0" classname="com.distrimind.util.crypto.CryptoTests"/>
  <testcase name="testEncodeAndSeparateEncoding" time="0.0" classname="com.distrimind.util.crypto.CryptoTests"/>
  <testcase name="testMessageDigest" time="0.004" classname="com.distrimind.util.crypto.CryptoTests"/>
  <testcase name="testMessageDigest" time="0.005" classname="com.distrimind.util.crypto.CryptoTests"/>
  <testcase name="testMessageDigest" time="0.006" classname="com.distrimind.util.crypto.CryptoTests"/>
  <testcase name="testMessageDigest" time="0.005" classname="com.distrimind.util.crypto.CryptoTests"/>
  <testcase name="testMessageDigest" time="0.005" classname="com.distrimind.util.crypto.CryptoTests"/>
  <testcase name="testMessageDigest" time="0.007" classname="com.distrimind.util.crypto.CryptoTests"/>
  <testcase name="testMessageDigest" time="0.006" classname="com.distrimind.util.crypto.CryptoTests"/>
  <testcase name="testMessageDigest" time="0.013" classname="com.distrimind.util.crypto.CryptoTests"/>
  <testcase name="testMessageDigest" time="0.003" classname="com.distrimind.util.crypto.CryptoTests"/>
  <testcase name="testMessageDigest" time="0.014" classname="com.distrimind.util.crypto.CryptoTests"/>
  <testcase name="testReadWriteDataPackaged" time="0.004" classname="com.distrimind.util.crypto.CryptoTests"/>
  <testcase name="testReadWriteDataPackaged" time="0.004" classname="com.distrimind.util.crypto.CryptoTests"/>
  <testcase name="testReadWriteDataPackaged" time="0.001" classname="com.distrimind.util.crypto.CryptoTests"/>
  <testcase name="testReadWriteDataPackaged" time="0.001" classname="com.distrimind.util.crypto.CryptoTests"/>
  <testcase name="testReadWriteDataPackaged" time="0.0" classname="com.distrimind.util.crypto.CryptoTests"/>
  <testcase name="testReadWriteDataPackaged" time="0.001" classname="com.distrimind.util.crypto.CryptoTests"/>
  <testcase name="testReadWriteDataPackaged" time="0.0" classname="com.distrimind.util.crypto.CryptoTests"/>
  <testcase name="testReadWriteDataPackaged" time="0.0" classname="com.distrimind.util.crypto.CryptoTests"/>
  <testcase name="testReadWriteDataPackaged" time="0.0" classname="com.distrimind.util.crypto.CryptoTests"/>
  <testcase name="testReadWriteDataPackaged" time="0.0" classname="com.distrimind.util.crypto.CryptoTests"/>
  <testcase name="testReadWriteDataPackaged" time="0.0" classname="com.distrimind.util.crypto.CryptoTests"/>
  <testcase name="testReadWriteDataPackaged" time="0.0" classname="com.distrimind.util.crypto.CryptoTests"/>
  <testcase name="testReadWriteDataPackaged" time="0.0" classname="com.distrimind.util.crypto.CryptoTests"/>
  <testcase name="testReadWriteDataPackaged" time="0.001" classname="com.distrimind.util.crypto.CryptoTests"/>
  <testcase name="testReadWriteDataPackaged" time="0.001" classname="com.distrimind.util.crypto.CryptoTests"/>
  <testcase name="testReadWriteDataPackaged" time="0.0" classname="com.distrimind.util.crypto.CryptoTests"/>
  <testcase name="testReadWriteDataPackaged" time="0.0" classname="com.distrimind.util.crypto.CryptoTests"/>
  <testcase name="testReadWriteDataPackaged" time="0.0" classname="com.distrimind.util.crypto.CryptoTests"/>
  <testcase name="testReadWriteDataPackaged" time="0.0" classname="com.distrimind.util.crypto.CryptoTests"/>
  <testcase name="testReadWriteDataPackaged" time="0.001" classname="com.distrimind.util.crypto.CryptoTests"/>
  <testcase name="testReadWriteDataPackaged" time="0.0" classname="com.distrimind.util.crypto.CryptoTests"/>
  <testcase name="testReadWriteDataPackaged" time="0.001" classname="com.distrimind.util.crypto.CryptoTests"/>
  <testcase name="testReadWriteDataPackaged" time="0.0" classname="com.distrimind.util.crypto.CryptoTests"/>
  <testcase name="testReadWriteDataPackaged" time="0.0" classname="com.distrimind.util.crypto.CryptoTests"/>
  <testcase name="testReadWriteDataPackaged" time="0.0" classname="com.distrimind.util.crypto.CryptoTests"/>
  <testcase name="testReadWriteDataPackaged" time="0.001" classname="com.distrimind.util.crypto.CryptoTests"/>
  <testcase name="testReadWriteDataPackaged" time="0.0" classname="com.distrimind.util.crypto.CryptoTests"/>
  <testcase name="testReadWriteDataPackaged" time="0.0" classname="com.distrimind.util.crypto.CryptoTests"/>
  <testcase name="testReadWriteDataPackaged" time="0.0" classname="com.distrimind.util.crypto.CryptoTests"/>
  <testcase name="testReadWriteDataPackaged" time="0.0" classname="com.distrimind.util.crypto.CryptoTests"/>
  <testcase name="testReadWriteDataPackaged" time="0.0" classname="com.distrimind.util.crypto.CryptoTests"/>
  <testcase name="testReadWriteDataPackaged" time="0.0" classname="com.distrimind.util.crypto.CryptoTests"/>
  <testcase name="testReadWriteDataPackaged" time="0.001" classname="com.distrimind.util.crypto.CryptoTests"/>
  <testcase name="testReadWriteDataPackaged" time="0.0" classname="com.distrimind.util.crypto.CryptoTests"/>
  <testcase name="testReadWriteDataPackaged" time="0.0" classname="com.distrimind.util.crypto.CryptoTests"/>
  <testcase name="testReadWriteDataPackaged" time="0.0" classname="com.distrimind.util.crypto.CryptoTests"/>
  <testcase name="testReadWriteDataPackaged" time="0.0" classname="com.distrimind.util.crypto.CryptoTests"/>
  <testcase name="testReadWriteDataPackaged" time="0.0" classname="com.distrimind.util.crypto.CryptoTests"/>
  <testcase name="testReadWriteDataPackaged" time="0.0" classname="com.distrimind.util.crypto.CryptoTests"/>
  <testcase name="testReadWriteDataPackaged" time="0.0" classname="com.distrimind.util.crypto.CryptoTests"/>
  <testcase name="testReadWriteDataPackaged" time="0.0" classname="com.distrimind.util.crypto.CryptoTests"/>
  <testcase name="testReadWriteDataPackaged" time="0.001" classname="com.distrimind.util.crypto.CryptoTests"/>
  <testcase name="testReadWriteDataPackaged" time="0.001" classname="com.distrimind.util.crypto.CryptoTests"/>
  <testcase name="testReadWriteDataPackaged" time="0.0" classname="com.distrimind.util.crypto.CryptoTests"/>
  <testcase name="testReadWriteDataPackaged" time="0.001" classname="com.distrimind.util.crypto.CryptoTests"/>
  <testcase name="testReadWriteDataPackaged" time="0.0" classname="com.distrimind.util.crypto.CryptoTests"/>
  <testcase name="testReadWriteDataPackaged" time="0.0" classname="com.distrimind.util.crypto.CryptoTests"/>
  <testcase name="testReadWriteDataPackaged" time="0.001" classname="com.distrimind.util.crypto.CryptoTests"/>
  <testcase name="testReadWriteDataPackaged" time="0.001" classname="com.distrimind.util.crypto.CryptoTests"/>
  <testcase name="testReadWriteDataPackaged" time="0.0" classname="com.distrimind.util.crypto.CryptoTests"/>
  <testcase name="testReadWriteDataPackaged" time="0.001" classname="com.distrimind.util.crypto.CryptoTests"/>
  <testcase name="testReadWriteDataPackaged" time="0.0" classname="com.distrimind.util.crypto.CryptoTests"/>
  <testcase name="testReadWriteDataPackaged" time="0.0" classname="com.distrimind.util.crypto.CryptoTests"/>
  <testcase name="testReadWriteDataPackaged" time="0.001" classname="com.distrimind.util.crypto.CryptoTests"/>
  <testcase name="testReadWriteDataPackaged" time="0.0" classname="com.distrimind.util.crypto.CryptoTests"/>
  <testcase name="testReadWriteDataPackaged" time="0.0" classname="com.distrimind.util.crypto.CryptoTests"/>
  <testcase name="testReadWriteDataPackaged" time="0.001" classname="com.distrimind.util.crypto.CryptoTests"/>
  <testcase name="testReadWriteDataPackaged" time="0.0" classname="com.distrimind.util.crypto.CryptoTests"/>
  <testcase name="testReadWriteDataPackaged" time="0.001" classname="com.distrimind.util.crypto.CryptoTests"/>
  <testcase name="testReadWriteDataPackaged" time="0.001" classname="com.distrimind.util.crypto.CryptoTests"/>
  <testcase name="testReadWriteDataPackaged" time="0.001" classname="com.distrimind.util.crypto.CryptoTests"/>
  <testcase name="testReadWriteDataPackaged" time="0.0" classname="com.distrimind.util.crypto.CryptoTests"/>
  <testcase name="testReadWriteDataPackaged" time="0.001" classname="com.distrimind.util.crypto.CryptoTests"/>
  <testcase name="testReadWriteDataPackaged" time="0.001" classname="com.distrimind.util.crypto.CryptoTests"/>
  <testcase name="testReadWriteDataPackaged" time="0.0" classname="com.distrimind.util.crypto.CryptoTests"/>
  <testcase name="testReadWriteDataPackaged" time="0.0" classname="com.distrimind.util.crypto.CryptoTests"/>
  <testcase name="testReadWriteDataPackaged" time="0.001" classname="com.distrimind.util.crypto.CryptoTests"/>
  <testcase name="testReadWriteDataPackaged" time="0.001" classname="com.distrimind.util.crypto.CryptoTests"/>
  <testcase name="testReadWriteDataPackaged" time="0.0" classname="com.distrimind.util.crypto.CryptoTests"/>
  <testcase name="testReadWriteDataPackaged" time="0.001" classname="com.distrimind.util.crypto.CryptoTests"/>
  <testcase name="testReadWriteDataPackaged" time="0.0" classname="com.distrimind.util.crypto.CryptoTests"/>
  <testcase name="testReadWriteDataPackaged" time="0.0" classname="com.distrimind.util.crypto.CryptoTests"/>
  <testcase name="testReadWriteDataPackaged" time="0.001" classname="com.distrimind.util.crypto.CryptoTests"/>
  <testcase name="testReadWriteDataPackaged" time="0.0" classname="com.distrimind.util.crypto.CryptoTests"/>
  <testcase name="testReadWriteDataPackaged" time="0.001" classname="com.distrimind.util.crypto.CryptoTests"/>
  <testcase name="testReadWriteDataPackaged" time="0.0" classname="com.distrimind.util.crypto.CryptoTests"/>
  <testcase name="testReadWriteDataPackaged" time="0.001" classname="com.distrimind.util.crypto.CryptoTests"/>
  <testcase name="testReadWriteDataPackaged" time="0.0" classname="com.distrimind.util.crypto.CryptoTests"/>
  <testcase name="testReadWriteDataPackaged" time="0.0" classname="com.distrimind.util.crypto.CryptoTests"/>
  <testcase name="testReadWriteDataPackaged" time="0.0" classname="com.distrimind.util.crypto.CryptoTests"/>
  <testcase name="testReadWriteDataPackaged" time="0.0" classname="com.distrimind.util.crypto.CryptoTests"/>
  <testcase name="testReadWriteDataPackaged" time="0.001" classname="com.distrimind.util.crypto.CryptoTests"/>
  <testcase name="testReadWriteDataPackaged" time="0.0" classname="com.distrimind.util.crypto.CryptoTests"/>
  <testcase name="testReadWriteDataPackaged" time="0.0" classname="com.distrimind.util.crypto.CryptoTests"/>
  <testcase name="testReadWriteDataPackaged" time="0.0" classname="com.distrimind.util.crypto.CryptoTests"/>
  <testcase name="testReadWriteDataPackaged" time="0.0" classname="com.distrimind.util.crypto.CryptoTests"/>
  <testcase name="testReadWriteDataPackaged" time="0.0" classname="com.distrimind.util.crypto.CryptoTests"/>
  <testcase name="testReadWriteDataPackaged" time="0.0" classname="com.distrimind.util.crypto.CryptoTests"/>
  <testcase name="testReadWriteDataPackaged" time="0.001" classname="com.distrimind.util.crypto.CryptoTests"/>
  <testcase name="testReadWriteDataPackaged" time="0.0" classname="com.distrimind.util.crypto.CryptoTests"/>
  <testcase name="testReadWriteDataPackaged" time="0.0" classname="com.distrimind.util.crypto.CryptoTests"/>
  <testcase name="testReadWriteDataPackaged" time="0.001" classname="com.distrimind.util.crypto.CryptoTests"/>
  <testcase name="testReadWriteDataPackaged" time="0.0" classname="com.distrimind.util.crypto.CryptoTests"/>
  <testcase name="testReadWriteDataPackaged" time="0.001" classname="com.distrimind.util.crypto.CryptoTests"/>
  <testcase name="testReadWriteDataPackaged" time="0.0" classname="com.distrimind.util.crypto.CryptoTests"/>
  <testcase name="testReadWriteDataPackaged" time="0.0" classname="com.distrimind.util.crypto.CryptoTests"/>
  <testcase name="testReadWriteDataPackaged" time="0.001" classname="com.distrimind.util.crypto.CryptoTests"/>
  <testcase name="testReadWriteDataPackaged" time="0.0" classname="com.distrimind.util.crypto.CryptoTests"/>
  <testcase name="testReadWriteDataPackaged" time="0.0" classname="com.distrimind.util.crypto.CryptoTests"/>
  <testcase name="testReadWriteDataPackaged" time="0.0" classname="com.distrimind.util.crypto.CryptoTests"/>
  <testcase name="testReadWriteDataPackaged" time="0.0" classname="com.distrimind.util.crypto.CryptoTests"/>
  <testcase name="testReadWriteDataPackaged" time="0.0" classname="com.distrimind.util.crypto.CryptoTests"/>
  <testcase name="testReadWriteDataPackaged" time="0.0" classname="com.distrimind.util.crypto.CryptoTests"/>
  <testcase name="testReadWriteDataPackaged" time="0.0" classname="com.distrimind.util.crypto.CryptoTests"/>
  <testcase name="testReadWriteDataPackaged" time="0.0" classname="com.distrimind.util.crypto.CryptoTests"/>
  <testcase name="testReadWriteDataPackaged" time="0.0" classname="com.distrimind.util.crypto.CryptoTests"/>
  <testcase name="testReadWriteDataPackaged" time="0.0" classname="com.distrimind.util.crypto.CryptoTests"/>
  <testcase name="testReadWriteDataPackaged" time="0.0" classname="com.distrimind.util.crypto.CryptoTests"/>
  <testcase name="testReadWriteDataPackaged" time="0.001" classname="com.distrimind.util.crypto.CryptoTests"/>
  <testcase name="testReadWriteDataPackaged" time="0.0" classname="com.distrimind.util.crypto.CryptoTests"/>
  <testcase name="testReadWriteDataPackaged" time="0.0" classname="com.distrimind.util.crypto.CryptoTests"/>
  <testcase name="testReadWriteDataPackaged" time="0.0" classname="com.distrimind.util.crypto.CryptoTests"/>
  <testcase name="testReadWriteDataPackaged" time="0.0" classname="com.distrimind.util.crypto.CryptoTests"/>
  <testcase name="testReadWriteDataPackaged" time="0.0" classname="com.distrimind.util.crypto.CryptoTests"/>
  <testcase name="testReadWriteDataPackaged" time="0.0" classname="com.distrimind.util.crypto.CryptoTests"/>
  <testcase name="testReadWriteDataPackaged" time="0.0" classname="com.distrimind.util.crypto.CryptoTests"/>
  <testcase name="testReadWriteDataPackaged" time="0.0" classname="com.distrimind.util.crypto.CryptoTests"/>
  <testcase name="testReadWriteDataPackaged" time="0.0" classname="com.distrimind.util.crypto.CryptoTests"/>
  <testcase name="testReadWriteDataPackaged" time="0.001" classname="com.distrimind.util.crypto.CryptoTests"/>
  <testcase name="testReadWriteDataPackaged" time="0.0" classname="com.distrimind.util.crypto.CryptoTests"/>
  <testcase name="testReadWriteDataPackaged" time="0.0" classname="com.distrimind.util.crypto.CryptoTests"/>
  <testcase name="testReadWriteDataPackaged" time="0.0" classname="com.distrimind.util.crypto.CryptoTests"/>
  <testcase name="testReadWriteDataPackaged" time="0.0" classname="com.distrimind.util.crypto.CryptoTests"/>
  <testcase name="testReadWriteDataPackaged" time="0.0" classname="com.distrimind.util.crypto.CryptoTests"/>
  <testcase name="testReadWriteDataPackaged" time="0.0" classname="com.distrimind.util.crypto.CryptoTests"/>
  <testcase name="testReadWriteDataPackaged" time="0.0" classname="com.distrimind.util.crypto.CryptoTests"/>
  <testcase name="testReadWriteDataPackaged" time="0.0" classname="com.distrimind.util.crypto.CryptoTests"/>
  <testcase name="testReadWriteDataPackaged" time="0.0" classname="com.distrimind.util.crypto.CryptoTests"/>
  <testcase name="testReadWriteDataPackaged" time="0.0" classname="com.distrimind.util.crypto.CryptoTests"/>
  <testcase name="testReadWriteDataPackaged" time="0.0" classname="com.distrimind.util.crypto.CryptoTests"/>
  <testcase name="testReadWriteDataPackaged" time="0.0" classname="com.distrimind.util.crypto.CryptoTests"/>
  <testcase name="testReadWriteDataPackaged" time="0.001" classname="com.distrimind.util.crypto.CryptoTests"/>
  <testcase name="testReadWriteDataPackaged" time="0.0" classname="com.distrimind.util.crypto.CryptoTests"/>
  <testcase name="testReadWriteDataPackaged" time="0.0" classname="com.distrimind.util.crypto.CryptoTests"/>
  <testcase name="testReadWriteDataPackaged" time="0.0" classname="com.distrimind.util.crypto.CryptoTests"/>
  <testcase name="testReadWriteDataPackaged" time="0.0" classname="com.distrimind.util.crypto.CryptoTests"/>
  <testcase name="testReadWriteDataPackaged" time="0.0" classname="com.distrimind.util.crypto.CryptoTests"/>
  <testcase name="testReadWriteDataPackaged" time="0.0" classname="com.distrimind.util.crypto.CryptoTests"/>
  <testcase name="testReadWriteDataPackaged" time="0.0" classname="com.distrimind.util.crypto.CryptoTests"/>
  <testcase name="testReadWriteDataPackaged" time="0.0" classname="com.distrimind.util.crypto.CryptoTests"/>
  <testcase name="testReadWriteDataPackaged" time="0.0" classname="com.distrimind.util.crypto.CryptoTests"/>
  <testcase name="testReadWriteDataPackaged" time="0.0" classname="com.distrimind.util.crypto.CryptoTests"/>
  <testcase name="testReadWriteDataPackaged" time="0.001" classname="com.distrimind.util.crypto.CryptoTests"/>
  <testcase name="testReadWriteDataPackaged" time="0.0" classname="com.distrimind.util.crypto.CryptoTests"/>
  <testcase name="testReadWriteDataPackaged" time="0.0" classname="com.distrimind.util.crypto.CryptoTests"/>
  <testcase name="testReadWriteDataPackaged" time="0.0" classname="com.distrimind.util.crypto.CryptoTests"/>
  <testcase name="testReadWriteDataPackaged" time="0.001" classname="com.distrimind.util.crypto.CryptoTests"/>
  <testcase name="testReadWriteDataPackaged" time="0.0" classname="com.distrimind.util.crypto.CryptoTests"/>
  <testcase name="testReadWriteDataPackaged" time="0.0" classname="com.distrimind.util.crypto.CryptoTests"/>
  <testcase name="testReadWriteDataPackaged" time="0.001" classname="com.distrimind.util.crypto.CryptoTests"/>
  <testcase name="testReadWriteDataPackaged" time="0.0" classname="com.distrimind.util.crypto.CryptoTests"/>
  <testcase name="testReadWriteDataPackaged" time="0.0" classname="com.distrimind.util.crypto.CryptoTests"/>
  <testcase name="testReadWriteDataPackaged" time="0.0" classname="com.distrimind.util.crypto.CryptoTests"/>
  <testcase name="testReadWriteDataPackaged" time="0.0" classname="com.distrimind.util.crypto.CryptoTests"/>
  <testcase name="testReadWriteDataPackaged" time="0.0" classname="com.distrimind.util.crypto.CryptoTests"/>
  <testcase name="testReadWriteDataPackaged" time="0.0" classname="com.distrimind.util.crypto.CryptoTests"/>
  <testcase name="testReadWriteDataPackaged" time="0.0" classname="com.distrimind.util.crypto.CryptoTests"/>
  <testcase name="testReadWriteDataPackaged" time="0.0" classname="com.distrimind.util.crypto.CryptoTests"/>
  <testcase name="testReadWriteDataPackaged" time="0.0" classname="com.distrimind.util.crypto.CryptoTests"/>
  <testcase name="testReadWriteDataPackaged" time="0.0" classname="com.distrimind.util.crypto.CryptoTests"/>
  <testcase name="testReadWriteDataPackaged" time="0.0" classname="com.distrimind.util.crypto.CryptoTests"/>
  <testcase name="testReadWriteDataPackaged" time="0.0" classname="com.distrimind.util.crypto.CryptoTests"/>
  <testcase name="testReadWriteDataPackaged" time="0.0" classname="com.distrimind.util.crypto.CryptoTests"/>
  <testcase name="testReadWriteDataPackaged" time="0.001" classname="com.distrimind.util.crypto.CryptoTests"/>
  <testcase name="testReadWriteDataPackaged" time="0.0" classname="com.distrimind.util.crypto.CryptoTests"/>
  <testcase name="testReadWriteDataPackaged" time="0.0" classname="com.distrimind.util.crypto.CryptoTests"/>
  <testcase name="testReadWriteDataPackaged" time="0.0" classname="com.distrimind.util.crypto.CryptoTests"/>
  <testcase name="testReadWriteDataPackaged" time="0.0" classname="com.distrimind.util.crypto.CryptoTests"/>
  <testcase name="testReadWriteDataPackaged" time="0.0" classname="com.distrimind.util.crypto.CryptoTests"/>
  <testcase name="testReadWriteDataPackaged" time="0.0" classname="com.distrimind.util.crypto.CryptoTests"/>
  <testcase name="testReadWriteDataPackaged" time="0.0" classname="com.distrimind.util.crypto.CryptoTests"/>
  <testcase name="testReadWriteDataPackaged" time="0.0" classname="com.distrimind.util.crypto.CryptoTests"/>
  <testcase name="testReadWriteDataPackaged" time="0.0" classname="com.distrimind.util.crypto.CryptoTests"/>
  <testcase name="testReadWriteDataPackaged" time="0.001" classname="com.distrimind.util.crypto.CryptoTests"/>
  <testcase name="testReadWriteDataPackaged" time="0.0" classname="com.distrimind.util.crypto.CryptoTests"/>
  <testcase name="testReadWriteDataPackaged" time="0.0" classname="com.distrimind.util.crypto.CryptoTests"/>
  <testcase name="testReadWriteDataPackaged" time="0.0" classname="com.distrimind.util.crypto.CryptoTests"/>
  <testcase name="testReadWriteDataPackaged" time="0.001" classname="com.distrimind.util.crypto.CryptoTests"/>
  <testcase name="testReadWriteDataPackaged" time="0.0" classname="com.distrimind.util.crypto.CryptoTests"/>
  <testcase name="testReadWriteDataPackaged" time="0.0" classname="com.distrimind.util.crypto.CryptoTests"/>
  <testcase name="testReadWriteDataPackaged" time="0.0" classname="com.distrimind.util.crypto.CryptoTests"/>
  <testcase name="testReadWriteDataPackaged" time="0.0" classname="com.distrimind.util.crypto.CryptoTests"/>
  <testcase name="testReadWriteDataPackaged" time="0.0" classname="com.distrimind.util.crypto.CryptoTests"/>
  <testcase name="testReadWriteDataPackaged" time="0.0" classname="com.distrimind.util.crypto.CryptoTests"/>
  <testcase name="testReadWriteDataPackaged" time="0.0" classname="com.distrimind.util.crypto.CryptoTests"/>
  <testcase name="testReadWriteDataPackaged" time="0.001" classname="com.distrimind.util.crypto.CryptoTests"/>
  <testcase name="testReadWriteDataPackaged" time="0.0" classname="com.distrimind.util.crypto.CryptoTests"/>
  <testcase name="testReadWriteDataPackaged" time="0.0" classname="com.distrimind.util.crypto.CryptoTests"/>
  <testcase name="testReadWriteDataPackaged" time="0.0" classname="com.distrimind.util.crypto.CryptoTests"/>
  <testcase name="testReadWriteDataPackaged" time="0.0" classname="com.distrimind.util.crypto.CryptoTests"/>
  <testcase name="testReadWriteDataPackaged" time="0.0" classname="com.distrimind.util.crypto.CryptoTests"/>
  <testcase name="testReadWriteDataPackaged" time="0.001" classname="com.distrimind.util.crypto.CryptoTests"/>
  <testcase name="testReadWriteDataPackaged" time="0.0" classname="com.distrimind.util.crypto.CryptoTests"/>
  <testcase name="testReadWriteDataPackaged" time="0.0" classname="com.distrimind.util.crypto.CryptoTests"/>
  <testcase name="testReadWriteDataPackaged" time="0.0" classname="com.distrimind.util.crypto.CryptoTests"/>
  <testcase name="testReadWriteDataPackaged" time="0.001" classname="com.distrimind.util.crypto.CryptoTests"/>
  <testcase name="testReadWriteDataPackaged" time="0.0" classname="com.distrimind.util.crypto.CryptoTests"/>
  <testcase name="testReadWriteDataPackaged" time="0.0" classname="com.distrimind.util.crypto.CryptoTests"/>
  <testcase name="testReadWriteDataPackaged" time="0.0" classname="com.distrimind.util.crypto.CryptoTests"/>
  <testcase name="testReadWriteDataPackaged" time="0.0" classname="com.distrimind.util.crypto.CryptoTests"/>
  <testcase name="testReadWriteDataPackaged" time="0.001" classname="com.distrimind.util.crypto.CryptoTests"/>
  <testcase name="testReadWriteDataPackaged" time="0.0" classname="com.distrimind.util.crypto.CryptoTests"/>
  <testcase name="testReadWriteDataPackaged" time="0.001" classname="com.distrimind.util.crypto.CryptoTests"/>
  <testcase name="testReadWriteDataPackaged" time="0.0" classname="com.distrimind.util.crypto.CryptoTests"/>
  <testcase name="testReadWriteDataPackaged" time="0.001" classname="com.distrimind.util.crypto.CryptoTests"/>
  <testcase name="testReadWriteDataPackaged" time="0.0" classname="com.distrimind.util.crypto.CryptoTests"/>
  <testcase name="testReadWriteDataPackaged" time="0.0" classname="com.distrimind.util.crypto.CryptoTests"/>
  <testcase name="testReadWriteDataPackaged" time="0.0" classname="com.distrimind.util.crypto.CryptoTests"/>
  <testcase name="testReadWriteDataPackaged" time="0.001" classname="com.distrimind.util.crypto.CryptoTests"/>
  <testcase name="testReadWriteDataPackaged" time="0.0" classname="com.distrimind.util.crypto.CryptoTests"/>
  <testcase name="testReadWriteDataPackaged" time="0.0" classname="com.distrimind.util.crypto.CryptoTests"/>
  <testcase name="testReadWriteDataPackaged" time="0.0" classname="com.distrimind.util.crypto.CryptoTests"/>
  <testcase name="testReadWriteDataPackaged" time="0.001" classname="com.distrimind.util.crypto.CryptoTests"/>
  <testcase name="testReadWriteDataPackaged" time="0.0" classname="com.distrimind.util.crypto.CryptoTests"/>
  <testcase name="testReadWriteDataPackaged" time="0.0" classname="com.distrimind.util.crypto.CryptoTests"/>
  <testcase name="testReadWriteDataPackaged" time="0.001" classname="com.distrimind.util.crypto.CryptoTests"/>
  <testcase name="testReadWriteDataPackaged" time="0.0" classname="com.distrimind.util.crypto.CryptoTests"/>
  <testcase name="testReadWriteDataPackaged" time="0.0" classname="com.distrimind.util.crypto.CryptoTests"/>
  <testcase name="testReadWriteDataPackaged" time="0.0" classname="com.distrimind.util.crypto.CryptoTests"/>
  <testcase name="testReadWriteDataPackaged" time="0.0" classname="com.distrimind.util.crypto.CryptoTests"/>
  <testcase name="testReadWriteDataPackaged" time="0.001" classname="com.distrimind.util.crypto.CryptoTests"/>
  <testcase name="testReadWriteDataPackaged" time="0.0" classname="com.distrimind.util.crypto.CryptoTests"/>
  <testcase name="testReadWriteDataPackaged" time="0.0" classname="com.distrimind.util.crypto.CryptoTests"/>
  <testcase name="testReadWriteDataPackaged" time="0.0" classname="com.distrimind.util.crypto.CryptoTests"/>
  <testcase name="testReadWriteDataPackaged" time="0.0" classname="com.distrimind.util.crypto.CryptoTests"/>
  <testcase name="testReadWriteDataPackaged" time="0.0" classname="com.distrimind.util.crypto.CryptoTests"/>
  <testcase name="testReadWriteDataPackaged" time="0.001" classname="com.distrimind.util.crypto.CryptoTests"/>
  <testcase name="testReadWriteDataPackaged" time="0.0" classname="com.distrimind.util.crypto.CryptoTests"/>
  <testcase name="testReadWriteDataPackaged" time="0.0" classname="com.distrimind.util.crypto.CryptoTests"/>
  <testcase name="testReadWriteDataPackaged" time="0.0" classname="com.distrimind.util.crypto.CryptoTests"/>
  <testcase name="testReadWriteDataPackaged" time="0.001" classname="com.distrimind.util.crypto.CryptoTests"/>
  <testcase name="testReadWriteDataPackaged" time="0.0" classname="com.distrimind.util.crypto.CryptoTests"/>
  <testcase name="testReadWriteDataPackaged" time="0.0" classname="com.distrimind.util.crypto.CryptoTests"/>
  <testcase name="testReadWriteDataPackaged" time="0.001" classname="com.distrimind.util.crypto.CryptoTests"/>
  <testcase name="testReadWriteDataPackaged" time="0.0" classname="com.distrimind.util.crypto.CryptoTests"/>
  <testcase name="testReadWriteDataPackaged" time="0.0" classname="com.distrimind.util.crypto.CryptoTests"/>
  <testcase name="testReadWriteDataPackaged" time="0.0" classname="com.distrimind.util.crypto.CryptoTests"/>
  <testcase name="testReadWriteDataPackaged" time="0.001" classname="com.distrimind.util.crypto.CryptoTests"/>
  <testcase name="testReadWriteDataPackaged" time="0.0" classname="com.distrimind.util.crypto.CryptoTests"/>
  <testcase name="testReadWriteDataPackaged" time="0.0" classname="com.distrimind.util.crypto.CryptoTests"/>
  <testcase name="testReadWriteDataPackaged" time="0.001" classname="com.distrimind.util.crypto.CryptoTests"/>
  <testcase name="testReadWriteDataPackaged" time="0.0" classname="com.distrimind.util.crypto.CryptoTests"/>
  <testcase name="testReadWriteDataPackaged" time="0.0" classname="com.distrimind.util.crypto.CryptoTests"/>
  <testcase name="testReadWriteDataPackaged" time="0.0" classname="com.distrimind.util.crypto.CryptoTests"/>
  <testcase name="testReadWriteDataPackaged" time="0.0" classname="com.distrimind.util.crypto.CryptoTests"/>
  <testcase name="testReadWriteDataPackaged" time="0.0" classname="com.distrimind.util.crypto.CryptoTests"/>
  <testcase name="testReadWriteDataPackaged" time="0.001" classname="com.distrimind.util.crypto.CryptoTests"/>
  <testcase name="testReadWriteDataPackaged" time="0.0" classname="com.distrimind.util.crypto.CryptoTests"/>
  <testcase name="testReadWriteDataPackaged" time="0.001" classname="com.distrimind.util.crypto.CryptoTests"/>
  <testcase name="testReadWriteDataPackaged" time="0.0" classname="com.distrimind.util.crypto.CryptoTests"/>
  <testcase name="testReadWriteDataPackaged" time="0.0" classname="com.distrimind.util.crypto.CryptoTests"/>
  <testcase name="testReadWriteDataPackaged" time="0.0" classname="com.distrimind.util.crypto.CryptoTests"/>
  <testcase name="testReadWriteDataPackaged" time="0.0" classname="com.distrimind.util.crypto.CryptoTests"/>
  <testcase name="testReadWriteDataPackaged" time="0.0" classname="com.distrimind.util.crypto.CryptoTests"/>
  <testcase name="testReadWriteDataPackaged" time="0.0" classname="com.distrimind.util.crypto.CryptoTests"/>
  <testcase name="testReadWriteDataPackaged" time="0.001" classname="com.distrimind.util.crypto.CryptoTests"/>
  <testcase name="testReadWriteDataPackaged" time="0.0" classname="com.distrimind.util.crypto.CryptoTests"/>
  <testcase name="testReadWriteDataPackaged" time="0.0" classname="com.distrimind.util.crypto.CryptoTests"/>
  <testcase name="testReadWriteDataPackaged" time="0.0" classname="com.distrimind.util.crypto.CryptoTests"/>
  <testcase name="testReadWriteDataPackaged" time="0.0" classname="com.distrimind.util.crypto.CryptoTests"/>
  <testcase name="testReadWriteDataPackaged" time="0.0" classname="com.distrimind.util.crypto.CryptoTests"/>
  <testcase name="testReadWriteDataPackaged" time="0.001" classname="com.distrimind.util.crypto.CryptoTests"/>
  <testcase name="testReadWriteDataPackaged" time="0.0" classname="com.distrimind.util.crypto.CryptoTests"/>
  <testcase name="testReadWriteDataPackaged" time="0.0" classname="com.distrimind.util.crypto.CryptoTests"/>
  <testcase name="testReadWriteDataPackaged" time="0.0" classname="com.distrimind.util.crypto.CryptoTests"/>
  <testcase name="testReadWriteDataPackaged" time="0.0" classname="com.distrimind.util.crypto.CryptoTests"/>
  <testcase name="testReadWriteDataPackaged" time="0.0" classname="com.distrimind.util.crypto.CryptoTests"/>
  <testcase name="testReadWriteDataPackaged" time="0.0" classname="com.distrimind.util.crypto.CryptoTests"/>
  <testcase name="testReadWriteDataPackaged" time="0.0" classname="com.distrimind.util.crypto.CryptoTests"/>
  <testcase name="testReadWriteDataPackaged" time="0.0" classname="com.distrimind.util.crypto.CryptoTests"/>
  <testcase name="testReadWriteDataPackaged" time="0.0" classname="com.distrimind.util.crypto.CryptoTests"/>
  <testcase name="testReadWriteDataPackaged" time="0.0" classname="com.distrimind.util.crypto.CryptoTests"/>
  <testcase name="testReadWriteDataPackaged" time="0.0" classname="com.distrimind.util.crypto.CryptoTests"/>
  <testcase name="testReadWriteDataPackaged" time="0.0" classname="com.distrimind.util.crypto.CryptoTests"/>
  <testcase name="testReadWriteDataPackaged" time="0.0" classname="com.distrimind.util.crypto.CryptoTests"/>
  <testcase name="testReadWriteDataPackaged" time="0.001" classname="com.distrimind.util.crypto.CryptoTests"/>
  <testcase name="testReadWriteDataPackaged" time="0.0" classname="com.distrimind.util.crypto.CryptoTests"/>
  <testcase name="testReadWriteDataPackaged" time="0.0" classname="com.distrimind.util.crypto.CryptoTests"/>
  <testcase name="testReadWriteDataPackaged" time="0.001" classname="com.distrimind.util.crypto.CryptoTests"/>
  <testcase name="testReadWriteDataPackaged" time="0.0" classname="com.distrimind.util.crypto.CryptoTests"/>
  <testcase name="testReadWriteDataPackaged" time="0.0" classname="com.distrimind.util.crypto.CryptoTests"/>
  <testcase name="testReadWriteDataPackaged" time="0.001" classname="com.distrimind.util.crypto.CryptoTests"/>
  <testcase name="testReadWriteDataPackaged" time="0.0" classname="com.distrimind.util.crypto.CryptoTests"/>
  <testcase name="testReadWriteDataPackaged" time="0.0" classname="com.distrimind.util.crypto.CryptoTests"/>
  <testcase name="testReadWriteDataPackaged" time="0.001" classname="com.distrimind.util.crypto.CryptoTests"/>
  <testcase name="testReadWriteDataPackaged" time="0.0" classname="com.distrimind.util.crypto.CryptoTests"/>
  <testcase name="testReadWriteDataPackaged" time="0.0" classname="com.distrimind.util.crypto.CryptoTests"/>
  <testcase name="testReadWriteDataPackaged" time="0.0" classname="com.distrimind.util.crypto.CryptoTests"/>
  <testcase name="testReadWriteDataPackaged" time="0.001" classname="com.distrimind.util.crypto.CryptoTests"/>
  <testcase name="testReadWriteDataPackaged" time="0.0" classname="com.distrimind.util.crypto.CryptoTests"/>
  <testcase name="testReadWriteDataPackaged" time="0.0" classname="com.distrimind.util.crypto.CryptoTests"/>
  <testcase name="testReadWriteDataPackaged" time="0.001" classname="com.distrimind.util.crypto.CryptoTests"/>
  <testcase name="testReadWriteDataPackaged" time="0.0" classname="com.distrimind.util.crypto.CryptoTests"/>
  <testcase name="testReadWriteDataPackaged" time="0.001" classname="com.distrimind.util.crypto.CryptoTests"/>
  <testcase name="testReadWriteDataPackaged" time="0.0" classname="com.distrimind.util.crypto.CryptoTests"/>
  <testcase name="testReadWriteDataPackaged" time="0.0" classname="com.distrimind.util.crypto.CryptoTests"/>
  <testcase name="testReadWriteDataPackaged" time="0.001" classname="com.distrimind.util.crypto.CryptoTests"/>
  <testcase name="testReadWriteDataPackaged" time="0.0" classname="com.distrimind.util.crypto.CryptoTests"/>
  <testcase name="testReadWriteDataPackaged" time="0.0" classname="com.distrimind.util.crypto.CryptoTests"/>
  <testcase name="testReadWriteDataPackaged" time="0.001" classname="com.distrimind.util.crypto.CryptoTests"/>
  <testcase name="testReadWriteDataPackaged" time="0.0" classname="com.distrimind.util.crypto.CryptoTests"/>
  <testcase name="testReadWriteDataPackaged" time="0.0" classname="com.distrimind.util.crypto.CryptoTests"/>
  <testcase name="testReadWriteDataPackaged" time="0.0" classname="com.distrimind.util.crypto.CryptoTests"/>
  <testcase name="testReadWriteDataPackaged" time="0.001" classname="com.distrimind.util.crypto.CryptoTests"/>
  <testcase name="testReadWriteDataPackaged" time="0.0" classname="com.distrimind.util.crypto.CryptoTests"/>
  <testcase name="testReadWriteDataPackaged" time="0.0" classname="com.distrimind.util.crypto.CryptoTests"/>
  <testcase name="testReadWriteDataPackaged" time="0.0" classname="com.distrimind.util.crypto.CryptoTests"/>
  <testcase name="testReadWriteDataPackaged" time="0.001" classname="com.distrimind.util.crypto.CryptoTests"/>
  <testcase name="testReadWriteDataPackaged" time="0.0" classname="com.distrimind.util.crypto.CryptoTests"/>
  <testcase name="testReadWriteDataPackaged" time="0.001" classname="com.distrimind.util.crypto.CryptoTests"/>
  <testcase name="testReadWriteDataPackaged" time="0.0" classname="com.distrimind.util.crypto.CryptoTests"/>
  <testcase name="testReadWriteDataPackaged" time="0.001" classname="com.distrimind.util.crypto.CryptoTests"/>
  <testcase name="testReadWriteDataPackaged" time="0.0" classname="com.distrimind.util.crypto.CryptoTests"/>
  <testcase name="testReadWriteDataPackaged" time="0.001" classname="com.distrimind.util.crypto.CryptoTests"/>
  <testcase name="testReadWriteDataPackaged" time="0.0" classname="com.distrimind.util.crypto.CryptoTests"/>
  <testcase name="testReadWriteDataPackaged" time="0.0" classname="com.distrimind.util.crypto.CryptoTests"/>
  <testcase name="testReadWriteDataPackaged" time="0.0" classname="com.distrimind.util.crypto.CryptoTests"/>
  <testcase name="testReadWriteDataPackaged" time="0.001" classname="com.distrimind.util.crypto.CryptoTests"/>
  <testcase name="testReadWriteDataPackaged" time="0.0" classname="com.distrimind.util.crypto.CryptoTests"/>
  <testcase name="testReadWriteDataPackaged" time="0.0" classname="com.distrimind.util.crypto.CryptoTests"/>
  <testcase name="testReadWriteDataPackaged" time="0.0" classname="com.distrimind.util.crypto.CryptoTests"/>
  <testcase name="testReadWriteDataPackaged" time="0.001" classname="com.distrimind.util.crypto.CryptoTests"/>
  <testcase name="testReadWriteDataPackaged" time="0.0" classname="com.distrimind.util.crypto.CryptoTests"/>
  <testcase name="testReadWriteDataPackaged" time="0.0" classname="com.distrimind.util.crypto.CryptoTests"/>
  <testcase name="testReadWriteDataPackaged" time="0.0" classname="com.distrimind.util.crypto.CryptoTests"/>
  <testcase name="testReadWriteDataPackaged" time="0.0" classname="com.distrimind.util.crypto.CryptoTests"/>
  <testcase name="testReadWriteDataPackaged" time="0.0" classname="com.distrimind.util.crypto.CryptoTests"/>
  <testcase name="testReadWriteDataPackaged" time="0.0" classname="com.distrimind.util.crypto.CryptoTests"/>
  <testcase name="testReadWriteDataPackaged" time="0.0" classname="com.distrimind.util.crypto.CryptoTests"/>
  <testcase name="testReadWriteDataPackaged" time="0.001" classname="com.distrimind.util.crypto.CryptoTests"/>
  <testcase name="testReadWriteDataPackaged" time="0.0" classname="com.distrimind.util.crypto.CryptoTests"/>
  <testcase name="testReadWriteDataPackaged" time="0.0" classname="com.distrimind.util.crypto.CryptoTests"/>
  <testcase name="testReadWriteDataPackaged" time="0.0" classname="com.distrimind.util.crypto.CryptoTests"/>
  <testcase name="testReadWriteDataPackaged" time="0.0" classname="com.distrimind.util.crypto.CryptoTests"/>
  <testcase name="testReadWriteDataPackaged" time="0.0" classname="com.distrimind.util.crypto.CryptoTests"/>
  <testcase name="testReadWriteDataPackaged" time="0.0" classname="com.distrimind.util.crypto.CryptoTests"/>
  <testcase name="testReadWriteDataPackaged" time="0.0" classname="com.distrimind.util.crypto.CryptoTests"/>
  <testcase name="testReadWriteDataPackaged" time="0.0" classname="com.distrimind.util.crypto.CryptoTests"/>
  <testcase name="testReadWriteDataPackaged" time="0.0" classname="com.distrimind.util.crypto.CryptoTests"/>
  <testcase name="testReadWriteDataPackaged" time="0.0" classname="com.distrimind.util.crypto.CryptoTests"/>
  <testcase name="testReadWriteDataPackaged" time="0.001" classname="com.distrimind.util.crypto.CryptoTests"/>
  <testcase name="testReadWriteDataPackaged" time="0.0" classname="com.distrimind.util.crypto.CryptoTests"/>
  <testcase name="testReadWriteDataPackaged" time="0.0" classname="com.distrimind.util.crypto.CryptoTests"/>
  <testcase name="testReadWriteDataPackaged" time="0.001" classname="com.distrimind.util.crypto.CryptoTests"/>
  <testcase name="testReadWriteDataPackaged" time="0.0" classname="com.distrimind.util.crypto.CryptoTests"/>
  <testcase name="testReadWriteDataPackaged" time="0.0" classname="com.distrimind.util.crypto.CryptoTests"/>
  <testcase name="testReadWriteDataPackaged" time="0.0" classname="com.distrimind.util.crypto.CryptoTests"/>
  <testcase name="testReadWriteDataPackaged" time="0.001" classname="com.distrimind.util.crypto.CryptoTests"/>
  <testcase name="testReadWriteDataPackaged" time="0.0" classname="com.distrimind.util.crypto.CryptoTests"/>
  <testcase name="testReadWriteDataPackaged" time="0.001" classname="com.distrimind.util.crypto.CryptoTests"/>
  <testcase name="testReadWriteDataPackaged" time="0.0" classname="com.distrimind.util.crypto.CryptoTests"/>
  <testcase name="testReadWriteDataPackaged" time="0.0" classname="com.distrimind.util.crypto.CryptoTests"/>
  <testcase name="testReadWriteDataPackaged" time="0.0" classname="com.distrimind.util.crypto.CryptoTests"/>
  <testcase name="testReadWriteDataPackaged" time="0.0" classname="com.distrimind.util.crypto.CryptoTests"/>
  <testcase name="testReadWriteDataPackaged" time="0.0" classname="com.distrimind.util.crypto.CryptoTests"/>
  <testcase name="testReadWriteDataPackaged" time="0.0" classname="com.distrimind.util.crypto.CryptoTests"/>
  <testcase name="testReadWriteDataPackaged" time="0.0" classname="com.distrimind.util.crypto.CryptoTests"/>
  <testcase name="testReadWriteDataPackaged" time="0.0" classname="com.distrimind.util.crypto.CryptoTests"/>
  <testcase name="testReadWriteDataPackaged" time="0.0" classname="com.distrimind.util.crypto.CryptoTests"/>
  <testcase name="testReadWriteDataPackaged" time="0.001" classname="com.distrimind.util.crypto.CryptoTests"/>
  <testcase name="testReadWriteDataPackaged" time="0.0" classname="com.distrimind.util.crypto.CryptoTests"/>
  <testcase name="testReadWriteDataPackaged" time="0.0" classname="com.distrimind.util.crypto.CryptoTests"/>
  <testcase name="testReadWriteDataPackaged" time="0.0" classname="com.distrimind.util.crypto.CryptoTests"/>
  <testcase name="testReadWriteDataPackaged" time="0.0" classname="com.distrimind.util.crypto.CryptoTests"/>
  <testcase name="testReadWriteDataPackaged" time="0.0" classname="com.distrimind.util.crypto.CryptoTests"/>
  <testcase name="testReadWriteDataPackaged" time="0.0" classname="com.distrimind.util.crypto.CryptoTests"/>
  <testcase name="testReadWriteDataPackaged" time="0.0" classname="com.distrimind.util.crypto.CryptoTests"/>
  <testcase name="testReadWriteDataPackaged" time="0.0" classname="com.distrimind.util.crypto.CryptoTests"/>
  <testcase name="testReadWriteDataPackaged" time="0.0" classname="com.distrimind.util.crypto.CryptoTests"/>
  <testcase name="testReadWriteDataPackaged" time="0.0" classname="com.distrimind.util.crypto.CryptoTests"/>
  <testcase name="testReadWriteDataPackaged" time="0.001" classname="com.distrimind.util.crypto.CryptoTests"/>
  <testcase name="testReadWriteDataPackaged" time="0.0" classname="com.distrimind.util.crypto.CryptoTests"/>
  <testcase name="testReadWriteDataPackaged" time="0.0" classname="com.distrimind.util.crypto.CryptoTests"/>
  <testcase name="testReadWriteDataPackaged" time="0.0" classname="com.distrimind.util.crypto.CryptoTests"/>
  <testcase name="testReadWriteDataPackaged" time="0.001" classname="com.distrimind.util.crypto.CryptoTests"/>
  <testcase name="testReadWriteDataPackaged" time="0.0" classname="com.distrimind.util.crypto.CryptoTests"/>
  <testcase name="testReadWriteDataPackaged" time="0.001" classname="com.distrimind.util.crypto.CryptoTests"/>
  <testcase name="testReadWriteDataPackaged" time="0.0" classname="com.distrimind.util.crypto.CryptoTests"/>
  <testcase name="testReadWriteDataPackaged" time="0.0" classname="com.distrimind.util.crypto.CryptoTests"/>
  <testcase name="testReadWriteDataPackaged" time="0.001" classname="com.distrimind.util.crypto.CryptoTests"/>
  <testcase name="testReadWriteDataPackaged" time="0.0" classname="com.distrimind.util.crypto.CryptoTests"/>
  <testcase name="testReadWriteDataPackaged" time="0.0" classname="com.distrimind.util.crypto.CryptoTests"/>
  <testcase name="testReadWriteDataPackaged" time="0.0" classname="com.distrimind.util.crypto.CryptoTests"/>
  <testcase name="testReadWriteDataPackaged" time="0.0" classname="com.distrimind.util.crypto.CryptoTests"/>
  <testcase name="testReadWriteDataPackaged" time="0.0" classname="com.distrimind.util.crypto.CryptoTests"/>
  <testcase name="testReadWriteDataPackaged" time="0.0" classname="com.distrimind.util.crypto.CryptoTests"/>
  <testcase name="testReadWriteDataPackaged" time="0.0" classname="com.distrimind.util.crypto.CryptoTests"/>
  <testcase name="testReadWriteDataPackaged" time="0.0" classname="com.distrimind.util.crypto.CryptoTests"/>
  <testcase name="testReadWriteDataPackaged" time="0.0" classname="com.distrimind.util.crypto.CryptoTests"/>
  <testcase name="testReadWriteDataPackaged" time="0.0" classname="com.distrimind.util.crypto.CryptoTests"/>
  <testcase name="testReadWriteDataPackaged" time="0.0" classname="com.distrimind.util.crypto.CryptoTests"/>
  <testcase name="testReadWriteDataPackaged" time="0.0" classname="com.distrimind.util.crypto.CryptoTests"/>
  <testcase name="testReadWriteDataPackaged" time="0.0" classname="com.distrimind.util.crypto.CryptoTests"/>
  <testcase name="testReadWriteDataPackaged" time="0.0" classname="com.distrimind.util.crypto.CryptoTests"/>
  <testcase name="testReadWriteDataPackaged" time="0.0" classname="com.distrimind.util.crypto.CryptoTests"/>
  <testcase name="testReadWriteDataPackaged" time="0.0" classname="com.distrimind.util.crypto.CryptoTests"/>
  <testcase name="testReadWriteDataPackaged" time="0.0" classname="com.distrimind.util.crypto.CryptoTests"/>
  <testcase name="testReadWriteDataPackaged" time="0.0" classname="com.distrimind.util.crypto.CryptoTests"/>
  <testcase name="testReadWriteDataPackaged" time="0.0" classname="com.distrimind.util.crypto.CryptoTests"/>
  <testcase name="testReadWriteDataPackaged" time="0.0" classname="com.distrimind.util.crypto.CryptoTests"/>
  <testcase name="testReadWriteDataPackaged" time="0.0" classname="com.distrimind.util.crypto.CryptoTests"/>
  <testcase name="testReadWriteDataPackaged" time="0.001" classname="com.distrimind.util.crypto.CryptoTests"/>
  <testcase name="testReadWriteDataPackaged" time="0.0" classname="com.distrimind.util.crypto.CryptoTests"/>
  <testcase name="testReadWriteDataPackaged" time="0.0" classname="com.distrimind.util.crypto.CryptoTests"/>
  <testcase name="testReadWriteDataPackaged" time="0.0" classname="com.distrimind.util.crypto.CryptoTests"/>
  <testcase name="testReadWriteDataPackaged" time="0.001" classname="com.distrimind.util.crypto.CryptoTests"/>
  <testcase name="testReadWriteDataPackaged" time="0.0" classname="com.distrimind.util.crypto.CryptoTests"/>
  <testcase name="testReadWriteDataPackaged" time="0.0" classname="com.distrimind.util.crypto.CryptoTests"/>
  <testcase name="testReadWriteDataPackaged" time="0.0" classname="com.distrimind.util.crypto.CryptoTests"/>
  <testcase name="testReadWriteDataPackaged" time="0.0" classname="com.distrimind.util.crypto.CryptoTests"/>
  <testcase name="testReadWriteDataPackaged" time="0.0" classname="com.distrimind.util.crypto.CryptoTests"/>
  <testcase name="testReadWriteDataPackaged" time="0.0" classname="com.distrimind.util.crypto.CryptoTests"/>
  <testcase name="testReadWriteDataPackaged" time="0.0" classname="com.distrimind.util.crypto.CryptoTests"/>
  <testcase name="testReadWriteDataPackaged" time="0.0" classname="com.distrimind.util.crypto.CryptoTests"/>
  <testcase name="testReadWriteDataPackaged" time="0.0" classname="com.distrimind.util.crypto.CryptoTests"/>
  <testcase name="testReadWriteDataPackaged" time="0.0" classname="com.distrimind.util.crypto.CryptoTests"/>
  <testcase name="testReadWriteDataPackaged" time="0.0" classname="com.distrimind.util.crypto.CryptoTests"/>
  <testcase name="testReadWriteDataPackaged" time="0.0" classname="com.distrimind.util.crypto.CryptoTests"/>
  <testcase name="testReadWriteDataPackaged" time="0.0" classname="com.distrimind.util.crypto.CryptoTests"/>
  <testcase name="testReadWriteDataPackaged" time="0.0" classname="com.distrimind.util.crypto.CryptoTests"/>
  <testcase name="testReadWriteDataPackaged" time="0.0" classname="com.distrimind.util.crypto.CryptoTests"/>
  <testcase name="testReadWriteDataPackaged" time="0.0" classname="com.distrimind.util.crypto.CryptoTests"/>
  <testcase name="testReadWriteDataPackaged" time="0.001" classname="com.distrimind.util.crypto.CryptoTests"/>
  <testcase name="testReadWriteDataPackaged" time="0.0" classname="com.distrimind.util.crypto.CryptoTests"/>
  <testcase name="testReadWriteDataPackaged" time="0.0" classname="com.distrimind.util.crypto.CryptoTests"/>
  <testcase name="testReadWriteDataPackaged" time="0.0" classname="com.distrimind.util.crypto.CryptoTests"/>
  <testcase name="testReadWriteDataPackaged" time="0.0" classname="com.distrimind.util.crypto.CryptoTests"/>
  <testcase name="testReadWriteDataPackaged" time="0.0" classname="com.distrimind.util.crypto.CryptoTests"/>
  <testcase name="testReadWriteDataPackaged" time="0.0" classname="com.distrimind.util.crypto.CryptoTests"/>
  <testcase name="testReadWriteDataPackaged" time="0.001" classname="com.distrimind.util.crypto.CryptoTests"/>
  <testcase name="testReadWriteDataPackaged" time="0.0" classname="com.distrimind.util.crypto.CryptoTests"/>
  <testcase name="testReadWriteDataPackaged" time="0.0" classname="com.distrimind.util.crypto.CryptoTests"/>
  <testcase name="testReadWriteDataPackaged" time="0.0" classname="com.distrimind.util.crypto.CryptoTests"/>
  <testcase name="testReadWriteDataPackaged" time="0.001" classname="com.distrimind.util.crypto.CryptoTests"/>
  <testcase name="testReadWriteDataPackaged" time="0.0" classname="com.distrimind.util.crypto.CryptoTests"/>
  <testcase name="testReadWriteDataPackaged" time="0.0" classname="com.distrimind.util.crypto.CryptoTests"/>
  <testcase name="testReadWriteDataPackaged" time="0.0" classname="com.distrimind.util.crypto.CryptoTests"/>
  <testcase name="testReadWriteDataPackaged" time="0.0" classname="com.distrimind.util.crypto.CryptoTests"/>
  <testcase name="testReadWriteDataPackaged" time="0.0" classname="com.distrimind.util.crypto.CryptoTests"/>
  <testcase name="testReadWriteDataPackaged" time="0.0" classname="com.distrimind.util.crypto.CryptoTests"/>
  <testcase name="testReadWriteDataPackaged" time="0.0" classname="com.distrimind.util.crypto.CryptoTests"/>
  <testcase name="testReadWriteDataPackaged" time="0.0" classname="com.distrimind.util.crypto.CryptoTests"/>
  <testcase name="testReadWriteDataPackaged" time="0.0" classname="com.distrimind.util.crypto.CryptoTests"/>
  <testcase name="testReadWriteDataPackaged" time="0.001" classname="com.distrimind.util.crypto.CryptoTests"/>
  <testcase name="testReadWriteDataPackaged" time="0.0" classname="com.distrimind.util.crypto.CryptoTests"/>
  <testcase name="testReadWriteDataPackaged" time="0.001" classname="com.distrimind.util.crypto.CryptoTests"/>
  <testcase name="testReadWriteDataPackaged" time="0.0" classname="com.distrimind.util.crypto.CryptoTests"/>
  <testcase name="testReadWriteDataPackaged" time="0.0" classname="com.distrimind.util.crypto.CryptoTests"/>
  <testcase name="testReadWriteDataPackaged" time="0.0" classname="com.distrimind.util.crypto.CryptoTests"/>
  <testcase name="testReadWriteDataPackaged" time="0.001" classname="com.distrimind.util.crypto.CryptoTests"/>
  <testcase name="testReadWriteDataPackaged" time="0.0" classname="com.distrimind.util.crypto.CryptoTests"/>
  <testcase name="testReadWriteDataPackaged" time="0.0" classname="com.distrimind.util.crypto.CryptoTests"/>
  <testcase name="testReadWriteDataPackaged" time="0.0" classname="com.distrimind.util.crypto.CryptoTests"/>
  <testcase name="testReadWriteDataPackaged" time="0.0" classname="com.distrimind.util.crypto.CryptoTests"/>
  <testcase name="testReadWriteDataPackaged" time="0.001" classname="com.distrimind.util.crypto.CryptoTests"/>
  <testcase name="testReadWriteDataPackaged" time="0.0" classname="com.distrimind.util.crypto.CryptoTests"/>
  <testcase name="testReadWriteDataPackaged" time="0.0" classname="com.distrimind.util.crypto.CryptoTests"/>
  <testcase name="testReadWriteDataPackaged" time="0.0" classname="com.distrimind.util.crypto.CryptoTests"/>
  <testcase name="testReadWriteDataPackaged" time="0.0" classname="com.distrimind.util.crypto.CryptoTests"/>
  <testcase name="testReadWriteDataPackaged" time="0.0" classname="com.distrimind.util.crypto.CryptoTests"/>
  <testcase name="testReadWriteDataPackaged" time="0.0" classname="com.distrimind.util.crypto.CryptoTests"/>
  <testcase name="testReadWriteDataPackaged" time="0.0" classname="com.distrimind.util.crypto.CryptoTests"/>
  <testcase name="testReadWriteDataPackaged" time="0.0" classname="com.distrimind.util.crypto.CryptoTests"/>
  <testcase name="testReadWriteDataPackaged" time="0.0" classname="com.distrimind.util.crypto.CryptoTests"/>
  <testcase name="testReadWriteDataPackaged" time="0.0" classname="com.distrimind.util.crypto.CryptoTests"/>
  <testcase name="testReadWriteDataPackaged" time="0.0" classname="com.distrimind.util.crypto.CryptoTests"/>
  <testcase name="testReadWriteDataPackaged" time="0.0" classname="com.distrimind.util.crypto.CryptoTests"/>
  <testcase name="testReadWriteDataPackaged" time="0.0" classname="com.distrimind.util.crypto.CryptoTests"/>
  <testcase name="testReadWriteDataPackaged" time="0.0" classname="com.distrimind.util.crypto.CryptoTests"/>
  <testcase name="testReadWriteDataPackaged" time="0.001" classname="com.distrimind.util.crypto.CryptoTests"/>
  <testcase name="testReadWriteDataPackaged" time="0.0" classname="com.distrimind.util.crypto.CryptoTests"/>
  <testcase name="testReadWriteDataPackaged" time="0.0" classname="com.distrimind.util.crypto.CryptoTests"/>
  <testcase name="testReadWriteDataPackaged" time="0.0" classname="com.distrimind.util.crypto.CryptoTests"/>
  <testcase name="testReadWriteDataPackaged" time="0.001" classname="com.distrimind.util.crypto.CryptoTests"/>
  <testcase name="testReadWriteDataPackaged" time="0.0" classname="com.distrimind.util.crypto.CryptoTests"/>
  <testcase name="testReadWriteDataPackaged" time="0.0" classname="com.distrimind.util.crypto.CryptoTests"/>
  <testcase name="testReadWriteDataPackaged" time="0.0" classname="com.distrimind.util.crypto.CryptoTests"/>
  <testcase name="testReadWriteDataPackaged" time="0.0" classname="com.distrimind.util.crypto.CryptoTests"/>
  <testcase name="testReadWriteDataPackaged" time="0.001" classname="com.distrimind.util.crypto.CryptoTests"/>
  <testcase name="testReadWriteDataPackaged" time="0.0" classname="com.distrimind.util.crypto.CryptoTests"/>
  <testcase name="testReadWriteDataPackaged" time="0.0" classname="com.distrimind.util.crypto.CryptoTests"/>
  <testcase name="testReadWriteDataPackaged" time="0.0" classname="com.distrimind.util.crypto.CryptoTests"/>
  <testcase name="testReadWriteDataPackaged" time="0.0" classname="com.distrimind.util.crypto.CryptoTests"/>
  <testcase name="testReadWriteDataPackaged" time="0.0" classname="com.distrimind.util.crypto.CryptoTests"/>
  <testcase name="testReadWriteDataPackaged" time="0.0" classname="com.distrimind.util.crypto.CryptoTests"/>
  <testcase name="testReadWriteDataPackaged" time="0.001" classname="com.distrimind.util.crypto.CryptoTests"/>
  <testcase name="testReadWriteDataPackaged" time="0.0" classname="com.distrimind.util.crypto.CryptoTests"/>
  <testcase name="testReadWriteDataPackaged" time="0.0" classname="com.distrimind.util.crypto.CryptoTests"/>
  <testcase name="testReadWriteDataPackaged" time="0.0" classname="com.distrimind.util.crypto.CryptoTests"/>
  <testcase name="testReadWriteDataPackaged" time="0.001" classname="com.distrimind.util.crypto.CryptoTests"/>
  <testcase name="testReadWriteDataPackaged" time="0.0" classname="com.distrimind.util.crypto.CryptoTests"/>
  <testcase name="testReadWriteDataPackaged" time="0.0" classname="com.distrimind.util.crypto.CryptoTests"/>
  <testcase name="testReadWriteDataPackaged" time="0.001" classname="com.distrimind.util.crypto.CryptoTests"/>
  <testcase name="testReadWriteDataPackaged" time="0.0" classname="com.distrimind.util.crypto.CryptoTests"/>
  <testcase name="testReadWriteDataPackaged" time="0.0" classname="com.distrimind.util.crypto.CryptoTests"/>
  <testcase name="testReadWriteDataPackaged" time="0.0" classname="com.distrimind.util.crypto.CryptoTests"/>
  <testcase name="testReadWriteDataPackaged" time="0.0" classname="com.distrimind.util.crypto.CryptoTests"/>
  <testcase name="testReadWriteDataPackaged" time="0.0" classname="com.distrimind.util.crypto.CryptoTests"/>
  <testcase name="testReadWriteDataPackaged" time="0.0" classname="com.distrimind.util.crypto.CryptoTests"/>
  <testcase name="testReadWriteDataPackaged" time="0.0" classname="com.distrimind.util.crypto.CryptoTests"/>
  <testcase name="testReadWriteDataPackaged" time="0.0" classname="com.distrimind.util.crypto.CryptoTests"/>
  <testcase name="testReadWriteDataPackaged" time="0.0" classname="com.distrimind.util.crypto.CryptoTests"/>
  <testcase name="testReadWriteDataPackaged" time="0.0" classname="com.distrimind.util.crypto.CryptoTests"/>
  <testcase name="testReadWriteDataPackaged" time="0.0" classname="com.distrimind.util.crypto.CryptoTests"/>
  <testcase name="testReadWriteDataPackaged" time="0.0" classname="com.distrimind.util.crypto.CryptoTests"/>
  <testcase name="testReadWriteDataPackaged" time="0.0" classname="com.distrimind.util.crypto.CryptoTests"/>
  <testcase name="testReadWriteDataPackaged" time="0.001" classname="com.distrimind.util.crypto.CryptoTests"/>
  <testcase name="testReadWriteDataPackaged" time="0.0" classname="com.distrimind.util.crypto.CryptoTests"/>
  <testcase name="testReadWriteDataPackaged" time="0.0" classname="com.distrimind.util.crypto.CryptoTests"/>
  <testcase name="testReadWriteDataPackaged" time="0.0" classname="com.distrimind.util.crypto.CryptoTests"/>
  <testcase name="testReadWriteDataPackaged" time="0.0" classname="com.distrimind.util.crypto.CryptoTests"/>
  <testcase name="testReadWriteDataPackaged" time="0.0" classname="com.distrimind.util.crypto.CryptoTests"/>
  <testcase name="testReadWriteDataPackaged" time="0.0" classname="com.distrimind.util.crypto.CryptoTests"/>
  <testcase name="testReadWriteDataPackaged" time="0.0" classname="com.distrimind.util.crypto.CryptoTests"/>
  <testcase name="testReadWriteDataPackaged" time="0.0" classname="com.distrimind.util.crypto.CryptoTests"/>
  <testcase name="testReadWriteDataPackaged" time="0.0" classname="com.distrimind.util.crypto.CryptoTests"/>
  <testcase name="testReadWriteDataPackaged" time="0.001" classname="com.distrimind.util.crypto.CryptoTests"/>
  <testcase name="testReadWriteDataPackaged" time="0.0" classname="com.distrimind.util.crypto.CryptoTests"/>
  <testcase name="testReadWriteDataPackaged" time="0.0" classname="com.distrimind.util.crypto.CryptoTests"/>
  <testcase name="testReadWriteDataPackaged" time="0.0" classname="com.distrimind.util.crypto.CryptoTests"/>
  <testcase name="testReadWriteDataPackaged" time="0.0" classname="com.distrimind.util.crypto.CryptoTests"/>
  <testcase name="testReadWriteDataPackaged" time="0.0" classname="com.distrimind.util.crypto.CryptoTests"/>
  <testcase name="testReadWriteDataPackaged" time="0.0" classname="com.distrimind.util.crypto.CryptoTests"/>
  <testcase name="testReadWriteDataPackaged" time="0.0" classname="com.distrimind.util.crypto.CryptoTests"/>
  <testcase name="testReadWriteDataPackaged" time="0.001" classname="com.distrimind.util.crypto.CryptoTests"/>
  <testcase name="testReadWriteDataPackaged" time="0.0" classname="com.distrimind.util.crypto.CryptoTests"/>
  <testcase name="testReadWriteDataPackaged" time="0.0" classname="com.distrimind.util.crypto.CryptoTests"/>
  <testcase name="testReadWriteDataPackaged" time="0.0" classname="com.distrimind.util.crypto.CryptoTests"/>
  <testcase name="testReadWriteDataPackaged" time="0.0" classname="com.distrimind.util.crypto.CryptoTests"/>
  <testcase name="testReadWriteDataPackaged" time="0.001" classname="com.distrimind.util.crypto.CryptoTests"/>
  <testcase name="testReadWriteDataPackaged" time="0.0" classname="com.distrimind.util.crypto.CryptoTests"/>
  <testcase name="testReadWriteDataPackaged" time="0.0" classname="com.distrimind.util.crypto.CryptoTests"/>
  <testcase name="testReadWriteDataPackaged" time="0.0" classname="com.distrimind.util.crypto.CryptoTests"/>
  <testcase name="testReadWriteDataPackaged" time="0.0" classname="com.distrimind.util.crypto.CryptoTests"/>
  <testcase name="testReadWriteDataPackaged" time="0.0" classname="com.distrimind.util.crypto.CryptoTests"/>
  <testcase name="testReadWriteDataPackaged" time="0.0" classname="com.distrimind.util.crypto.CryptoTests"/>
  <testcase name="testReadWriteDataPackaged" time="0.0" classname="com.distrimind.util.crypto.CryptoTests"/>
  <testcase name="testReadWriteDataPackaged" time="0.0" classname="com.distrimind.util.crypto.CryptoTests"/>
  <testcase name="testReadWriteDataPackaged" time="0.0" classname="com.distrimind.util.crypto.CryptoTests"/>
  <testcase name="testReadWriteDataPackaged" time="0.001" classname="com.distrimind.util.crypto.CryptoTests"/>
  <testcase name="testReadWriteDataPackaged" time="0.0" classname="com.distrimind.util.crypto.CryptoTests"/>
  <testcase name="testReadWriteDataPackaged" time="0.0" classname="com.distrimind.util.crypto.CryptoTests"/>
  <testcase name="testReadWriteDataPackaged" time="0.001" classname="com.distrimind.util.crypto.CryptoTests"/>
  <testcase name="testReadWriteDataPackaged" time="0.0" classname="com.distrimind.util.crypto.CryptoTests"/>
  <testcase name="testReadWriteDataPackaged" time="0.0" classname="com.distrimind.util.crypto.CryptoTests"/>
  <testcase name="testReadWriteDataPackaged" time="0.0" classname="com.distrimind.util.crypto.CryptoTests"/>
  <testcase name="testReadWriteDataPackaged" time="0.0" classname="com.distrimind.util.crypto.CryptoTests"/>
  <testcase name="testReadWriteDataPackaged" time="0.0" classname="com.distrimind.util.crypto.CryptoTests"/>
  <testcase name="testReadWriteDataPackaged" time="0.0" classname="com.distrimind.util.crypto.CryptoTests"/>
  <testcase name="testReadWriteDataPackaged" time="0.001" classname="com.distrimind.util.crypto.CryptoTests"/>
  <testcase name="testReadWriteDataPackaged" time="0.0" classname="com.distrimind.util.crypto.CryptoTests"/>
  <testcase name="testReadWriteDataPackaged" time="0.0" classname="com.distrimind.util.crypto.CryptoTests"/>
  <testcase name="testReadWriteDataPackaged" time="0.001" classname="com.distrimind.util.crypto.CryptoTests"/>
  <testcase name="testReadWriteDataPackaged" time="0.0" classname="com.distrimind.util.crypto.CryptoTests"/>
  <testcase name="testReadWriteDataPackaged" time="0.0" classname="com.distrimind.util.crypto.CryptoTests"/>
  <testcase name="testReadWriteDataPackaged" time="0.0" classname="com.distrimind.util.crypto.CryptoTests"/>
  <testcase name="testReadWriteDataPackaged" time="0.0" classname="com.distrimind.util.crypto.CryptoTests"/>
  <testcase name="testReadWriteDataPackaged" time="0.001" classname="com.distrimind.util.crypto.CryptoTests"/>
  <testcase name="testReadWriteDataPackaged" time="0.0" classname="com.distrimind.util.crypto.CryptoTests"/>
  <testcase name="testReadWriteDataPackaged" time="0.0" classname="com.distrimind.util.crypto.CryptoTests"/>
  <testcase name="testReadWriteDataPackaged" time="0.0" classname="com.distrimind.util.crypto.CryptoTests"/>
  <testcase name="testReadWriteDataPackaged" time="0.0" classname="com.distrimind.util.crypto.CryptoTests"/>
  <testcase name="testReadWriteDataPackaged" time="0.0" classname="com.distrimind.util.crypto.CryptoTests"/>
  <testcase name="testReadWriteDataPackaged" time="0.0" classname="com.distrimind.util.crypto.CryptoTests"/>
  <testcase name="testReadWriteDataPackaged" time="0.001" classname="com.distrimind.util.crypto.CryptoTests"/>
  <testcase name="testReadWriteDataPackaged" time="0.0" classname="com.distrimind.util.crypto.CryptoTests"/>
  <testcase name="testReadWriteDataPackaged" time="0.0" classname="com.distrimind.util.crypto.CryptoTests"/>
  <testcase name="testReadWriteDataPackaged" time="0.0" classname="com.distrimind.util.crypto.CryptoTests"/>
  <testcase name="testReadWriteDataPackaged" time="0.0" classname="com.distrimind.util.crypto.CryptoTests"/>
  <testcase name="testReadWriteDataPackaged" time="0.001" classname="com.distrimind.util.crypto.CryptoTests"/>
  <testcase name="testReadWriteDataPackaged" time="0.0" classname="com.distrimind.util.crypto.CryptoTests"/>
  <testcase name="testReadWriteDataPackaged" time="0.0" classname="com.distrimind.util.crypto.CryptoTests"/>
  <testcase name="testReadWriteDataPackaged" time="0.0" classname="com.distrimind.util.crypto.CryptoTests"/>
  <testcase name="testReadWriteDataPackaged" time="0.001" classname="com.distrimind.util.crypto.CryptoTests"/>
  <testcase name="testReadWriteDataPackaged" time="0.0" classname="com.distrimind.util.crypto.CryptoTests"/>
  <testcase name="testReadWriteDataPackaged" time="0.0" classname="com.distrimind.util.crypto.CryptoTests"/>
  <testcase name="testReadWriteDataPackaged" time="0.0" classname="com.distrimind.util.crypto.CryptoTests"/>
  <testcase name="testReadWriteDataPackaged" time="0.0" classname="com.distrimind.util.crypto.CryptoTests"/>
  <testcase name="testReadWriteDataPackaged" time="0.0" classname="com.distrimind.util.crypto.CryptoTests"/>
  <testcase name="testReadWriteDataPackaged" time="0.001" classname="com.distrimind.util.crypto.CryptoTests"/>
  <testcase name="testReadWriteDataPackaged" time="0.0" classname="com.distrimind.util.crypto.CryptoTests"/>
  <testcase name="testReadWriteDataPackaged" time="0.0" classname="com.distrimind.util.crypto.CryptoTests"/>
  <testcase name="testReadWriteDataPackaged" time="0.0" classname="com.distrimind.util.crypto.CryptoTests"/>
  <testcase name="testReadWriteDataPackaged" time="0.0" classname="com.distrimind.util.crypto.CryptoTests"/>
  <testcase name="testReadWriteDataPackaged" time="0.001" classname="com.distrimind.util.crypto.CryptoTests"/>
  <testcase name="testReadWriteDataPackaged" time="0.0" classname="com.distrimind.util.crypto.CryptoTests"/>
  <testcase name="testReadWriteDataPackaged" time="0.0" classname="com.distrimind.util.crypto.CryptoTests"/>
  <testcase name="testReadWriteDataPackaged" time="0.0" classname="com.distrimind.util.crypto.CryptoTests"/>
  <testcase name="testReadWriteDataPackaged" time="0.0" classname="com.distrimind.util.crypto.CryptoTests"/>
  <testcase name="testReadWriteDataPackaged" time="0.0" classname="com.distrimind.util.crypto.CryptoTests"/>
  <testcase name="testReadWriteDataPackaged" time="0.0" classname="com.distrimind.util.crypto.CryptoTests"/>
  <testcase name="testReadWriteDataPackaged" time="0.0" classname="com.distrimind.util.crypto.CryptoTests"/>
  <testcase name="testReadWriteDataPackaged" time="0.0" classname="com.distrimind.util.crypto.CryptoTests"/>
  <testcase name="testReadWriteDataPackaged" time="0.0" classname="com.distrimind.util.crypto.CryptoTests"/>
  <testcase name="testReadWriteDataPackaged" time="0.0" classname="com.distrimind.util.crypto.CryptoTests"/>
  <testcase name="testReadWriteDataPackaged" time="0.001" classname="com.distrimind.util.crypto.CryptoTests"/>
  <testcase name="testReadWriteDataPackaged" time="0.0" classname="com.distrimind.util.crypto.CryptoTests"/>
  <testcase name="testReadWriteDataPackaged" time="0.0" classname="com.distrimind.util.crypto.CryptoTests"/>
  <testcase name="testReadWriteDataPackaged" time="0.0" classname="com.distrimind.util.crypto.CryptoTests"/>
  <testcase name="testReadWriteDataPackaged" time="0.001" classname="com.distrimind.util.crypto.CryptoTests"/>
  <testcase name="testReadWriteDataPackaged" time="0.0" classname="com.distrimind.util.crypto.CryptoTests"/>
  <testcase name="testReadWriteDataPackaged" time="0.0" classname="com.distrimind.util.crypto.CryptoTests"/>
  <testcase name="testReadWriteDataPackaged" time="0.001" classname="com.distrimind.util.crypto.CryptoTests"/>
  <testcase name="testReadWriteDataPackaged" time="0.0" classname="com.distrimind.util.crypto.CryptoTests"/>
  <testcase name="testReadWriteDataPackaged" time="0.0" classname="com.distrimind.util.crypto.CryptoTests"/>
  <testcase name="testReadWriteDataPackaged" time="0.0" classname="com.distrimind.util.crypto.CryptoTests"/>
  <testcase name="testReadWriteDataPackaged" time="0.001" classname="com.distrimind.util.crypto.CryptoTests"/>
  <testcase name="testReadWriteDataPackaged" time="0.0" classname="com.distrimind.util.crypto.CryptoTests"/>
  <testcase name="testReadWriteDataPackaged" time="0.0" classname="com.distrimind.util.crypto.CryptoTests"/>
  <testcase name="testReadWriteDataPackaged" time="0.0" classname="com.distrimind.util.crypto.CryptoTests"/>
  <testcase name="testReadWriteDataPackaged" time="0.001" classname="com.distrimind.util.crypto.CryptoTests"/>
  <testcase name="testReadWriteDataPackaged" time="0.0" classname="com.distrimind.util.crypto.CryptoTests"/>
  <testcase name="testReadWriteDataPackaged" time="0.0" classname="com.distrimind.util.crypto.CryptoTests"/>
  <testcase name="testReadWriteDataPackaged" time="0.001" classname="com.distrimind.util.crypto.CryptoTests"/>
  <testcase name="testReadWriteDataPackaged" time="0.0" classname="com.distrimind.util.crypto.CryptoTests"/>
  <testcase name="testReadWriteDataPackaged" time="0.0" classname="com.distrimind.util.crypto.CryptoTests"/>
  <testcase name="testReadWriteDataPackaged" time="0.0" classname="com.distrimind.util.crypto.CryptoTests"/>
  <testcase name="testReadWriteDataPackaged" time="0.0" classname="com.distrimind.util.crypto.CryptoTests"/>
  <testcase name="testReadWriteDataPackaged" time="0.001" classname="com.distrimind.util.crypto.CryptoTests"/>
  <testcase name="testReadWriteDataPackaged" time="0.0" classname="com.distrimind.util.crypto.CryptoTests"/>
  <testcase name="testReadWriteDataPackaged" time="0.0" classname="com.distrimind.util.crypto.CryptoTests"/>
  <testcase name="testReadWriteDataPackaged" time="0.001" classname="com.distrimind.util.crypto.CryptoTests"/>
  <testcase name="testReadWriteDataPackaged" time="0.0" classname="com.distrimind.util.crypto.CryptoTests"/>
  <testcase name="testReadWriteDataPackaged" time="0.0" classname="com.distrimind.util.crypto.CryptoTests"/>
  <testcase name="testReadWriteDataPackaged" time="0.001" classname="com.distrimind.util.crypto.CryptoTests"/>
  <testcase name="testReadWriteDataPackaged" time="0.0" classname="com.distrimind.util.crypto.CryptoTests"/>
  <testcase name="testReadWriteDataPackaged" time="0.0" classname="com.distrimind.util.crypto.CryptoTests"/>
  <testcase name="testReadWriteDataPackaged" time="0.0" classname="com.distrimind.util.crypto.CryptoTests"/>
  <testcase name="testReadWriteDataPackaged" time="0.001" classname="com.distrimind.util.crypto.CryptoTests"/>
  <testcase name="testReadWriteDataPackaged" time="0.0" classname="com.distrimind.util.crypto.CryptoTests"/>
  <testcase name="testReadWriteDataPackaged" time="0.001" classname="com.distrimind.util.crypto.CryptoTests"/>
  <testcase name="testReadWriteDataPackaged" time="0.0" classname="com.distrimind.util.crypto.CryptoTests"/>
  <testcase name="testReadWriteDataPackaged" time="0.0" classname="com.distrimind.util.crypto.CryptoTests"/>
  <testcase name="testReadWriteDataPackaged" time="0.001" classname="com.distrimind.util.crypto.CryptoTests"/>
  <testcase name="testReadWriteDataPackaged" time="0.0" classname="com.distrimind.util.crypto.CryptoTests"/>
  <testcase name="testReadWriteDataPackaged" time="0.0" classname="com.distrimind.util.crypto.CryptoTests"/>
  <testcase name="testReadWriteDataPackaged" time="0.001" classname="com.distrimind.util.crypto.CryptoTests"/>
  <testcase name="testReadWriteDataPackaged" time="0.0" classname="com.distrimind.util.crypto.CryptoTests"/>
  <testcase name="testReadWriteDataPackaged" time="0.0" classname="com.distrimind.util.crypto.CryptoTests"/>
  <testcase name="testReadWriteDataPackaged" time="0.0" classname="com.distrimind.util.crypto.CryptoTests"/>
  <testcase name="testReadWriteDataPackaged" time="0.0" classname="com.distrimind.util.crypto.CryptoTests"/>
  <testcase name="testReadWriteDataPackaged" time="0.0" classname="com.distrimind.util.crypto.CryptoTests"/>
  <testcase name="testReadWriteDataPackaged" time="0.0" classname="com.distrimind.util.crypto.CryptoTests"/>
  <testcase name="testReadWriteDataPackaged" time="0.0" classname="com.distrimind.util.crypto.CryptoTests"/>
  <testcase name="testReadWriteDataPackaged" time="0.001" classname="com.distrimind.util.crypto.CryptoTests"/>
  <testcase name="testReadWriteDataPackaged" time="0.0" classname="com.distrimind.util.crypto.CryptoTests"/>
  <testcase name="testReadWriteDataPackaged" time="0.001" classname="com.distrimind.util.crypto.CryptoTests"/>
  <testcase name="testReadWriteDataPackaged" time="0.0" classname="com.distrimind.util.crypto.CryptoTests"/>
  <testcase name="testReadWriteDataPackaged" time="0.0" classname="com.distrimind.util.crypto.CryptoTests"/>
  <testcase name="testReadWriteDataPackaged" time="0.001" classname="com.distrimind.util.crypto.CryptoTests"/>
  <testcase name="testReadWriteDataPackaged" time="0.0" classname="com.distrimind.util.crypto.CryptoTests"/>
  <testcase name="testReadWriteDataPackaged" time="0.0" classname="com.distrimind.util.crypto.CryptoTests"/>
  <testcase name="testReadWriteDataPackaged" time="0.0" classname="com.distrimind.util.crypto.CryptoTests"/>
  <testcase name="testReadWriteDataPackaged" time="0.0" classname="com.distrimind.util.crypto.CryptoTests"/>
  <testcase name="testReadWriteDataPackaged" time="0.0" classname="com.distrimind.util.crypto.CryptoTests"/>
  <testcase name="testReadWriteDataPackaged" time="0.0" classname="com.distrimind.util.crypto.CryptoTests"/>
  <testcase name="testReadWriteDataPackaged" time="0.001" classname="com.distrimind.util.crypto.CryptoTests"/>
  <testcase name="testReadWriteDataPackaged" time="0.0" classname="com.distrimind.util.crypto.CryptoTests"/>
  <testcase name="testReadWriteDataPackaged" time="0.0" classname="com.distrimind.util.crypto.CryptoTests"/>
  <testcase name="testReadWriteDataPackaged" time="0.0" classname="com.distrimind.util.crypto.CryptoTests"/>
  <testcase name="testReadWriteDataPackaged" time="0.0" classname="com.distrimind.util.crypto.CryptoTests"/>
  <testcase name="testReadWriteDataPackaged" time="0.0" classname="com.distrimind.util.crypto.CryptoTests"/>
  <testcase name="testReadWriteDataPackaged" time="0.001" classname="com.distrimind.util.crypto.CryptoTests"/>
  <testcase name="testReadWriteDataPackaged" time="0.0" classname="com.distrimind.util.crypto.CryptoTests"/>
  <testcase name="testReadWriteDataPackaged" time="0.0" classname="com.distrimind.util.crypto.CryptoTests"/>
  <testcase name="testReadWriteDataPackaged" time="0.0" classname="com.distrimind.util.crypto.CryptoTests"/>
  <testcase name="testReadWriteDataPackaged" time="0.0" classname="com.distrimind.util.crypto.CryptoTests"/>
  <testcase name="testReadWriteDataPackaged" time="0.0" classname="com.distrimind.util.crypto.CryptoTests"/>
  <testcase name="testReadWriteDataPackaged" time="0.001" classname="com.distrimind.util.crypto.CryptoTests"/>
  <testcase name="testReadWriteDataPackaged" time="0.0" classname="com.distrimind.util.crypto.CryptoTests"/>
  <testcase name="testReadWriteDataPackaged" time="0.0" classname="com.distrimind.util.crypto.CryptoTests"/>
  <testcase name="testReadWriteDataPackaged" time="0.001" classname="com.distrimind.util.crypto.CryptoTests"/>
  <testcase name="testReadWriteDataPackaged" time="0.0" classname="com.distrimind.util.crypto.CryptoTests"/>
  <testcase name="testReadWriteDataPackaged" time="0.0" classname="com.distrimind.util.crypto.CryptoTests"/>
  <testcase name="testReadWriteDataPackaged" time="0.0" classname="com.distrimind.util.crypto.CryptoTests"/>
  <testcase name="testReadWriteDataPackaged" time="0.0" classname="com.distrimind.util.crypto.CryptoTests"/>
  <testcase name="testReadWriteDataPackaged" time="0.0" classname="com.distrimind.util.crypto.CryptoTests"/>
  <testcase name="testReadWriteDataPackaged" time="0.0" classname="com.distrimind.util.crypto.CryptoTests"/>
  <testcase name="testReadWriteDataPackaged" time="0.001" classname="com.distrimind.util.crypto.CryptoTests"/>
  <testcase name="testReadWriteDataPackaged" time="0.0" classname="com.distrimind.util.crypto.CryptoTests"/>
  <testcase name="testReadWriteDataPackaged" time="0.0" classname="com.distrimind.util.crypto.CryptoTests"/>
  <testcase name="testReadWriteDataPackaged" time="0.0" classname="com.distrimind.util.crypto.CryptoTests"/>
  <testcase name="testReadWriteDataPackaged" time="0.0" classname="com.distrimind.util.crypto.CryptoTests"/>
  <testcase name="testReadWriteDataPackaged" time="0.001" classname="com.distrimind.util.crypto.CryptoTests"/>
  <testcase name="testReadWriteDataPackaged" time="0.0" classname="com.distrimind.util.crypto.CryptoTests"/>
  <testcase name="testReadWriteDataPackaged" time="0.0" classname="com.distrimind.util.crypto.CryptoTests"/>
  <testcase name="testReadWriteDataPackaged" time="0.0" classname="com.distrimind.util.crypto.CryptoTests"/>
  <testcase name="testReadWriteDataPackaged" time="0.0" classname="com.distrimind.util.crypto.CryptoTests"/>
  <testcase name="testReadWriteDataPackaged" time="0.0" classname="com.distrimind.util.crypto.CryptoTests"/>
  <testcase name="testReadWriteDataPackaged" time="0.0" classname="com.distrimind.util.crypto.CryptoTests"/>
  <testcase name="testReadWriteDataPackaged" time="0.0" classname="com.distrimind.util.crypto.CryptoTests"/>
  <testcase name="testReadWriteDataPackaged" time="0.0" classname="com.distrimind.util.crypto.CryptoTests"/>
  <testcase name="testReadWriteDataPackaged" time="0.001" classname="com.distrimind.util.crypto.CryptoTests"/>
[...]
  <testcase name="testReadWriteDataPackaged" time="0.0" classname="com.distrimind.util.crypto.CryptoTests"/>
  <testcase name="testReadWriteDataPackaged" time="0.0" classname="com.distrimind.util.crypto.CryptoTests"/>
  <testcase name="testReadWriteDataPackaged" time="0.0" classname="com.distrimind.util.crypto.CryptoTests"/>
  <testcase name="testReadWriteDataPackaged" time="0.001" classname="com.distrimind.util.crypto.CryptoTests"/>
  <testcase name="testReadWriteDataPackaged" time="0.0" classname="com.distrimind.util.crypto.CryptoTests"/>
  <testcase name="testReadWriteDataPackaged" time="0.0" classname="com.distrimind.util.crypto.CryptoTests"/>
  <testcase name="testReadWriteDataPackaged" time="0.0" classname="com.distrimind.util.crypto.CryptoTests"/>
  <testcase name="testReadWriteDataPackaged" time="0.0" classname="com.distrimind.util.crypto.CryptoTests"/>
  <testcase name="testReadWriteDataPackaged" time="0.0" classname="com.distrimind.util.crypto.CryptoTests"/>
  <testcase name="testReadWriteDataPackaged" time="0.001" classname="com.distrimind.util.crypto.CryptoTests"/>
  <testcase name="testReadWriteDataPackaged" time="0.0" classname="com.distrimind.util.crypto.CryptoTests"/>
  <testcase name="testReadWriteDataPackaged" time="0.0" classname="com.distrimind.util.crypto.CryptoTests"/>
  <testcase name="testReadWriteDataPackaged" time="0.0" classname="com.distrimind.util.crypto.CryptoTests"/>
  <testcase name="testReadWriteDataPackaged" time="0.0" classname="com.distrimind.util.crypto.CryptoTests"/>
  <testcase name="testReadWriteDataPackaged" time="0.0" classname="com.distrimind.util.crypto.CryptoTests"/>
  <testcase name="testReadWriteDataPackaged" time="0.0" classname="com.distrimind.util.crypto.CryptoTests"/>
  <testcase name="testReadWriteDataPackaged" time="0.001" classname="com.distrimind.util.crypto.CryptoTests"/>
  <testcase name="testReadWriteDataPackaged" time="0.0" classname="com.distrimind.util.crypto.CryptoTests"/>
  <testcase name="testReadWriteDataPackaged" time="0.0" classname="com.distrimind.util.crypto.CryptoTests"/>
  <testcase name="testReadWriteDataPackaged" time="0.0" classname="com.distrimind.util.crypto.CryptoTests"/>
  <testcase name="testReadWriteDataPackaged" time="0.001" classname="com.distrimind.util.crypto.CryptoTests"/>
  <testcase name="testReadWriteDataPackaged" time="0.0" classname="com.distrimind.util.crypto.CryptoTests"/>
  <testcase name="testReadWriteDataPackaged" time="0.0" classname="com.distrimind.util.crypto.CryptoTests"/>
  <testcase name="testReadWriteDataPackaged" time="0.001" classname="com.distrimind.util.crypto.CryptoTests"/>
  <testcase name="testReadWriteDataPackaged" time="0.0" classname="com.distrimind.util.crypto.CryptoTests"/>
  <testcase name="testReadWriteDataPackaged" time="0.0" classname="com.distrimind.util.crypto.CryptoTests"/>
  <testcase name="testReadWriteDataPackaged" time="0.0" classname="com.distrimind.util.crypto.CryptoTests"/>
  <testcase name="testReadWriteDataPackaged" time="0.0" classname="com.distrimind.util.crypto.CryptoTests"/>
  <testcase name="testSecureRandom" time="0.0" classname="com.distrimind.util.crypto.CryptoTests"/>
  <testcase name="testSecureRandom" time="0.004" classname="com.distrimind.util.crypto.CryptoTests"/>
  <testcase name="testSecureRandom" time="0.004" classname="com.distrimind.util.crypto.CryptoTests"/>
  <testcase name="testSecureRandom" time="0.004" classname="com.distrimind.util.crypto.CryptoTests"/>
  <testcase name="testSecureRandom" time="0.005" classname="com.distrimind.util.crypto.CryptoTests"/>
  <testcase name="testSecureRandom" time="0.001" classname="com.distrimind.util.crypto.CryptoTests"/>
  <testcase name="testSecureRandom" time="0.001" classname="com.distrimind.util.crypto.CryptoTests"/>
  <testcase name="testSecureRandom" time="0.0" classname="com.distrimind.util.crypto.CryptoTests"/>
  <testcase name="testSecureRandom" time="0.006" classname="com.distrimind.util.crypto.CryptoTests"/>
  <testcase name="testSignatures" time="0.075" classname="com.distrimind.util.crypto.CryptoTests"/>
  <testcase name="testSignatures" time="0.223" classname="com.distrimind.util.crypto.CryptoTests"/>
  <testcase name="testSignatures" time="0.319" classname="com.distrimind.util.crypto.CryptoTests"/>
  <testcase name="testSignatures" time="0.063" classname="com.distrimind.util.crypto.CryptoTests"/>
  <testcase name="testSignatures" time="0.667" classname="com.distrimind.util.crypto.CryptoTests"/>
  <testcase name="testSignatures" time="1.434" classname="com.distrimind.util.crypto.CryptoTests"/>
  <testcase name="testSignatures" time="1.409" classname="com.distrimind.util.crypto.CryptoTests"/>
  <testcase name="testSignatures" time="0.0" classname="com.distrimind.util.crypto.CryptoTests"/>
  <testcase name="testSignatures" time="0.0" classname="com.distrimind.util.crypto.CryptoTests"/>
  <testcase name="testSignatures" time="0.001" classname="com.distrimind.util.crypto.CryptoTests"/>
  <testcase name="testSignatures" time="0.0" classname="com.distrimind.util.crypto.CryptoTests"/>
  <testcase name="testSignatures" time="0.0" classname="com.distrimind.util.crypto.CryptoTests"/>
  <testcase name="testSignatures" time="0.0" classname="com.distrimind.util.crypto.CryptoTests"/>
  <testcase name="testSignatures" time="0.0" classname="com.distrimind.util.crypto.CryptoTests"/>
  <testcase name="testSignatures" time="0.0" classname="com.distrimind.util.crypto.CryptoTests"/>
  <testcase name="testSignatures" time="0.0" classname="com.distrimind.util.crypto.CryptoTests"/>
  <testcase name="testSignatures" time="0.0" classname="com.distrimind.util.crypto.CryptoTests"/>
  <testcase name="testSignatures" time="0.0" classname="com.distrimind.util.crypto.CryptoTests"/>
  <testcase name="testSignatures" time="0.0" classname="com.distrimind.util.crypto.CryptoTests"/>
  <testcase name="testSignatures" time="1.962" classname="com.distrimind.util.crypto.CryptoTests"/>
  <testcase name="testSignatures" time="1.901" classname="com.distrimind.util.crypto.CryptoTests"/>
  <testcase name="testSignatures" time="0.2" classname="com.distrimind.util.crypto.CryptoTests"/>
  <testcase name="testSignatures" time="2.185" classname="com.distrimind.util.crypto.CryptoTests"/>
  <testcase name="testSignatures" time="2.337" classname="com.distrimind.util.crypto.CryptoTests"/>
  <testcase name="testSignatures" time="0.177" classname="com.distrimind.util.crypto.CryptoTests"/>
  <testcase name="testSignatures" time="2.513" classname="com.distrimind.util.crypto.CryptoTests"/>
  <testcase name="testSignatures" time="2.52" classname="com.distrimind.util.crypto.CryptoTests"/>
  <testcase name="testSignatures" time="0.082" classname="com.distrimind.util.crypto.CryptoTests"/>
  <testcase name="testSignatures" time="0.995" classname="com.distrimind.util.crypto.CryptoTests"/>
  <testcase name="testSignatures" time="2.757" classname="com.distrimind.util.crypto.CryptoTests"/>
  <testcase name="testSignatures" time="0.608" classname="com.distrimind.util.crypto.CryptoTests"/>
  <testcase name="testSignatures" time="1.593" classname="com.distrimind.util.crypto.CryptoTests"/>
  <testcase name="testSignatures" time="0.147" classname="com.distrimind.util.crypto.CryptoTests"/>
  <testcase name="testSignatures" time="4.036" classname="com.distrimind.util.crypto.CryptoTests"/>
  <testcase name="testSignatures" time="1.279" classname="com.distrimind.util.crypto.CryptoTests"/>
  <testcase name="testSignatures" time="0.009" classname="com.distrimind.util.crypto.CryptoTests"/>
  <testcase name="testSignatures" time="0.0" classname="com.distrimind.util.crypto.CryptoTests"/>
  <testcase name="testSignatures" time="0.0" classname="com.distrimind.util.crypto.CryptoTests"/>
  <testcase name="testSignatures" time="0.0" classname="com.distrimind.util.crypto.CryptoTests"/>
  <testcase name="testSignatures" time="0.0" classname="com.distrimind.util.crypto.CryptoTests"/>
  <testcase name="testSignatures" time="0.0" classname="com.distrimind.util.crypto.CryptoTests"/>
  <testcase name="testSignatures" time="0.0" classname="com.distrimind.util.crypto.CryptoTests"/>
  <testcase name="testSignatures" time="0.0" classname="com.distrimind.util.crypto.CryptoTests"/>
  <testcase name="testSignatures" time="0.0" classname="com.distrimind.util.crypto.CryptoTests"/>
  <testcase name="testSignatures" time="0.0" classname="com.distrimind.util.crypto.CryptoTests"/>
  <testcase name="testSignatures" time="0.001" classname="com.distrimind.util.crypto.CryptoTests"/>
  <testcase name="testSignatures" time="0.0" classname="com.distrimind.util.crypto.CryptoTests"/>
  <testcase name="testSignatures" time="0.094" classname="com.distrimind.util.crypto.CryptoTests"/>
  <testcase name="testSignatures" time="1.776" classname="com.distrimind.util.crypto.CryptoTests"/>
  <testcase name="testSignatures" time="5.931" classname="com.distrimind.util.crypto.CryptoTests"/>
  <testcase name="testSignatures" time="5.76" classname="com.distrimind.util.crypto.CryptoTests"/>
  <testcase name="testSignatures" time="0.1" classname="com.distrimind.util.crypto.CryptoTests"/>
  <testcase name="testSignatures" time="0.842" classname="com.distrimind.util.crypto.CryptoTests"/>
  <testcase name="testSignatures" time="6.978" classname="com.distrimind.util.crypto.CryptoTests"/>
  <testcase name="testSignatures" time="7.005" classname="com.distrimind.util.crypto.CryptoTests"/>
  <testcase name="testSignatures" time="0.075" classname="com.distrimind.util.crypto.CryptoTests"/>
  <testcase name="testSignatures" time="1.035" classname="com.distrimind.util.crypto.CryptoTests"/>
  <testcase name="testSignatures" time="2.974" classname="com.distrimind.util.crypto.CryptoTests"/>
  <testcase name="testSignatures" time="5.874" classname="com.distrimind.util.crypto.CryptoTests"/>
  <testcase name="testSignatures" time="0.158" classname="com.distrimind.util.crypto.CryptoTests"/>
  <testcase name="testSignatures" time="11.744" classname="com.distrimind.util.crypto.CryptoTests"/>
  <testcase name="testSignatures" time="1.017" classname="com.distrimind.util.crypto.CryptoTests"/>
  <testcase name="testSignatures" time="10.12" classname="com.distrimind.util.crypto.CryptoTests"/>
  <testcase name="testSignatures" time="0.0" classname="com.distrimind.util.crypto.CryptoTests"/>
  <testcase name="testSignatures" time="0.0" classname="com.distrimind.util.crypto.CryptoTests"/>
  <testcase name="testSignatures" time="0.0" classname="com.distrimind.util.crypto.CryptoTests"/>
  <testcase name="testSignatures" time="0.0" classname="com.distrimind.util.crypto.CryptoTests"/>
  <testcase name="testSignatures" time="0.0" classname="com.distrimind.util.crypto.CryptoTests"/>
  <testcase name="testSignatures" time="0.028" classname="com.distrimind.util.crypto.CryptoTests"/>
  <testcase name="testSignatures" time="0.0" classname="com.distrimind.util.crypto.CryptoTests"/>
  <testcase name="testSignatures" time="0.0" classname="com.distrimind.util.crypto.CryptoTests"/>
  <testcase name="testSignatures" time="0.0" classname="com.distrimind.util.crypto.CryptoTests"/>
  <testcase name="testSignatures" time="0.0" classname="com.distrimind.util.crypto.CryptoTests"/>
  <testcase name="testSignatures" time="0.0" classname="com.distrimind.util.crypto.CryptoTests"/>
  <testcase name="testSignatures" time="0.0" classname="com.distrimind.util.crypto.CryptoTests"/>
  <testcase name="testSignatures" time="12.712" classname="com.distrimind.util.crypto.CryptoTests"/>
  <testcase name="testSignatures" time="2.734" classname="com.distrimind.util.crypto.CryptoTests"/>
  <testcase name="testSignatures" time="5.314" classname="com.distrimind.util.crypto.CryptoTests"/>
  <testcase name="testSignatures" time="5.076" classname="com.distrimind.util.crypto.CryptoTests"/>
  <testcase name="testSignatures" time="8.506" classname="com.distrimind.util.crypto.CryptoTests"/>
  <testcase name="testSignatures" time="17.386" classname="com.distrimind.util.crypto.CryptoTests"/>
  <testcase name="testSignatures" time="6.177" classname="com.distrimind.util.crypto.CryptoTests"/>
  <testcase name="testSignatures" time="17.207" classname="com.distrimind.util.crypto.CryptoTests"/>
  <testcase name="testSignatures" time="17.124" classname="com.distrimind.util.crypto.CryptoTests"/>
  <testcase name="testPasswordHash" time="2.4" classname="com.distrimind.util.crypto.CryptoTests"/>
  <testcase name="testPasswordHash" time="2.942" classname="com.distrimind.util.crypto.CryptoTests"/>
  <testcase name="testPasswordHash" time="3.032" classname="com.distrimind.util.crypto.CryptoTests"/>
  <testcase name="testPasswordHash" time="9.507" classname="com.distrimind.util.crypto.CryptoTests"/>
  <testcase name="testPasswordHash" time="12.473" classname="com.distrimind.util.crypto.CryptoTests"/>
  <testcase name="testPasswordHash" time="13.079" classname="com.distrimind.util.crypto.CryptoTests"/>
  <testcase name="testPasswordHash" time="13.228" classname="com.distrimind.util.crypto.CryptoTests"/>
  <testcase name="testPasswordHash" time="38.091" classname="com.distrimind.util.crypto.CryptoTests"/>
  <testcase name="testASymmetricKeyPairEncoding" time="1.029" classname="com.distrimind.util.crypto.CryptoTests"/>
  <testcase name="testASymmetricKeyPairEncoding" time="1.936" classname="com.distrimind.util.crypto.CryptoTests"/>
  <testcase name="testASymmetricKeyPairEncoding" time="6.962" classname="com.distrimind.util.crypto.CryptoTests"/>
  <testcase name="testSecretKeyEncoding" time="0.031" classname="com.distrimind.util.crypto.CryptoTests"/>
  <testcase name="testSecretKeyEncoding" time="0.025" classname="com.distrimind.util.crypto.CryptoTests"/>
  <testcase name="testSecretKeyEncoding" time="0.031" classname="com.distrimind.util.crypto.CryptoTests"/>
  <testcase name="testSecretKeyEncoding" time="0.033" classname="com.distrimind.util.crypto.CryptoTests"/>
  <testcase name="testSecretKeyEncoding" time="0.045" classname="com.distrimind.util.crypto.CryptoTests"/>
  <testcase name="testSecretKeyEncoding" time="0.097" classname="com.distrimind.util.crypto.CryptoTests"/>
  <testcase name="testSecretKeyEncoding" time="0.101" classname="com.distrimind.util.crypto.CryptoTests"/>
  <testcase name="testSecretKeyEncoding" time="0.109" classname="com.distrimind.util.crypto.CryptoTests"/>
  <testcase name="testSecretKeyEncoding" time="0.106" classname="com.distrimind.util.crypto.CryptoTests"/>
  <testcase name="testSecretKeyEncoding" time="0.11" classname="com.distrimind.util.crypto.CryptoTests"/>
  <testcase name="testClientServerASymetricEncryptions" time="6.466" classname="com.distrimind.util.crypto.CryptoTests"/>
  <testcase name="testClientServerASymetricEncryptions" time="11.783" classname="com.distrimind.util.crypto.CryptoTests"/>
  <testcase name="testClientServerASymetricEncryptions" time="11.888" classname="com.distrimind.util.crypto.CryptoTests"/>
  <testcase name="testP2PASymetricEncryptions" time="126.495" classname="com.distrimind.util.crypto.CryptoTests"/>
  <testcase name="testP2PASymetricEncryptions" time="144.688" classname="com.distrimind.util.crypto.CryptoTests"/>
  <testcase name="testP2PASymetricEncryptions" time="149.765" classname="com.distrimind.util.crypto.CryptoTests"/>
  <testcase name="testASymmetricSecretMessageExchanger" time="101.287" classname="com.distrimind.util.crypto.CryptoTests"/>
  <testcase name="testASymmetricSecretMessageExchanger" time="104.847" classname="com.distrimind.util.crypto.CryptoTests"/>
  <testcase name="testASymmetricSecretMessageExchanger" time="115.954" classname="com.distrimind.util.crypto.CryptoTests"/>
  <testcase name="testSymetricEncryptions" time="0.844" classname="com.distrimind.util.crypto.CryptoTests"/>
  <testcase name="testSymetricEncryptions" time="0.946" classname="com.distrimind.util.crypto.CryptoTests"/>
  <testcase name="testSymetricEncryptions" time="0.99" classname="com.distrimind.util.crypto.CryptoTests"/>
  <testcase name="testSymetricEncryptions" time="1.137" classname="com.distrimind.util.crypto.CryptoTests"/>
  <testcase name="testSymetricEncryptions" time="1.177" classname="com.distrimind.util.crypto.CryptoTests"/>
  <testcase name="testSymetricEncryptions" time="1.231" classname="com.distrimind.util.crypto.CryptoTests"/>
  <testcase name="testSymetricEncryptions" time="1.244" classname="com.distrimind.util.crypto.CryptoTests"/>
  <testcase name="testSymetricEncryptions" time="1.319" classname="com.distrimind.util.crypto.CryptoTests"/>
  <testcase name="testSymetricEncryptions" time="1.303" classname="com.distrimind.util.crypto.CryptoTests"/>
  <testcase name="testSymetricEncryptions" time="1.321" classname="com.distrimind.util.crypto.CryptoTests"/>
  <testcase name="testHybridEncryptions" time="8.264" classname="com.distrimind.util.crypto.CryptoTests"/>
  <testcase name="testHybridEncryptions" time="17.119" classname="com.distrimind.util.crypto.CryptoTests"/>
  <testcase name="testHybridEncryptions" time="9.992" classname="com.distrimind.util.crypto.CryptoTests"/>
  <testcase name="testHybridEncryptions" time="24.995" classname="com.distrimind.util.crypto.CryptoTests"/>
  <testcase name="testHybridEncryptions" time="27.7" classname="com.distrimind.util.crypto.CryptoTests"/>
  <testcase name="testHybridEncryptions" time="30.568" classname="com.distrimind.util.crypto.CryptoTests"/>
  <testcase name="testHybridEncryptions" time="31.344" classname="com.distrimind.util.crypto.CryptoTests"/>
  <testcase name="testHybridEncryptions" time="12.127" classname="com.distrimind.util.crypto.CryptoTests"/>
  <testcase name="testHybridEncryptions" time="40.162" classname="com.distrimind.util.crypto.CryptoTests"/>
  <testcase name="testHybridEncryptions" time="42.437" classname="com.distrimind.util.crypto.CryptoTests"/>
  <testcase name="testHybridEncryptions" time="26.352" classname="com.distrimind.util.crypto.CryptoTests"/>
  <testcase name="testHybridEncryptions" time="47.15" classname="com.distrimind.util.crypto.CryptoTests"/>
  <testcase name="testHybridEncryptions" time="8.548" classname="com.distrimind.util.crypto.CryptoTests"/>
  <testcase name="testHybridEncryptions" time="19.475" classname="com.distrimind.util.crypto.CryptoTests"/>
  <testcase name="testHybridEncryptions" time="35.473" classname="com.distrimind.util.crypto.CryptoTests"/>
  <testcase name="testHybridEncryptions" time="23.337" classname="com.distrimind.util.crypto.CryptoTests"/>
  <testcase name="testHybridEncryptions" time="7.727" classname="com.distrimind.util.crypto.CryptoTests"/>
  <testcase name="testHybridEncryptions" time="22.782" classname="com.distrimind.util.crypto.CryptoTests"/>
  <testcase name="testHybridEncryptions" time="41.758" classname="com.distrimind.util.crypto.CryptoTests"/>
  <testcase name="testHybridEncryptions" time="18.233" classname="com.distrimind.util.crypto.CryptoTests"/>
  <testcase name="testHybridEncryptions" time="22.217" classname="com.distrimind.util.crypto.CryptoTests"/>
  <testcase name="testHybridEncryptions" time="76.496" classname="com.distrimind.util.crypto.CryptoTests"/>
  <testcase name="testHybridEncryptions" time="28.916" classname="com.distrimind.util.crypto.CryptoTests"/>
  <testcase name="testHybridEncryptions" time="15.427" classname="com.distrimind.util.crypto.CryptoTests"/>
  <testcase name="testHybridEncryptions" time="39.157" classname="com.distrimind.util.crypto.CryptoTests"/>
  <testcase name="testHybridEncryptions" time="15.519" classname="com.distrimind.util.crypto.CryptoTests"/>
  <testcase name="testHybridEncryptions" time="45.308" classname="com.distrimind.util.crypto.CryptoTests"/>
  <testcase name="testHybridEncryptions" time="33.657" classname="com.distrimind.util.crypto.CryptoTests"/>
  <testcase name="testHybridEncryptions" time="30.517" classname="com.distrimind.util.crypto.CryptoTests"/>
  <testcase name="testHybridEncryptions" time="48.28" classname="com.distrimind.util.crypto.CryptoTests"/>
</testsuite> <!-- testCyrpto -->
