<?xml version="1.0" encoding="UTF-8"?>
<!-- Generated by org.testng.reporters.JUnitXMLReporter -->
<testsuite hostname="choupchoup" ignored="10" name="Default test" tests="26" failures="0" timestamp="07 mars 2017 15:01:08 GMT" time="124.71" errors="0">
  <testcase name="testEncodeAndSeparateEncoding" time="0.013" classname="com.distrimind.util.crypto.CryptoTests"/>
  <testcase name="testEncodeAndSeparateEncoding" time="0.002" classname="com.distrimind.util.crypto.CryptoTests"/>
  <testcase name="testEncodeAndSeparateEncoding" time="0.002" classname="com.distrimind.util.crypto.CryptoTests"/>
  <testcase name="testEncodeAndSeparateEncoding" time="0.002" classname="com.distrimind.util.crypto.CryptoTests"/>
  <testcase name="testEncodeAndSeparateEncoding" time="0.001" classname="com.distrimind.util.crypto.CryptoTests"/>
  <testcase name="testEncodeAndSeparateEncoding" time="0.001" classname="com.distrimind.util.crypto.CryptoTests"/>
  <testcase name="testEncodeAndSeparateEncoding" time="0.001" classname="com.distrimind.util.crypto.CryptoTests"/>
  <testcase name="testEncodeAndSeparateEncoding" time="0.001" classname="com.distrimind.util.crypto.CryptoTests"/>
  <testcase name="testEncodeAndSeparateEncoding" time="0.001" classname="com.distrimind.util.crypto.CryptoTests"/>
  <testcase name="testEncodeAndSeparateEncoding" time="0.001" classname="com.distrimind.util.crypto.CryptoTests"/>
  <testcase name="testEncodeAndSeparateEncoding" time="0.001" classname="com.distrimind.util.crypto.CryptoTests"/>
  <testcase name="testEncodeAndSeparateEncoding" time="0.001" classname="com.distrimind.util.crypto.CryptoTests"/>
  <testcase name="testEncodeAndSeparateEncoding" time="0.001" classname="com.distrimind.util.crypto.CryptoTests"/>
  <testcase name="testEncodeAndSeparateEncoding" time="0.001" classname="com.distrimind.util.crypto.CryptoTests"/>
  <testcase name="testEncodeAndSeparateEncoding" time="0.001" classname="com.distrimind.util.crypto.CryptoTests"/>
  <testcase name="testEncodeAndSeparateEncoding" time="0.002" classname="com.distrimind.util.crypto.CryptoTests"/>
  <testcase name="testEncodeAndSeparateEncoding" time="0.001" classname="com.distrimind.util.crypto.CryptoTests"/>
  <testcase name="testEncodeAndSeparateEncoding" time="0.0" classname="com.distrimind.util.crypto.CryptoTests"/>
  <testcase name="testEncodeAndSeparateEncoding" time="0.001" classname="com.distrimind.util.crypto.CryptoTests"/>
  <testcase name="testEncodeAndSeparateEncoding" time="0.001" classname="com.distrimind.util.crypto.CryptoTests"/>
  <testcase name="testASymmetricKeyPairEncoding" time="1.601" classname="com.distrimind.util.crypto.CryptoTests"/>
  <testcase name="testASymmetricKeyPairEncoding" time="4.076" classname="com.distrimind.util.crypto.CryptoTests"/>
  <testcase name="testASymmetricKeyPairEncoding" time="5.17" classname="com.distrimind.util.crypto.CryptoTests"/>
  <testcase name="testASymmetricSecretMessageExchanger" time="117.397" classname="com.distrimind.util.crypto.CryptoTests"/>
  <testcase name="testASymmetricSecretMessageExchanger" time="118.386" classname="com.distrimind.util.crypto.CryptoTests"/>
  <testcase name="testASymmetricSecretMessageExchanger" time="119.425" classname="com.distrimind.util.crypto.CryptoTests"/>
  <testcase name="testSignatures" time="0.0" classname="com.distrimind.util.crypto.CryptoTests">
    <ignored/>
  </testcase> <!-- testSignatures -->
  <testcase name="testP2PASymetricEncryptions" time="0.0" classname="com.distrimind.util.crypto.CryptoTests">
    <ignored/>
  </testcase> <!-- testP2PASymetricEncryptions -->
  <testcase name="testSecureRandom" time="0.0" classname="com.distrimind.util.crypto.CryptoTests">
    <ignored/>
  </testcase> <!-- testSecureRandom -->
  <testcase name="testHybridEncryptions" time="0.0" classname="com.distrimind.util.crypto.CryptoTests">
    <ignored/>
  </testcase> <!-- testHybridEncryptions -->
  <testcase name="testClientServerASymetricEncryptions" time="0.0" classname="com.distrimind.util.crypto.CryptoTests">
    <ignored/>
  </testcase> <!-- testClientServerASymetricEncryptions -->
  <testcase name="testPasswordHash" time="0.0" classname="com.distrimind.util.crypto.CryptoTests">
    <ignored/>
  </testcase> <!-- testPasswordHash -->
  <testcase name="testSecretKeyEncoding" time="0.0" classname="com.distrimind.util.crypto.CryptoTests">
    <ignored/>
  </testcase> <!-- testSecretKeyEncoding -->
  <testcase name="testMessageDigest" time="0.0" classname="com.distrimind.util.crypto.CryptoTests">
    <ignored/>
  </testcase> <!-- testMessageDigest -->
  <testcase name="testReadWriteDataPackaged" time="0.0" classname="com.distrimind.util.crypto.CryptoTests">
    <ignored/>
  </testcase> <!-- testReadWriteDataPackaged -->
  <testcase name="testSymetricEncryptions" time="0.0" classname="com.distrimind.util.crypto.CryptoTests">
    <ignored/>
  </testcase> <!-- testSymetricEncryptions -->
</testsuite> <!-- Default test -->
