<?xml version="1.0" encoding="UTF-8"?>
<!-- Generated by org.testng.reporters.JUnitXMLReporter -->
<testsuite hostname="choupchoup" name="Default test" tests="4404" failures="0" timestamp="23 Dec 2016 10:10:35 GMT" time="390.175" errors="0">
  <testcase name="testCheckpw_failure" time="2.573" classname="com.distrimind.util.crypto.TestBCrypt"/>
  <testcase name="testCheckpw_success" time="2.517" classname="com.distrimind.util.crypto.TestBCrypt"/>
  <testcase name="testGensalt" time="0.964" classname="com.distrimind.util.crypto.TestBCrypt"/>
  <testcase name="testGensaltInt" time="7.607" classname="com.distrimind.util.crypto.TestBCrypt"/>
  <testcase name="testHashpw" time="2.531" classname="com.distrimind.util.crypto.TestBCrypt"/>
  <testcase name="testInternationalChars" time="0.388" classname="com.distrimind.util.crypto.TestBCrypt"/>
  <testcase name="testFunctions" time="0.023" classname="com.distrimind.util.version.VersionTests"/>
  <testcase name="testEncodeAndSeparateEncoding" time="0.001" classname="com.distrimind.util.crypto.CryptoTests"/>
  <testcase name="testEncodeAndSeparateEncoding" time="0.001" classname="com.distrimind.util.crypto.CryptoTests"/>
  <testcase name="testEncodeAndSeparateEncoding" time="0.001" classname="com.distrimind.util.crypto.CryptoTests"/>
  <testcase name="testEncodeAndSeparateEncoding" time="0.001" classname="com.distrimind.util.crypto.CryptoTests"/>
  <testcase name="testEncodeAndSeparateEncoding" time="0.001" classname="com.distrimind.util.crypto.CryptoTests"/>
  <testcase name="testEncodeAndSeparateEncoding" time="0.0" classname="com.distrimind.util.crypto.CryptoTests"/>
  <testcase name="testEncodeAndSeparateEncoding" time="0.001" classname="com.distrimind.util.crypto.CryptoTests"/>
  <testcase name="testEncodeAndSeparateEncoding" time="0.0" classname="com.distrimind.util.crypto.CryptoTests"/>
  <testcase name="testEncodeAndSeparateEncoding" time="0.0" classname="com.distrimind.util.crypto.CryptoTests"/>
  <testcase name="testEncodeAndSeparateEncoding" time="0.0" classname="com.distrimind.util.crypto.CryptoTests"/>
  <testcase name="testEncodeAndSeparateEncoding" time="0.001" classname="com.distrimind.util.crypto.CryptoTests"/>
  <testcase name="testEncodeAndSeparateEncoding" time="0.001" classname="com.distrimind.util.crypto.CryptoTests"/>
  <testcase name="testEncodeAndSeparateEncoding" time="0.001" classname="com.distrimind.util.crypto.CryptoTests"/>
  <testcase name="testEncodeAndSeparateEncoding" time="0.0" classname="com.distrimind.util.crypto.CryptoTests"/>
  <testcase name="testEncodeAndSeparateEncoding" time="0.0" classname="com.distrimind.util.crypto.CryptoTests"/>
  <testcase name="testEncodeAndSeparateEncoding" time="0.001" classname="com.distrimind.util.crypto.CryptoTests"/>
  <testcase name="testEncodeAndSeparateEncoding" time="0.001" classname="com.distrimind.util.crypto.CryptoTests"/>
  <testcase name="testEncodeAndSeparateEncoding" time="0.0" classname="com.distrimind.util.crypto.CryptoTests"/>
  <testcase name="testEncodeAndSeparateEncoding" time="0.0" classname="com.distrimind.util.crypto.CryptoTests"/>
  <testcase name="testEncodeAndSeparateEncoding" time="0.0" classname="com.distrimind.util.crypto.CryptoTests"/>
  <testcase name="testMessageDigest" time="0.05" classname="com.distrimind.util.crypto.CryptoTests"/>
  <testcase name="testMessageDigest" time="0.076" classname="com.distrimind.util.crypto.CryptoTests"/>
  <testcase name="testMessageDigest" time="0.108" classname="com.distrimind.util.crypto.CryptoTests"/>
  <testcase name="testMessageDigest" time="0.114" classname="com.distrimind.util.crypto.CryptoTests"/>
  <testcase name="testMessageDigest" time="0.1" classname="com.distrimind.util.crypto.CryptoTests"/>
  <testcase name="testMessageDigest" time="0.105" classname="com.distrimind.util.crypto.CryptoTests"/>
  <testcase name="testMessageDigest" time="0.164" classname="com.distrimind.util.crypto.CryptoTests"/>
  <testcase name="testMessageDigest" time="0.167" classname="com.distrimind.util.crypto.CryptoTests"/>
  <testcase name="testMessageDigest" time="0.181" classname="com.distrimind.util.crypto.CryptoTests"/>
  <testcase name="testMessageDigest" time="0.184" classname="com.distrimind.util.crypto.CryptoTests"/>
  <testcase name="testPasswordHash" time="3.142" classname="com.distrimind.util.crypto.CryptoTests"/>
  <testcase name="testPasswordHash" time="3.183" classname="com.distrimind.util.crypto.CryptoTests"/>
  <testcase name="testPasswordHash" time="3.209" classname="com.distrimind.util.crypto.CryptoTests"/>
  <testcase name="testPasswordHash" time="10.297" classname="com.distrimind.util.crypto.CryptoTests"/>
  <testcase name="testPasswordHash" time="12.187" classname="com.distrimind.util.crypto.CryptoTests"/>
  <testcase name="testPasswordHash" time="12.912" classname="com.distrimind.util.crypto.CryptoTests"/>
  <testcase name="testPasswordHash" time="13.487" classname="com.distrimind.util.crypto.CryptoTests"/>
  <testcase name="testPasswordHash" time="36.182" classname="com.distrimind.util.crypto.CryptoTests"/>
  <testcase name="testSecureRandom" time="0.007" classname="com.distrimind.util.crypto.CryptoTests"/>
  <testcase name="testSecureRandom" time="0.007" classname="com.distrimind.util.crypto.CryptoTests"/>
  <testcase name="testSecureRandom" time="0.019" classname="com.distrimind.util.crypto.CryptoTests"/>
  <testcase name="testSecureRandom" time="0.018" classname="com.distrimind.util.crypto.CryptoTests"/>
  <testcase name="testSecureRandom" time="0.024" classname="com.distrimind.util.crypto.CryptoTests"/>
  <testcase name="testSecureRandom" time="0.024" classname="com.distrimind.util.crypto.CryptoTests"/>
  <testcase name="testSecureRandom" time="0.021" classname="com.distrimind.util.crypto.CryptoTests"/>
  <testcase name="testSecureRandom" time="0.025" classname="com.distrimind.util.crypto.CryptoTests"/>
  <testcase name="testSecureRandom" time="0.025" classname="com.distrimind.util.crypto.CryptoTests"/>
  <testcase name="testSignatures" time="0.518" classname="com.distrimind.util.crypto.CryptoTests"/>
  <testcase name="testSignatures" time="0.558" classname="com.distrimind.util.crypto.CryptoTests"/>
  <testcase name="testSignatures" time="0.578" classname="com.distrimind.util.crypto.CryptoTests"/>
  <testcase name="testSignatures" time="0.834" classname="com.distrimind.util.crypto.CryptoTests"/>
  <testcase name="testSignatures" time="0.261" classname="com.distrimind.util.crypto.CryptoTests"/>
  <testcase name="testSignatures" time="0.603" classname="com.distrimind.util.crypto.CryptoTests"/>
  <testcase name="testSignatures" time="1.474" classname="com.distrimind.util.crypto.CryptoTests"/>
  <testcase name="testSignatures" time="0.0" classname="com.distrimind.util.crypto.CryptoTests"/>
  <testcase name="testSignatures" time="0.0" classname="com.distrimind.util.crypto.CryptoTests"/>
  <testcase name="testSignatures" time="0.0" classname="com.distrimind.util.crypto.CryptoTests"/>
  <testcase name="testSignatures" time="0.0" classname="com.distrimind.util.crypto.CryptoTests"/>
  <testcase name="testSignatures" time="0.02" classname="com.distrimind.util.crypto.CryptoTests"/>
  <testcase name="testSignatures" time="0.0" classname="com.distrimind.util.crypto.CryptoTests"/>
  <testcase name="testSignatures" time="0.001" classname="com.distrimind.util.crypto.CryptoTests"/>
  <testcase name="testSignatures" time="0.0" classname="com.distrimind.util.crypto.CryptoTests"/>
  <testcase name="testSignatures" time="0.001" classname="com.distrimind.util.crypto.CryptoTests"/>
  <testcase name="testSignatures" time="0.0" classname="com.distrimind.util.crypto.CryptoTests"/>
  <testcase name="testSignatures" time="0.0" classname="com.distrimind.util.crypto.CryptoTests"/>
  <testcase name="testSignatures" time="0.0" classname="com.distrimind.util.crypto.CryptoTests"/>
  <testcase name="testSignatures" time="0.238" classname="com.distrimind.util.crypto.CryptoTests"/>
  <testcase name="testSignatures" time="0.69" classname="com.distrimind.util.crypto.CryptoTests"/>
  <testcase name="testSignatures" time="3.682" classname="com.distrimind.util.crypto.CryptoTests"/>
  <testcase name="testSignatures" time="4.338" classname="com.distrimind.util.crypto.CryptoTests"/>
  <testcase name="testSignatures" time="0.08" classname="com.distrimind.util.crypto.CryptoTests"/>
  <testcase name="testSignatures" time="1.041" classname="com.distrimind.util.crypto.CryptoTests"/>
  <testcase name="testSignatures" time="5.969" classname="com.distrimind.util.crypto.CryptoTests"/>
  <testcase name="testSignatures" time="6.692" classname="com.distrimind.util.crypto.CryptoTests"/>
  <testcase name="testSignatures" time="0.066" classname="com.distrimind.util.crypto.CryptoTests"/>
  <testcase name="testSignatures" time="6.115" classname="com.distrimind.util.crypto.CryptoTests"/>
  <testcase name="testSignatures" time="2.117" classname="com.distrimind.util.crypto.CryptoTests"/>
  <testcase name="testSignatures" time="0.732" classname="com.distrimind.util.crypto.CryptoTests"/>
  <testcase name="testSignatures" time="0.065" classname="com.distrimind.util.crypto.CryptoTests"/>
  <testcase name="testSignatures" time="1.431" classname="com.distrimind.util.crypto.CryptoTests"/>
  <testcase name="testSignatures" time="1.857" classname="com.distrimind.util.crypto.CryptoTests"/>
  <testcase name="testSignatures" time="2.177" classname="com.distrimind.util.crypto.CryptoTests"/>
  <testcase name="testSignatures" time="0.0" classname="com.distrimind.util.crypto.CryptoTests"/>
  <testcase name="testSignatures" time="0.001" classname="com.distrimind.util.crypto.CryptoTests"/>
  <testcase name="testSignatures" time="0.0" classname="com.distrimind.util.crypto.CryptoTests"/>
  <testcase name="testSignatures" time="0.001" classname="com.distrimind.util.crypto.CryptoTests"/>
  <testcase name="testSignatures" time="0.001" classname="com.distrimind.util.crypto.CryptoTests"/>
  <testcase name="testSignatures" time="0.0" classname="com.distrimind.util.crypto.CryptoTests"/>
  <testcase name="testSignatures" time="0.0" classname="com.distrimind.util.crypto.CryptoTests"/>
  <testcase name="testSignatures" time="0.0" classname="com.distrimind.util.crypto.CryptoTests"/>
  <testcase name="testSignatures" time="0.0" classname="com.distrimind.util.crypto.CryptoTests"/>
  <testcase name="testSignatures" time="0.0" classname="com.distrimind.util.crypto.CryptoTests"/>
  <testcase name="testSignatures" time="0.001" classname="com.distrimind.util.crypto.CryptoTests"/>
  <testcase name="testSignatures" time="0.0" classname="com.distrimind.util.crypto.CryptoTests"/>
  <testcase name="testSignatures" time="0.055" classname="com.distrimind.util.crypto.CryptoTests"/>
  <testcase name="testSignatures" time="2.301" classname="com.distrimind.util.crypto.CryptoTests"/>
  <testcase name="testSignatures" time="2.355" classname="com.distrimind.util.crypto.CryptoTests"/>
  <testcase name="testSignatures" time="9.63" classname="com.distrimind.util.crypto.CryptoTests"/>
  <testcase name="testSignatures" time="0.078" classname="com.distrimind.util.crypto.CryptoTests"/>
  <testcase name="testSignatures" time="1.143" classname="com.distrimind.util.crypto.CryptoTests"/>
  <testcase name="testSignatures" time="2.639" classname="com.distrimind.util.crypto.CryptoTests"/>
  <testcase name="testSignatures" time="5.319" classname="com.distrimind.util.crypto.CryptoTests"/>
  <testcase name="testSignatures" time="0.205" classname="com.distrimind.util.crypto.CryptoTests"/>
  <testcase name="testSignatures" time="3.029" classname="com.distrimind.util.crypto.CryptoTests"/>
  <testcase name="testSignatures" time="0.362" classname="com.distrimind.util.crypto.CryptoTests"/>
  <testcase name="testSignatures" time="18.809" classname="com.distrimind.util.crypto.CryptoTests"/>
  <testcase name="testSignatures" time="0.144" classname="com.distrimind.util.crypto.CryptoTests"/>
  <testcase name="testSignatures" time="0.549" classname="com.distrimind.util.crypto.CryptoTests"/>
  <testcase name="testSignatures" time="17.274" classname="com.distrimind.util.crypto.CryptoTests"/>
  <testcase name="testSignatures" time="3.63" classname="com.distrimind.util.crypto.CryptoTests"/>
  <testcase name="testSignatures" time="0.004" classname="com.distrimind.util.crypto.CryptoTests"/>
  <testcase name="testSignatures" time="0.002" classname="com.distrimind.util.crypto.CryptoTests"/>
  <testcase name="testSignatures" time="0.003" classname="com.distrimind.util.crypto.CryptoTests"/>
  <testcase name="testSignatures" time="0.002" classname="com.distrimind.util.crypto.CryptoTests"/>
  <testcase name="testSignatures" time="0.012" classname="com.distrimind.util.crypto.CryptoTests"/>
  <testcase name="testSignatures" time="0.006" classname="com.distrimind.util.crypto.CryptoTests"/>
  <testcase name="testSignatures" time="0.0" classname="com.distrimind.util.crypto.CryptoTests"/>
  <testcase name="testSignatures" time="0.0" classname="com.distrimind.util.crypto.CryptoTests"/>
  <testcase name="testSignatures" time="0.0" classname="com.distrimind.util.crypto.CryptoTests"/>
  <testcase name="testSignatures" time="0.0" classname="com.distrimind.util.crypto.CryptoTests"/>
  <testcase name="testSignatures" time="0.0" classname="com.distrimind.util.crypto.CryptoTests"/>
  <testcase name="testSignatures" time="0.001" classname="com.distrimind.util.crypto.CryptoTests"/>
  <testcase name="testSignatures" time="15.975" classname="com.distrimind.util.crypto.CryptoTests"/>
  <testcase name="testSignatures" time="6.097" classname="com.distrimind.util.crypto.CryptoTests"/>
  <testcase name="testSignatures" time="9.157" classname="com.distrimind.util.crypto.CryptoTests"/>
  <testcase name="testSignatures" time="25.649" classname="com.distrimind.util.crypto.CryptoTests"/>
  <testcase name="testSignatures" time="20.672" classname="com.distrimind.util.crypto.CryptoTests"/>
  <testcase name="testSignatures" time="8.981" classname="com.distrimind.util.crypto.CryptoTests"/>
  <testcase name="testSignatures" time="14.781" classname="com.distrimind.util.crypto.CryptoTests"/>
  <testcase name="testSignatures" time="30.789" classname="com.distrimind.util.crypto.CryptoTests"/>
  <testcase name="testSignatures" time="38.511" classname="com.distrimind.util.crypto.CryptoTests"/>
  <testcase name="testFreeProperties" time="0.0" classname="com.distrimind.util.properties.TestProperties"/>
  <testcase name="testPropertiesExport" time="0.002" classname="com.distrimind.util.properties.TestProperties"/>
  <testcase name="testPropertiesExport" time="0.096" classname="com.distrimind.util.properties.TestProperties"/>
  <testcase name="testPropertiesExport" time="0.183" classname="com.distrimind.util.properties.TestProperties"/>
  <testcase name="testPropertiesExport" time="0.008" classname="com.distrimind.util.properties.TestProperties"/>
  <testcase name="testPropertiesExport" time="0.097" classname="com.distrimind.util.properties.TestProperties"/>
  <testcase name="testPropertiesExport" time="0.005" classname="com.distrimind.util.properties.TestProperties"/>
  <testcase name="testPropertiesExport" time="0.007" classname="com.distrimind.util.properties.TestProperties"/>
  <testcase name="testPropertiesExport" time="0.006" classname="com.distrimind.util.properties.TestProperties"/>
  <testcase name="testPropertiesExport" time="0.004" classname="com.distrimind.util.properties.TestProperties"/>
  <testcase name="testPropertiesExport" time="0.003" classname="com.distrimind.util.properties.TestProperties"/>
  <testcase name="testPropertiesExport" time="0.003" classname="com.distrimind.util.properties.TestProperties"/>
  <testcase name="testPropertiesExport" time="0.004" classname="com.distrimind.util.properties.TestProperties"/>
  <testcase name="testPropertiesExport" time="0.004" classname="com.distrimind.util.properties.TestProperties"/>
  <testcase name="testPropertiesExport" time="0.007" classname="com.distrimind.util.properties.TestProperties"/>
  <testcase name="testPropertiesExport" time="0.004" classname="com.distrimind.util.properties.TestProperties"/>
  <testcase name="testPropertiesExport" time="0.005" classname="com.distrimind.util.properties.TestProperties"/>
  <testcase name="testPropertiesExport" time="0.008" classname="com.distrimind.util.properties.TestProperties"/>
  <testcase name="testPropertiesExport" time="0.005" classname="com.distrimind.util.properties.TestProperties"/>
  <testcase name="testPropertiesExport" time="0.003" classname="com.distrimind.util.properties.TestProperties"/>
  <testcase name="testPropertiesExport" time="0.003" classname="com.distrimind.util.properties.TestProperties"/>
  <testcase name="testPropertiesExport" time="0.003" classname="com.distrimind.util.properties.TestProperties"/>
  <testcase name="testPropertiesExport" time="0.003" classname="com.distrimind.util.properties.TestProperties"/>
  <testcase name="testPropertiesExport" time="0.045" classname="com.distrimind.util.properties.TestProperties"/>
  <testcase name="testPropertiesExport" time="0.003" classname="com.distrimind.util.properties.TestProperties"/>
  <testcase name="testPropertiesExport" time="0.002" classname="com.distrimind.util.properties.TestProperties"/>
  <testcase name="testPropertiesExport" time="0.003" classname="com.distrimind.util.properties.TestProperties"/>
  <testcase name="testPropertiesExport" time="0.003" classname="com.distrimind.util.properties.TestProperties"/>
  <testcase name="testPropertiesExport" time="0.003" classname="com.distrimind.util.properties.TestProperties"/>
  <testcase name="testPropertiesExport" time="0.003" classname="com.distrimind.util.properties.TestProperties"/>
  <testcase name="testPropertiesExport" time="0.002" classname="com.distrimind.util.properties.TestProperties"/>
  <testcase name="testPropertiesExport" time="0.002" classname="com.distrimind.util.properties.TestProperties"/>
  <testcase name="testPropertiesExport" time="0.003" classname="com.distrimind.util.properties.TestProperties"/>
  <testcase name="testPropertiesExport" time="0.003" classname="com.distrimind.util.properties.TestProperties"/>
  <testcase name="testPropertiesExport" time="0.004" classname="com.distrimind.util.properties.TestProperties"/>
  <testcase name="testPropertiesExport" time="0.006" classname="com.distrimind.util.properties.TestProperties"/>
  <testcase name="testPropertiesExport" time="0.003" classname="com.distrimind.util.properties.TestProperties"/>
  <testcase name="testPropertiesExport" time="0.003" classname="com.distrimind.util.properties.TestProperties"/>
  <testcase name="testPropertiesExport" time="0.005" classname="com.distrimind.util.properties.TestProperties"/>
  <testcase name="testPropertiesExport" time="0.004" classname="com.distrimind.util.properties.TestProperties"/>
  <testcase name="testPropertiesExport" time="0.003" classname="com.distrimind.util.properties.TestProperties"/>
  <testcase name="testPropertiesExport" time="0.003" classname="com.distrimind.util.properties.TestProperties"/>
  <testcase name="testPropertiesExport" time="0.006" classname="com.distrimind.util.properties.TestProperties"/>
  <testcase name="testPropertiesExport" time="0.004" classname="com.distrimind.util.properties.TestProperties"/>
  <testcase name="testPropertiesExport" time="0.002" classname="com.distrimind.util.properties.TestProperties"/>
  <testcase name="testPropertiesExport" time="0.006" classname="com.distrimind.util.properties.TestProperties"/>
  <testcase name="testPropertiesExport" time="0.003" classname="com.distrimind.util.properties.TestProperties"/>
  <testcase name="testPropertiesExport" time="0.003" classname="com.distrimind.util.properties.TestProperties"/>
  <testcase name="testPropertiesExport" time="0.003" classname="com.distrimind.util.properties.TestProperties"/>
  <testcase name="testPropertiesExport" time="0.003" classname="com.distrimind.util.properties.TestProperties"/>
  <testcase name="testPropertiesExport" time="0.003" classname="com.distrimind.util.properties.TestProperties"/>
  <testcase name="testPropertiesExport" time="0.003" classname="com.distrimind.util.properties.TestProperties"/>
  <testcase name="testPropertiesExport" time="0.004" classname="com.distrimind.util.properties.TestProperties"/>
  <testcase name="testPropertiesExport" time="0.002" classname="com.distrimind.util.properties.TestProperties"/>
  <testcase name="testPropertiesExport" time="0.003" classname="com.distrimind.util.properties.TestProperties"/>
  <testcase name="testPropertiesExport" time="0.003" classname="com.distrimind.util.properties.TestProperties"/>
  <testcase name="testPropertiesExport" time="0.002" classname="com.distrimind.util.properties.TestProperties"/>
  <testcase name="testPropertiesExport" time="0.002" classname="com.distrimind.util.properties.TestProperties"/>
  <testcase name="testPropertiesExport" time="0.002" classname="com.distrimind.util.properties.TestProperties"/>
  <testcase name="testPropertiesExport" time="0.002" classname="com.distrimind.util.properties.TestProperties"/>
  <testcase name="testPropertiesExport" time="0.003" classname="com.distrimind.util.properties.TestProperties"/>
  <testcase name="testPropertiesExport" time="0.002" classname="com.distrimind.util.properties.TestProperties"/>
  <testcase name="testPropertiesExport" time="0.002" classname="com.distrimind.util.properties.TestProperties"/>
  <testcase name="testPropertiesExport" time="0.002" classname="com.distrimind.util.properties.TestProperties"/>
  <testcase name="testPropertiesExport" time="0.002" classname="com.distrimind.util.properties.TestProperties"/>
  <testcase name="testPropertiesExport" time="0.002" classname="com.distrimind.util.properties.TestProperties"/>
  <testcase name="testPropertiesExport" time="0.002" classname="com.distrimind.util.properties.TestProperties"/>
  <testcase name="testPropertiesExport" time="0.002" classname="com.distrimind.util.properties.TestProperties"/>
  <testcase name="testPropertiesExport" time="0.002" classname="com.distrimind.util.properties.TestProperties"/>
  <testcase name="testPropertiesExport" time="0.002" classname="com.distrimind.util.properties.TestProperties"/>
  <testcase name="testPropertiesExport" time="0.012" classname="com.distrimind.util.properties.TestProperties"/>
  <testcase name="testPropertiesExport" time="0.003" classname="com.distrimind.util.properties.TestProperties"/>
  <testcase name="testPropertiesExport" time="0.003" classname="com.distrimind.util.properties.TestProperties"/>
  <testcase name="testPropertiesExport" time="0.002" classname="com.distrimind.util.properties.TestProperties"/>
  <testcase name="testPropertiesExport" time="0.002" classname="com.distrimind.util.properties.TestProperties"/>
  <testcase name="testPropertiesExport" time="0.006" classname="com.distrimind.util.properties.TestProperties"/>
  <testcase name="testPropertiesExport" time="0.002" classname="com.distrimind.util.properties.TestProperties"/>
  <testcase name="testPropertiesExport" time="0.003" classname="com.distrimind.util.properties.TestProperties"/>
  <testcase name="testPropertiesExport" time="0.002" classname="com.distrimind.util.properties.TestProperties"/>
  <testcase name="testPropertiesExport" time="0.002" classname="com.distrimind.util.properties.TestProperties"/>
  <testcase name="testPropertiesExport" time="0.002" classname="com.distrimind.util.properties.TestProperties"/>
  <testcase name="testPropertiesExport" time="0.008" classname="com.distrimind.util.properties.TestProperties"/>
  <testcase name="testPropertiesExport" time="0.002" classname="com.distrimind.util.properties.TestProperties"/>
  <testcase name="testPropertiesExport" time="0.002" classname="com.distrimind.util.properties.TestProperties"/>
  <testcase name="testPropertiesExport" time="0.003" classname="com.distrimind.util.properties.TestProperties"/>
  <testcase name="testPropertiesExport" time="0.002" classname="com.distrimind.util.properties.TestProperties"/>
  <testcase name="testPropertiesExport" time="0.001" classname="com.distrimind.util.properties.TestProperties"/>
  <testcase name="testPropertiesExport" time="0.001" classname="com.distrimind.util.properties.TestProperties"/>
  <testcase name="testPropertiesExport" time="0.002" classname="com.distrimind.util.properties.TestProperties"/>
  <testcase name="testPropertiesExport" time="0.002" classname="com.distrimind.util.properties.TestProperties"/>
  <testcase name="testPropertiesExport" time="0.002" classname="com.distrimind.util.properties.TestProperties"/>
  <testcase name="testPropertiesExport" time="0.003" classname="com.distrimind.util.properties.TestProperties"/>
  <testcase name="testPropertiesExport" time="0.002" classname="com.distrimind.util.properties.TestProperties"/>
  <testcase name="testPropertiesExport" time="0.002" classname="com.distrimind.util.properties.TestProperties"/>
  <testcase name="testPropertiesExport" time="0.002" classname="com.distrimind.util.properties.TestProperties"/>
  <testcase name="testPropertiesExport" time="0.002" classname="com.distrimind.util.properties.TestProperties"/>
  <testcase name="testPropertiesExport" time="0.002" classname="com.distrimind.util.properties.TestProperties"/>
  <testcase name="testPropertiesExport" time="0.003" classname="com.distrimind.util.properties.TestProperties"/>
  <testcase name="testPropertiesExport" time="0.003" classname="com.distrimind.util.properties.TestProperties"/>
  <testcase name="testPropertiesExport" time="0.002" classname="com.distrimind.util.properties.TestProperties"/>
  <testcase name="testPropertiesExport" time="0.002" classname="com.distrimind.util.properties.TestProperties"/>
  <testcase name="testPropertiesXMLSave" time="0.034" classname="com.distrimind.util.properties.TestProperties"/>
  <testcase name="testPropertiesXMLSave" time="0.025" classname="com.distrimind.util.properties.TestProperties"/>
  <testcase name="testPropertiesXMLSave" time="0.02" classname="com.distrimind.util.properties.TestProperties"/>
  <testcase name="testPropertiesXMLSave" time="0.018" classname="com.distrimind.util.properties.TestProperties"/>
  <testcase name="testPropertiesXMLSave" time="0.015" classname="com.distrimind.util.properties.TestProperties"/>
  <testcase name="testPropertiesXMLSave" time="0.014" classname="com.distrimind.util.properties.TestProperties"/>
  <testcase name="testPropertiesXMLSave" time="0.018" classname="com.distrimind.util.properties.TestProperties"/>
  <testcase name="testPropertiesXMLSave" time="0.017" classname="com.distrimind.util.properties.TestProperties"/>
  <testcase name="testPropertiesXMLSave" time="0.014" classname="com.distrimind.util.properties.TestProperties"/>
  <testcase name="testPropertiesXMLSave" time="0.009" classname="com.distrimind.util.properties.TestProperties"/>
  <testcase name="testPropertiesXMLSave" time="0.009" classname="com.distrimind.util.properties.TestProperties"/>
  <testcase name="testPropertiesXMLSave" time="0.008" classname="com.distrimind.util.properties.TestProperties"/>
  <testcase name="testPropertiesXMLSave" time="0.009" classname="com.distrimind.util.properties.TestProperties"/>
  <testcase name="testPropertiesXMLSave" time="0.008" classname="com.distrimind.util.properties.TestProperties"/>
  <testcase name="testPropertiesXMLSave" time="0.007" classname="com.distrimind.util.properties.TestProperties"/>
  <testcase name="testPropertiesXMLSave" time="0.013" classname="com.distrimind.util.properties.TestProperties"/>
  <testcase name="testPropertiesXMLSave" time="0.008" classname="com.distrimind.util.properties.TestProperties"/>
  <testcase name="testPropertiesXMLSave" time="0.007" classname="com.distrimind.util.properties.TestProperties"/>
  <testcase name="testPropertiesXMLSave" time="0.008" classname="com.distrimind.util.properties.TestProperties"/>
  <testcase name="testPropertiesXMLSave" time="0.007" classname="com.distrimind.util.properties.TestProperties"/>
  <testcase name="testPropertiesXMLSave" time="0.007" classname="com.distrimind.util.properties.TestProperties"/>
  <testcase name="testPropertiesXMLSave" time="0.007" classname="com.distrimind.util.properties.TestProperties"/>
  <testcase name="testPropertiesXMLSave" time="0.006" classname="com.distrimind.util.properties.TestProperties"/>
  <testcase name="testPropertiesXMLSave" time="0.01" classname="com.distrimind.util.properties.TestProperties"/>
  <testcase name="testPropertiesXMLSave" time="0.007" classname="com.distrimind.util.properties.TestProperties"/>
  <testcase name="testPropertiesXMLSave" time="0.009" classname="com.distrimind.util.properties.TestProperties"/>
  <testcase name="testPropertiesXMLSave" time="0.006" classname="com.distrimind.util.properties.TestProperties"/>
  <testcase name="testPropertiesXMLSave" time="0.007" classname="com.distrimind.util.properties.TestProperties"/>
  <testcase name="testPropertiesXMLSave" time="0.007" classname="com.distrimind.util.properties.TestProperties"/>
  <testcase name="testPropertiesXMLSave" time="0.012" classname="com.distrimind.util.properties.TestProperties"/>
  <testcase name="testPropertiesXMLSave" time="0.008" classname="com.distrimind.util.properties.TestProperties"/>
  <testcase name="testPropertiesXMLSave" time="0.006" classname="com.distrimind.util.properties.TestProperties"/>
  <testcase name="testPropertiesXMLSave" time="0.007" classname="com.distrimind.util.properties.TestProperties"/>
  <testcase name="testPropertiesXMLSave" time="0.007" classname="com.distrimind.util.properties.TestProperties"/>
  <testcase name="testPropertiesXMLSave" time="0.007" classname="com.distrimind.util.properties.TestProperties"/>
  <testcase name="testPropertiesXMLSave" time="0.006" classname="com.distrimind.util.properties.TestProperties"/>
  <testcase name="testPropertiesXMLSave" time="0.006" classname="com.distrimind.util.properties.TestProperties"/>
  <testcase name="testPropertiesXMLSave" time="0.007" classname="com.distrimind.util.properties.TestProperties"/>
  <testcase name="testPropertiesXMLSave" time="0.007" classname="com.distrimind.util.properties.TestProperties"/>
  <testcase name="testPropertiesXMLSave" time="0.008" classname="com.distrimind.util.properties.TestProperties"/>
  <testcase name="testPropertiesXMLSave" time="0.006" classname="com.distrimind.util.properties.TestProperties"/>
  <testcase name="testPropertiesXMLSave" time="0.006" classname="com.distrimind.util.properties.TestProperties"/>
  <testcase name="testPropertiesXMLSave" time="0.006" classname="com.distrimind.util.properties.TestProperties"/>
  <testcase name="testPropertiesXMLSave" time="0.006" classname="com.distrimind.util.properties.TestProperties"/>
  <testcase name="testPropertiesXMLSave" time="0.005" classname="com.distrimind.util.properties.TestProperties"/>
  <testcase name="testPropertiesXMLSave" time="0.007" classname="com.distrimind.util.properties.TestProperties"/>
  <testcase name="testPropertiesXMLSave" time="0.007" classname="com.distrimind.util.properties.TestProperties"/>
  <testcase name="testPropertiesXMLSave" time="0.007" classname="com.distrimind.util.properties.TestProperties"/>
  <testcase name="testPropertiesXMLSave" time="0.007" classname="com.distrimind.util.properties.TestProperties"/>
  <testcase name="testPropertiesXMLSave" time="0.006" classname="com.distrimind.util.properties.TestProperties"/>
  <testcase name="testPropertiesXMLSave" time="0.007" classname="com.distrimind.util.properties.TestProperties"/>
  <testcase name="testPropertiesXMLSave" time="0.005" classname="com.distrimind.util.properties.TestProperties"/>
  <testcase name="testPropertiesXMLSave" time="0.006" classname="com.distrimind.util.properties.TestProperties"/>
  <testcase name="testPropertiesXMLSave" time="0.006" classname="com.distrimind.util.properties.TestProperties"/>
  <testcase name="testPropertiesXMLSave" time="0.007" classname="com.distrimind.util.properties.TestProperties"/>
  <testcase name="testPropertiesXMLSave" time="0.005" classname="com.distrimind.util.properties.TestProperties"/>
  <testcase name="testPropertiesXMLSave" time="0.007" classname="com.distrimind.util.properties.TestProperties"/>
  <testcase name="testPropertiesXMLSave" time="0.005" classname="com.distrimind.util.properties.TestProperties"/>
  <testcase name="testPropertiesXMLSave" time="0.006" classname="com.distrimind.util.properties.TestProperties"/>
  <testcase name="testPropertiesXMLSave" time="0.006" classname="com.distrimind.util.properties.TestProperties"/>
  <testcase name="testPropertiesXMLSave" time="0.007" classname="com.distrimind.util.properties.TestProperties"/>
  <testcase name="testPropertiesXMLSave" time="0.005" classname="com.distrimind.util.properties.TestProperties"/>
  <testcase name="testPropertiesXMLSave" time="0.005" classname="com.distrimind.util.properties.TestProperties"/>
  <testcase name="testPropertiesXMLSave" time="0.005" classname="com.distrimind.util.properties.TestProperties"/>
  <testcase name="testPropertiesXMLSave" time="0.006" classname="com.distrimind.util.properties.TestProperties"/>
  <testcase name="testPropertiesXMLSave" time="0.005" classname="com.distrimind.util.properties.TestProperties"/>
  <testcase name="testPropertiesXMLSave" time="0.005" classname="com.distrimind.util.properties.TestProperties"/>
  <testcase name="testPropertiesXMLSave" time="0.005" classname="com.distrimind.util.properties.TestProperties"/>
  <testcase name="testPropertiesXMLSave" time="0.005" classname="com.distrimind.util.properties.TestProperties"/>
  <testcase name="testPropertiesXMLSave" time="0.004" classname="com.distrimind.util.properties.TestProperties"/>
  <testcase name="testPropertiesXMLSave" time="0.006" classname="com.distrimind.util.properties.TestProperties"/>
  <testcase name="testPropertiesXMLSave" time="0.005" classname="com.distrimind.util.properties.TestProperties"/>
  <testcase name="testPropertiesXMLSave" time="0.004" classname="com.distrimind.util.properties.TestProperties"/>
  <testcase name="testPropertiesXMLSave" time="0.005" classname="com.distrimind.util.properties.TestProperties"/>
  <testcase name="testPropertiesXMLSave" time="0.006" classname="com.distrimind.util.properties.TestProperties"/>
  <testcase name="testPropertiesXMLSave" time="0.006" classname="com.distrimind.util.properties.TestProperties"/>
  <testcase name="testPropertiesXMLSave" time="0.006" classname="com.distrimind.util.properties.TestProperties"/>
  <testcase name="testPropertiesXMLSave" time="0.005" classname="com.distrimind.util.properties.TestProperties"/>
  <testcase name="testPropertiesXMLSave" time="0.005" classname="com.distrimind.util.properties.TestProperties"/>
  <testcase name="testPropertiesXMLSave" time="0.005" classname="com.distrimind.util.properties.TestProperties"/>
  <testcase name="testPropertiesXMLSave" time="0.006" classname="com.distrimind.util.properties.TestProperties"/>
  <testcase name="testPropertiesXMLSave" time="0.005" classname="com.distrimind.util.properties.TestProperties"/>
  <testcase name="testPropertiesXMLSave" time="0.005" classname="com.distrimind.util.properties.TestProperties"/>
  <testcase name="testPropertiesXMLSave" time="0.005" classname="com.distrimind.util.properties.TestProperties"/>
  <testcase name="testPropertiesXMLSave" time="0.01" classname="com.distrimind.util.properties.TestProperties"/>
  <testcase name="testPropertiesXMLSave" time="0.006" classname="com.distrimind.util.properties.TestProperties"/>
  <testcase name="testPropertiesXMLSave" time="0.007" classname="com.distrimind.util.properties.TestProperties"/>
  <testcase name="testPropertiesXMLSave" time="0.005" classname="com.distrimind.util.properties.TestProperties"/>
  <testcase name="testPropertiesXMLSave" time="0.005" classname="com.distrimind.util.properties.TestProperties"/>
  <testcase name="testPropertiesXMLSave" time="0.006" classname="com.distrimind.util.properties.TestProperties"/>
  <testcase name="testPropertiesXMLSave" time="0.004" classname="com.distrimind.util.properties.TestProperties"/>
  <testcase name="testPropertiesXMLSave" time="0.005" classname="com.distrimind.util.properties.TestProperties"/>
  <testcase name="testPropertiesXMLSave" time="0.006" classname="com.distrimind.util.properties.TestProperties"/>
  <testcase name="testPropertiesXMLSave" time="0.007" classname="com.distrimind.util.properties.TestProperties"/>
  <testcase name="testPropertiesXMLSave" time="0.007" classname="com.distrimind.util.properties.TestProperties"/>
  <testcase name="testPropertiesXMLSave" time="0.007" classname="com.distrimind.util.properties.TestProperties"/>
  <testcase name="testPropertiesXMLSave" time="0.005" classname="com.distrimind.util.properties.TestProperties"/>
  <testcase name="testPropertiesXMLSave" time="0.007" classname="com.distrimind.util.properties.TestProperties"/>
  <testcase name="testPropertiesXMLSave" time="0.005" classname="com.distrimind.util.properties.TestProperties"/>
  <testcase name="testPropertiesXMLSave" time="0.005" classname="com.distrimind.util.properties.TestProperties"/>
  <testcase name="testASymmetricKeyPairEncoding" time="3.405" classname="com.distrimind.util.crypto.CryptoTests"/>
  <testcase name="testASymmetricKeyPairEncoding" time="8.061" classname="com.distrimind.util.crypto.CryptoTests"/>
  <testcase name="testASymmetricKeyPairEncoding" time="10.406" classname="com.distrimind.util.crypto.CryptoTests"/>
  <testcase name="testSecretKeyEncoding" time="0.039" classname="com.distrimind.util.crypto.CryptoTests"/>
  <testcase name="testSecretKeyEncoding" time="0.048" classname="com.distrimind.util.crypto.CryptoTests"/>
  <testcase name="testSecretKeyEncoding" time="0.038" classname="com.distrimind.util.crypto.CryptoTests"/>
  <testcase name="testSecretKeyEncoding" time="0.039" classname="com.distrimind.util.crypto.CryptoTests"/>
  <testcase name="testSecretKeyEncoding" time="0.033" classname="com.distrimind.util.crypto.CryptoTests"/>
  <testcase name="testSecretKeyEncoding" time="0.102" classname="com.distrimind.util.crypto.CryptoTests"/>
  <testcase name="testSecretKeyEncoding" time="0.113" classname="com.distrimind.util.crypto.CryptoTests"/>
  <testcase name="testSecretKeyEncoding" time="0.12" classname="com.distrimind.util.crypto.CryptoTests"/>
  <testcase name="testSecretKeyEncoding" time="0.12" classname="com.distrimind.util.crypto.CryptoTests"/>
  <testcase name="testSecretKeyEncoding" time="0.122" classname="com.distrimind.util.crypto.CryptoTests"/>
  <testcase name="testASymmetricSecretMessageExchanger" time="16.929" classname="com.distrimind.util.crypto.CryptoTests"/>
  <testcase name="testASymmetricSecretMessageExchanger" time="19.462" classname="com.distrimind.util.crypto.CryptoTests"/>
  <testcase name="testASymmetricSecretMessageExchanger" time="26.547" classname="com.distrimind.util.crypto.CryptoTests"/>
  <testcase name="testClientServerASymetricEncryptions" time="6.51" classname="com.distrimind.util.crypto.CryptoTests"/>
  <testcase name="testClientServerASymetricEncryptions" time="11.876" classname="com.distrimind.util.crypto.CryptoTests"/>
  <testcase name="testClientServerASymetricEncryptions" time="11.983" classname="com.distrimind.util.crypto.CryptoTests"/>
  <testcase name="testP2PASymetricEncryptions" time="141.287" classname="com.distrimind.util.crypto.CryptoTests"/>
  <testcase name="testP2PASymetricEncryptions" time="142.37" classname="com.distrimind.util.crypto.CryptoTests"/>
  <testcase name="testP2PASymetricEncryptions" time="156.631" classname="com.distrimind.util.crypto.CryptoTests"/>
  <testcase name="testSymetricEncryptions" time="0.598" classname="com.distrimind.util.crypto.CryptoTests"/>
  <testcase name="testSymetricEncryptions" time="0.71" classname="com.distrimind.util.crypto.CryptoTests"/>
  <testcase name="testSymetricEncryptions" time="0.835" classname="com.distrimind.util.crypto.CryptoTests"/>
  <testcase name="testSymetricEncryptions" time="0.873" classname="com.distrimind.util.crypto.CryptoTests"/>
  <testcase name="testSymetricEncryptions" time="1.007" classname="com.distrimind.util.crypto.CryptoTests"/>
  <testcase name="testSymetricEncryptions" time="1.095" classname="com.distrimind.util.crypto.CryptoTests"/>
  <testcase name="testSymetricEncryptions" time="1.137" classname="com.distrimind.util.crypto.CryptoTests"/>
  <testcase name="testSymetricEncryptions" time="1.121" classname="com.distrimind.util.crypto.CryptoTests"/>
  <testcase name="testSymetricEncryptions" time="1.14" classname="com.distrimind.util.crypto.CryptoTests"/>
  <testcase name="testSymetricEncryptions" time="1.216" classname="com.distrimind.util.crypto.CryptoTests"/>
  <testcase name="testHybridEncryptions" time="9.536" classname="com.distrimind.util.crypto.CryptoTests"/>
  <testcase name="testHybridEncryptions" time="10.46" classname="com.distrimind.util.crypto.CryptoTests"/>
  <testcase name="testHybridEncryptions" time="12.464" classname="com.distrimind.util.crypto.CryptoTests"/>
  <testcase name="testHybridEncryptions" time="16.893" classname="com.distrimind.util.crypto.CryptoTests"/>
  <testcase name="testHybridEncryptions" time="17.644" classname="com.distrimind.util.crypto.CryptoTests"/>
  <testcase name="testHybridEncryptions" time="19.341" classname="com.distrimind.util.crypto.CryptoTests"/>
  <testcase name="testHybridEncryptions" time="20.352" classname="com.distrimind.util.crypto.CryptoTests"/>
  <testcase name="testHybridEncryptions" time="16.079" classname="com.distrimind.util.crypto.CryptoTests"/>
  <testcase name="testHybridEncryptions" time="28.283" classname="com.distrimind.util.crypto.CryptoTests"/>
  <testcase name="testHybridEncryptions" time="30.9" classname="com.distrimind.util.crypto.CryptoTests"/>
  <testcase name="testHybridEncryptions" time="22.661" classname="com.distrimind.util.crypto.CryptoTests"/>
  <testcase name="testHybridEncryptions" time="36.769" classname="com.distrimind.util.crypto.CryptoTests"/>
  <testcase name="testHybridEncryptions" time="13.291" classname="com.distrimind.util.crypto.CryptoTests"/>
  <testcase name="testHybridEncryptions" time="11.198" classname="com.distrimind.util.crypto.CryptoTests"/>
  <testcase name="testHybridEncryptions" time="22.958" classname="com.distrimind.util.crypto.CryptoTests"/>
  <testcase name="testHybridEncryptions" time="29.234" classname="com.distrimind.util.crypto.CryptoTests"/>
  <testcase name="testHybridEncryptions" time="19.229" classname="com.distrimind.util.crypto.CryptoTests"/>
  <testcase name="testHybridEncryptions" time="10.86" classname="com.distrimind.util.crypto.CryptoTests"/>
  <testcase name="testHybridEncryptions" time="19.048" classname="com.distrimind.util.crypto.CryptoTests"/>
  <testcase name="testHybridEncryptions" time="39.048" classname="com.distrimind.util.crypto.CryptoTests"/>
  <testcase name="testHybridEncryptions" time="36.041" classname="com.distrimind.util.crypto.CryptoTests"/>
  <testcase name="testHybridEncryptions" time="24.09" classname="com.distrimind.util.crypto.CryptoTests"/>
  <testcase name="testHybridEncryptions" time="26.886" classname="com.distrimind.util.crypto.CryptoTests"/>
  <testcase name="testHybridEncryptions" time="52.775" classname="com.distrimind.util.crypto.CryptoTests"/>
  <testcase name="testHybridEncryptions" time="13.334" classname="com.distrimind.util.crypto.CryptoTests"/>
  <testcase name="testHybridEncryptions" time="26.104" classname="com.distrimind.util.crypto.CryptoTests"/>
  <testcase name="testHybridEncryptions" time="19.863" classname="com.distrimind.util.crypto.CryptoTests"/>
  <testcase name="testHybridEncryptions" time="22.674" classname="com.distrimind.util.crypto.CryptoTests"/>
  <testcase name="testHybridEncryptions" time="17.178" classname="com.distrimind.util.crypto.CryptoTests"/>
  <testcase name="testHybridEncryptions" time="25.271" classname="com.distrimind.util.crypto.CryptoTests"/>
  <testcase name="testDecentralizedID" time="1.089" classname="com.distrimind.util.DecentralizedIDTests"/>
  <testcase name="testRenforcedDecentralizedID" time="1.669" classname="com.distrimind.util.DecentralizedIDTests"/>
  <testcase name="testToBytes" time="0.001" classname="com.distrimind.util.DecentralizedIDTests"/>
  <testcase name="testToBytes" time="0.0" classname="com.distrimind.util.DecentralizedIDTests"/>
  <testcase name="testToBytes" time="0.0" classname="com.distrimind.util.DecentralizedIDTests"/>
  <testcase name="testToBytes" time="0.0" classname="com.distrimind.util.DecentralizedIDTests"/>
  <testcase name="testToBytes" time="0.0" classname="com.distrimind.util.DecentralizedIDTests"/>
  <testcase name="testToBytes" time="0.001" classname="com.distrimind.util.DecentralizedIDTests"/>
  <testcase name="testToBytes" time="0.0" classname="com.distrimind.util.DecentralizedIDTests"/>
  <testcase name="testToBytes" time="0.0" classname="com.distrimind.util.DecentralizedIDTests"/>
  <testcase name="testToBytes" time="0.0" classname="com.distrimind.util.DecentralizedIDTests"/>
  <testcase name="testToBytes" time="0.001" classname="com.distrimind.util.DecentralizedIDTests"/>
  <testcase name="testToBytes" time="0.0" classname="com.distrimind.util.DecentralizedIDTests"/>
  <testcase name="testToBytes" time="0.0" classname="com.distrimind.util.DecentralizedIDTests"/>
  <testcase name="testToBytes" time="0.0" classname="com.distrimind.util.DecentralizedIDTests"/>
  <testcase name="testToBytes" time="0.001" classname="com.distrimind.util.DecentralizedIDTests"/>
  <testcase name="testToBytes" time="0.0" classname="com.distrimind.util.DecentralizedIDTests"/>
  <testcase name="testToBytes" time="0.0" classname="com.distrimind.util.DecentralizedIDTests"/>
  <testcase name="testToBytes" time="0.0" classname="com.distrimind.util.DecentralizedIDTests"/>
  <testcase name="testToBytes" time="0.0" classname="com.distrimind.util.DecentralizedIDTests"/>
  <testcase name="testToBytes" time="0.0" classname="com.distrimind.util.DecentralizedIDTests"/>
  <testcase name="testToBytes" time="0.0" classname="com.distrimind.util.DecentralizedIDTests"/>
  <testcase name="testToBytes" time="0.0" classname="com.distrimind.util.DecentralizedIDTests"/>
  <testcase name="testToBytes" time="0.0" classname="com.distrimind.util.DecentralizedIDTests"/>
  <testcase name="testToBytes" time="0.01" classname="com.distrimind.util.DecentralizedIDTests"/>
  <testcase name="testToBytes" time="0.0" classname="com.distrimind.util.DecentralizedIDTests"/>
  <testcase name="testToBytes" time="0.001" classname="com.distrimind.util.DecentralizedIDTests"/>
  <testcase name="testToBytes" time="0.001" classname="com.distrimind.util.DecentralizedIDTests"/>
  <testcase name="testToBytes" time="0.001" classname="com.distrimind.util.DecentralizedIDTests"/>
  <testcase name="testToBytes" time="0.001" classname="com.distrimind.util.DecentralizedIDTests"/>
  <testcase name="testToBytes" time="0.001" classname="com.distrimind.util.DecentralizedIDTests"/>
  <testcase name="testToBytes" time="0.009" classname="com.distrimind.util.DecentralizedIDTests"/>
  <testcase name="testToBytes" time="0.0" classname="com.distrimind.util.DecentralizedIDTests"/>
  <testcase name="testToBytes" time="0.002" classname="com.distrimind.util.DecentralizedIDTests"/>
  <testcase name="testToBytes" time="0.002" classname="com.distrimind.util.DecentralizedIDTests"/>
  <testcase name="testToBytes" time="0.0" classname="com.distrimind.util.DecentralizedIDTests"/>
  <testcase name="testToBytes" time="0.0" classname="com.distrimind.util.DecentralizedIDTests"/>
  <testcase name="testToBytes" time="0.0" classname="com.distrimind.util.DecentralizedIDTests"/>
  <testcase name="testToBytes" time="0.0" classname="com.distrimind.util.DecentralizedIDTests"/>
  <testcase name="testToBytes" time="0.0" classname="com.distrimind.util.DecentralizedIDTests"/>
  <testcase name="testToBytes" time="0.0" classname="com.distrimind.util.DecentralizedIDTests"/>
  <testcase name="testToBytes" time="0.0" classname="com.distrimind.util.DecentralizedIDTests"/>
  <testcase name="testToBytes" time="0.0" classname="com.distrimind.util.DecentralizedIDTests"/>
  <testcase name="testToBytes" time="0.0" classname="com.distrimind.util.DecentralizedIDTests"/>
  <testcase name="testToBytes" time="0.0" classname="com.distrimind.util.DecentralizedIDTests"/>
  <testcase name="testToBytes" time="0.0" classname="com.distrimind.util.DecentralizedIDTests"/>
  <testcase name="testToBytes" time="0.0" classname="com.distrimind.util.DecentralizedIDTests"/>
  <testcase name="testToBytes" time="0.0" classname="com.distrimind.util.DecentralizedIDTests"/>
  <testcase name="testToBytes" time="0.001" classname="com.distrimind.util.DecentralizedIDTests"/>
  <testcase name="testToBytes" time="0.0" classname="com.distrimind.util.DecentralizedIDTests"/>
  <testcase name="testToBytes" time="0.001" classname="com.distrimind.util.DecentralizedIDTests"/>
  <testcase name="testToBytes" time="0.0" classname="com.distrimind.util.DecentralizedIDTests"/>
  <testcase name="testToBytes" time="0.0" classname="com.distrimind.util.DecentralizedIDTests"/>
  <testcase name="testToBytes" time="0.0" classname="com.distrimind.util.DecentralizedIDTests"/>
  <testcase name="testToBytes" time="0.0" classname="com.distrimind.util.DecentralizedIDTests"/>
  <testcase name="testToBytes" time="0.0" classname="com.distrimind.util.DecentralizedIDTests"/>
  <testcase name="testToBytes" time="0.0" classname="com.distrimind.util.DecentralizedIDTests"/>
  <testcase name="testToBytes" time="0.001" classname="com.distrimind.util.DecentralizedIDTests"/>
  <testcase name="testToBytes" time="0.0" classname="com.distrimind.util.DecentralizedIDTests"/>
  <testcase name="testToBytes" time="0.0" classname="com.distrimind.util.DecentralizedIDTests"/>
  <testcase name="testToBytes" time="0.0" classname="com.distrimind.util.DecentralizedIDTests"/>
  <testcase name="testToBytes" time="0.001" classname="com.distrimind.util.DecentralizedIDTests"/>
  <testcase name="testToBytes" time="0.0" classname="com.distrimind.util.DecentralizedIDTests"/>
  <testcase name="testToBytes" time="0.0" classname="com.distrimind.util.DecentralizedIDTests"/>
  <testcase name="testToBytes" time="0.0" classname="com.distrimind.util.DecentralizedIDTests"/>
  <testcase name="testToBytes" time="0.001" classname="com.distrimind.util.DecentralizedIDTests"/>
  <testcase name="testToBytes" time="0.0" classname="com.distrimind.util.DecentralizedIDTests"/>
  <testcase name="testToBytes" time="0.0" classname="com.distrimind.util.DecentralizedIDTests"/>
  <testcase name="testToBytes" time="0.0" classname="com.distrimind.util.DecentralizedIDTests"/>
  <testcase name="testToBytes" time="0.001" classname="com.distrimind.util.DecentralizedIDTests"/>
  <testcase name="testToBytes" time="0.0" classname="com.distrimind.util.DecentralizedIDTests"/>
  <testcase name="testToBytes" time="0.0" classname="com.distrimind.util.DecentralizedIDTests"/>
  <testcase name="testToBytes" time="0.0" classname="com.distrimind.util.DecentralizedIDTests"/>
  <testcase name="testToBytes" time="0.0" classname="com.distrimind.util.DecentralizedIDTests"/>
  <testcase name="testToBytes" time="0.0" classname="com.distrimind.util.DecentralizedIDTests"/>
  <testcase name="testToBytes" time="0.0" classname="com.distrimind.util.DecentralizedIDTests"/>
  <testcase name="testToBytes" time="0.0" classname="com.distrimind.util.DecentralizedIDTests"/>
  <testcase name="testToBytes" time="0.0" classname="com.distrimind.util.DecentralizedIDTests"/>
  <testcase name="testToBytes" time="0.0" classname="com.distrimind.util.DecentralizedIDTests"/>
  <testcase name="testToBytes" time="0.0" classname="com.distrimind.util.DecentralizedIDTests"/>
  <testcase name="testToBytes" time="0.0" classname="com.distrimind.util.DecentralizedIDTests"/>
  <testcase name="testToBytes" time="0.001" classname="com.distrimind.util.DecentralizedIDTests"/>
  <testcase name="testToBytes" time="0.0" classname="com.distrimind.util.DecentralizedIDTests"/>
  <testcase name="testToBytes" time="0.0" classname="com.distrimind.util.DecentralizedIDTests"/>
  <testcase name="testToBytes" time="0.0" classname="com.distrimind.util.DecentralizedIDTests"/>
  <testcase name="testToBytes" time="0.0" classname="com.distrimind.util.DecentralizedIDTests"/>
  <testcase name="testToBytes" time="0.0" classname="com.distrimind.util.DecentralizedIDTests"/>
  <testcase name="testToBytes" time="0.0" classname="com.distrimind.util.DecentralizedIDTests"/>
  <testcase name="testToBytes" time="0.014" classname="com.distrimind.util.DecentralizedIDTests"/>
  <testcase name="testToBytes" time="0.014" classname="com.distrimind.util.DecentralizedIDTests"/>
  <testcase name="testToBytes" time="0.015" classname="com.distrimind.util.DecentralizedIDTests"/>
  <testcase name="testToBytes" time="0.0" classname="com.distrimind.util.DecentralizedIDTests"/>
  <testcase name="testToBytes" time="0.0" classname="com.distrimind.util.DecentralizedIDTests"/>
  <testcase name="testToBytes" time="0.0" classname="com.distrimind.util.DecentralizedIDTests"/>
  <testcase name="testToBytes" time="0.001" classname="com.distrimind.util.DecentralizedIDTests"/>
  <testcase name="testToBytes" time="0.0" classname="com.distrimind.util.DecentralizedIDTests"/>
  <testcase name="testToBytes" time="0.0" classname="com.distrimind.util.DecentralizedIDTests"/>
  <testcase name="testToBytes" time="0.0" classname="com.distrimind.util.DecentralizedIDTests"/>
  <testcase name="testToBytes" time="0.0" classname="com.distrimind.util.DecentralizedIDTests"/>
  <testcase name="testToBytes" time="0.001" classname="com.distrimind.util.DecentralizedIDTests"/>
  <testcase name="testToBytes" time="0.0" classname="com.distrimind.util.DecentralizedIDTests"/>
  <testcase name="testToBytes" time="0.0" classname="com.distrimind.util.DecentralizedIDTests"/>
  <testcase name="testToBytes" time="0.0" classname="com.distrimind.util.DecentralizedIDTests"/>
  <testcase name="testToBytes" time="0.0" classname="com.distrimind.util.DecentralizedIDTests"/>
  <testcase name="testToBytes" time="0.0" classname="com.distrimind.util.DecentralizedIDTests"/>
  <testcase name="testToBytes" time="0.0" classname="com.distrimind.util.DecentralizedIDTests"/>
  <testcase name="testToBytes" time="0.0" classname="com.distrimind.util.DecentralizedIDTests"/>
  <testcase name="testToBytes" time="0.0" classname="com.distrimind.util.DecentralizedIDTests"/>
  <testcase name="testToBytes" time="0.001" classname="com.distrimind.util.DecentralizedIDTests"/>
  <testcase name="testToBytes" time="0.0" classname="com.distrimind.util.DecentralizedIDTests"/>
  <testcase name="testToBytes" time="0.0" classname="com.distrimind.util.DecentralizedIDTests"/>
  <testcase name="testToBytes" time="0.001" classname="com.distrimind.util.DecentralizedIDTests"/>
  <testcase name="testToBytes" time="0.0" classname="com.distrimind.util.DecentralizedIDTests"/>
  <testcase name="testToBytes" time="0.0" classname="com.distrimind.util.DecentralizedIDTests"/>
  <testcase name="testToBytes" time="0.0" classname="com.distrimind.util.DecentralizedIDTests"/>
  <testcase name="testToBytes" time="0.0" classname="com.distrimind.util.DecentralizedIDTests"/>
  <testcase name="testToBytes" time="0.002" classname="com.distrimind.util.DecentralizedIDTests"/>
  <testcase name="testToBytes" time="0.006" classname="com.distrimind.util.DecentralizedIDTests"/>
  <testcase name="testToBytes" time="0.0" classname="com.distrimind.util.DecentralizedIDTests"/>
  <testcase name="testToBytes" time="0.0" classname="com.distrimind.util.DecentralizedIDTests"/>
  <testcase name="testToBytes" time="0.0" classname="com.distrimind.util.DecentralizedIDTests"/>
  <testcase name="testToBytes" time="0.001" classname="com.distrimind.util.DecentralizedIDTests"/>
  <testcase name="testToBytes" time="0.0" classname="com.distrimind.util.DecentralizedIDTests"/>
  <testcase name="testToBytes" time="0.0" classname="com.distrimind.util.DecentralizedIDTests"/>
  <testcase name="testToBytes" time="0.0" classname="com.distrimind.util.DecentralizedIDTests"/>
  <testcase name="testToBytes" time="0.001" classname="com.distrimind.util.DecentralizedIDTests"/>
  <testcase name="testToBytes" time="0.0" classname="com.distrimind.util.DecentralizedIDTests"/>
  <testcase name="testToBytes" time="0.0" classname="com.distrimind.util.DecentralizedIDTests"/>
  <testcase name="testToBytes" time="0.0" classname="com.distrimind.util.DecentralizedIDTests"/>
  <testcase name="testToBytes" time="0.0" classname="com.distrimind.util.DecentralizedIDTests"/>
  <testcase name="testToBytes" time="0.0" classname="com.distrimind.util.DecentralizedIDTests"/>
  <testcase name="testToBytes" time="0.0" classname="com.distrimind.util.DecentralizedIDTests"/>
  <testcase name="testToBytes" time="0.0" classname="com.distrimind.util.DecentralizedIDTests"/>
  <testcase name="testToBytes" time="0.0" classname="com.distrimind.util.DecentralizedIDTests"/>
  <testcase name="testToBytes" time="0.001" classname="com.distrimind.util.DecentralizedIDTests"/>
  <testcase name="testToBytes" time="0.0" classname="com.distrimind.util.DecentralizedIDTests"/>
  <testcase name="testToBytes" time="0.0" classname="com.distrimind.util.DecentralizedIDTests"/>
  <testcase name="testToBytes" time="0.0" classname="com.distrimind.util.DecentralizedIDTests"/>
  <testcase name="testToBytes" time="0.0" classname="com.distrimind.util.DecentralizedIDTests"/>
  <testcase name="testToBytes" time="0.0" classname="com.distrimind.util.DecentralizedIDTests"/>
  <testcase name="testToBytes" time="0.0" classname="com.distrimind.util.DecentralizedIDTests"/>
  <testcase name="testToBytes" time="0.0" classname="com.distrimind.util.DecentralizedIDTests"/>
  <testcase name="testToBytes" time="0.0" classname="com.distrimind.util.DecentralizedIDTests"/>
  <testcase name="testToBytes" time="0.0" classname="com.distrimind.util.DecentralizedIDTests"/>
  <testcase name="testToBytes" time="0.0" classname="com.distrimind.util.DecentralizedIDTests"/>
  <testcase name="testToBytes" time="0.0" classname="com.distrimind.util.DecentralizedIDTests"/>
  <testcase name="testToBytes" time="0.0" classname="com.distrimind.util.DecentralizedIDTests"/>
  <testcase name="testToBytes" time="0.001" classname="com.distrimind.util.DecentralizedIDTests"/>
  <testcase name="testToBytes" time="0.0" classname="com.distrimind.util.DecentralizedIDTests"/>
  <testcase name="testToBytes" time="0.0" classname="com.distrimind.util.DecentralizedIDTests"/>
  <testcase name="testToBytes" time="0.0" classname="com.distrimind.util.DecentralizedIDTests"/>
  <testcase name="testToBytes" time="0.0" classname="com.distrimind.util.DecentralizedIDTests"/>
  <testcase name="testToBytes" time="0.0" classname="com.distrimind.util.DecentralizedIDTests"/>
  <testcase name="testToBytes" time="0.0" classname="com.distrimind.util.DecentralizedIDTests"/>
  <testcase name="testToBytes" time="0.0" classname="com.distrimind.util.DecentralizedIDTests"/>
  <testcase name="testToBytes" time="0.0" classname="com.distrimind.util.DecentralizedIDTests"/>
  <testcase name="testToBytes" time="0.001" classname="com.distrimind.util.DecentralizedIDTests"/>
  <testcase name="testToBytes" time="0.0" classname="com.distrimind.util.DecentralizedIDTests"/>
  <testcase name="testToBytes" time="0.0" classname="com.distrimind.util.DecentralizedIDTests"/>
  <testcase name="testToBytes" time="0.0" classname="com.distrimind.util.DecentralizedIDTests"/>
  <testcase name="testToBytes" time="0.001" classname="com.distrimind.util.DecentralizedIDTests"/>
  <testcase name="testToBytes" time="0.0" classname="com.distrimind.util.DecentralizedIDTests"/>
  <testcase name="testToBytes" time="0.0" classname="com.distrimind.util.DecentralizedIDTests"/>
  <testcase name="testToBytes" time="0.0" classname="com.distrimind.util.DecentralizedIDTests"/>
  <testcase name="testToBytes" time="0.001" classname="com.distrimind.util.DecentralizedIDTests"/>
  <testcase name="testToBytes" time="0.0" classname="com.distrimind.util.DecentralizedIDTests"/>
  <testcase name="testToBytes" time="0.0" classname="com.distrimind.util.DecentralizedIDTests"/>
  <testcase name="testToBytes" time="0.0" classname="com.distrimind.util.DecentralizedIDTests"/>
  <testcase name="testToBytes" time="0.001" classname="com.distrimind.util.DecentralizedIDTests"/>
  <testcase name="testToBytes" time="0.0" classname="com.distrimind.util.DecentralizedIDTests"/>
  <testcase name="testToBytes" time="0.0" classname="com.distrimind.util.DecentralizedIDTests"/>
  <testcase name="testToBytes" time="0.0" classname="com.distrimind.util.DecentralizedIDTests"/>
  <testcase name="testToBytes" time="0.001" classname="com.distrimind.util.DecentralizedIDTests"/>
  <testcase name="testToBytes" time="0.0" classname="com.distrimind.util.DecentralizedIDTests"/>
  <testcase name="testToBytes" time="0.0" classname="com.distrimind.util.DecentralizedIDTests"/>
  <testcase name="testToBytes" time="0.0" classname="com.distrimind.util.DecentralizedIDTests"/>
  <testcase name="testToBytes" time="0.001" classname="com.distrimind.util.DecentralizedIDTests"/>
  <testcase name="testToBytes" time="0.0" classname="com.distrimind.util.DecentralizedIDTests"/>
  <testcase name="testToBytes" time="0.0" classname="com.distrimind.util.DecentralizedIDTests"/>
  <testcase name="testToBytes" time="0.0" classname="com.distrimind.util.DecentralizedIDTests"/>
  <testcase name="testToBytes" time="0.0" classname="com.distrimind.util.DecentralizedIDTests"/>
  <testcase name="testToBytes" time="0.0" classname="com.distrimind.util.DecentralizedIDTests"/>
  <testcase name="testToBytes" time="0.0" classname="com.distrimind.util.DecentralizedIDTests"/>
  <testcase name="testToBytes" time="0.0" classname="com.distrimind.util.DecentralizedIDTests"/>
  <testcase name="testToBytes" time="0.0" classname="com.distrimind.util.DecentralizedIDTests"/>
  <testcase name="testToBytes" time="0.0" classname="com.distrimind.util.DecentralizedIDTests"/>
  <testcase name="testToBytes" time="0.0" classname="com.distrimind.util.DecentralizedIDTests"/>
  <testcase name="testToBytes" time="0.0" classname="com.distrimind.util.DecentralizedIDTests"/>
  <testcase name="testToBytes" time="0.0" classname="com.distrimind.util.DecentralizedIDTests"/>
  <testcase name="testToBytes" time="0.0" classname="com.distrimind.util.DecentralizedIDTests"/>
  <testcase name="testToBytes" time="0.0" classname="com.distrimind.util.DecentralizedIDTests"/>
  <testcase name="testToBytes" time="0.0" classname="com.distrimind.util.DecentralizedIDTests"/>
  <testcase name="testToBytes" time="0.0" classname="com.distrimind.util.DecentralizedIDTests"/>
  <testcase name="testToBytes" time="0.0" classname="com.distrimind.util.DecentralizedIDTests"/>
  <testcase name="testToBytes" time="0.0" classname="com.distrimind.util.DecentralizedIDTests"/>
  <testcase name="testToBytes" time="0.0" classname="com.distrimind.util.DecentralizedIDTests"/>
  <testcase name="testToBytes" time="0.0" classname="com.distrimind.util.DecentralizedIDTests"/>
  <testcase name="testToBytes" time="0.001" classname="com.distrimind.util.DecentralizedIDTests"/>
  <testcase name="testToBytes" time="0.0" classname="com.distrimind.util.DecentralizedIDTests"/>
  <testcase name="testToBytes" time="0.0" classname="com.distrimind.util.DecentralizedIDTests"/>
  <testcase name="testToBytes" time="0.0" classname="com.distrimind.util.DecentralizedIDTests"/>
  <testcase name="testToBytes" time="0.0" classname="com.distrimind.util.DecentralizedIDTests"/>
  <testcase name="testToBytes" time="0.0" classname="com.distrimind.util.DecentralizedIDTests"/>
  <testcase name="testToBytes" time="0.0" classname="com.distrimind.util.DecentralizedIDTests"/>
  <testcase name="testToBytes" time="0.027" classname="com.distrimind.util.DecentralizedIDTests"/>
  <testcase name="testToBytes" time="0.027" classname="com.distrimind.util.DecentralizedIDTests"/>
  <testcase name="testToBytes" time="0.0" classname="com.distrimind.util.DecentralizedIDTests"/>
  <testcase name="testToBytes" time="0.028" classname="com.distrimind.util.DecentralizedIDTests"/>
  <testcase name="testToBytes" time="0.0" classname="com.distrimind.util.DecentralizedIDTests"/>
  <testcase name="testToBytes" time="0.0" classname="com.distrimind.util.DecentralizedIDTests"/>
  <testcase name="testToBytes" time="0.0" classname="com.distrimind.util.DecentralizedIDTests"/>
  <testcase name="testToBytes" time="0.0" classname="com.distrimind.util.DecentralizedIDTests"/>
  <testcase name="testToBytes" time="0.0" classname="com.distrimind.util.DecentralizedIDTests"/>
  <testcase name="testToBytes" time="0.0" classname="com.distrimind.util.DecentralizedIDTests"/>
  <testcase name="testToBytes" time="0.0" classname="com.distrimind.util.DecentralizedIDTests"/>
  <testcase name="testToBytes" time="0.0" classname="com.distrimind.util.DecentralizedIDTests"/>
  <testcase name="testToBytes" time="0.0" classname="com.distrimind.util.DecentralizedIDTests"/>
  <testcase name="testToBytes" time="0.0" classname="com.distrimind.util.DecentralizedIDTests"/>
  <testcase name="testToBytes" time="0.0" classname="com.distrimind.util.DecentralizedIDTests"/>
  <testcase name="testToBytes" time="0.0" classname="com.distrimind.util.DecentralizedIDTests"/>
  <testcase name="testToBytes" time="0.001" classname="com.distrimind.util.DecentralizedIDTests"/>
  <testcase name="testToBytes" time="0.0" classname="com.distrimind.util.DecentralizedIDTests"/>
  <testcase name="testToBytes" time="0.0" classname="com.distrimind.util.DecentralizedIDTests"/>
  <testcase name="testToBytes" time="0.0" classname="com.distrimind.util.DecentralizedIDTests"/>
  <testcase name="testToBytes" time="0.0" classname="com.distrimind.util.DecentralizedIDTests"/>
  <testcase name="testToBytes" time="0.0" classname="com.distrimind.util.DecentralizedIDTests"/>
  <testcase name="testToBytes" time="0.0" classname="com.distrimind.util.DecentralizedIDTests"/>
  <testcase name="testToBytes" time="0.0" classname="com.distrimind.util.DecentralizedIDTests"/>
  <testcase name="testToBytes" time="0.0" classname="com.distrimind.util.DecentralizedIDTests"/>
  <testcase name="testToBytes" time="0.0" classname="com.distrimind.util.DecentralizedIDTests"/>
  <testcase name="testToBytes" time="0.0" classname="com.distrimind.util.DecentralizedIDTests"/>
  <testcase name="testToBytes" time="0.0" classname="com.distrimind.util.DecentralizedIDTests"/>
  <testcase name="testToBytes" time="0.0" classname="com.distrimind.util.DecentralizedIDTests"/>
  <testcase name="testToBytes" time="0.001" classname="com.distrimind.util.DecentralizedIDTests"/>
  <testcase name="testToBytes" time="0.0" classname="com.distrimind.util.DecentralizedIDTests"/>
  <testcase name="testToBytes" time="0.0" classname="com.distrimind.util.DecentralizedIDTests"/>
  <testcase name="testToBytes" time="0.0" classname="com.distrimind.util.DecentralizedIDTests"/>
  <testcase name="testToBytes" time="0.001" classname="com.distrimind.util.DecentralizedIDTests"/>
  <testcase name="testToBytes" time="0.0" classname="com.distrimind.util.DecentralizedIDTests"/>
  <testcase name="testToBytes" time="0.0" classname="com.distrimind.util.DecentralizedIDTests"/>
  <testcase name="testToBytes" time="0.0" classname="com.distrimind.util.DecentralizedIDTests"/>
  <testcase name="testToBytes" time="0.0" classname="com.distrimind.util.DecentralizedIDTests"/>
  <testcase name="testToBytes" time="0.0" classname="com.distrimind.util.DecentralizedIDTests"/>
  <testcase name="testToBytes" time="0.0" classname="com.distrimind.util.DecentralizedIDTests"/>
  <testcase name="testToBytes" time="0.0" classname="com.distrimind.util.DecentralizedIDTests"/>
  <testcase name="testToBytes" time="0.0" classname="com.distrimind.util.DecentralizedIDTests"/>
  <testcase name="testToBytes" time="0.001" classname="com.distrimind.util.DecentralizedIDTests"/>
  <testcase name="testToBytes" time="0.0" classname="com.distrimind.util.DecentralizedIDTests"/>
  <testcase name="testToBytes" time="0.0" classname="com.distrimind.util.DecentralizedIDTests"/>
  <testcase name="testToBytes" time="0.0" classname="com.distrimind.util.DecentralizedIDTests"/>
  <testcase name="testToBytes" time="0.0" classname="com.distrimind.util.DecentralizedIDTests"/>
  <testcase name="testToBytes" time="0.0" classname="com.distrimind.util.DecentralizedIDTests"/>
  <testcase name="testToBytes" time="0.0" classname="com.distrimind.util.DecentralizedIDTests"/>
  <testcase name="testToBytes" time="0.0" classname="com.distrimind.util.DecentralizedIDTests"/>
  <testcase name="testToBytes" time="0.0" classname="com.distrimind.util.DecentralizedIDTests"/>
  <testcase name="testToBytes" time="0.0" classname="com.distrimind.util.DecentralizedIDTests"/>
  <testcase name="testToBytes" time="0.0" classname="com.distrimind.util.DecentralizedIDTests"/>
  <testcase name="testToBytes" time="0.0" classname="com.distrimind.util.DecentralizedIDTests"/>
  <testcase name="testToBytes" time="0.0" classname="com.distrimind.util.DecentralizedIDTests"/>
  <testcase name="testToBytes" time="0.0" classname="com.distrimind.util.DecentralizedIDTests"/>
  <testcase name="testToBytes" time="0.0" classname="com.distrimind.util.DecentralizedIDTests"/>
  <testcase name="testToBytes" time="0.0" classname="com.distrimind.util.DecentralizedIDTests"/>
  <testcase name="testToBytes" time="0.0" classname="com.distrimind.util.DecentralizedIDTests"/>
  <testcase name="testToBytes" time="0.0" classname="com.distrimind.util.DecentralizedIDTests"/>
  <testcase name="testToBytes" time="0.0" classname="com.distrimind.util.DecentralizedIDTests"/>
  <testcase name="testToBytes" time="0.0" classname="com.distrimind.util.DecentralizedIDTests"/>
  <testcase name="testToBytes" time="0.0" classname="com.distrimind.util.DecentralizedIDTests"/>
  <testcase name="testToBytes" time="0.001" classname="com.distrimind.util.DecentralizedIDTests"/>
  <testcase name="testToBytes" time="0.0" classname="com.distrimind.util.DecentralizedIDTests"/>
  <testcase name="testToBytes" time="0.0" classname="com.distrimind.util.DecentralizedIDTests"/>
  <testcase name="testToBytes" time="0.0" classname="com.distrimind.util.DecentralizedIDTests"/>
  <testcase name="testToBytes" time="0.0" classname="com.distrimind.util.DecentralizedIDTests"/>
  <testcase name="testToBytes" time="0.0" classname="com.distrimind.util.DecentralizedIDTests"/>
  <testcase name="testToBytes" time="0.0" classname="com.distrimind.util.DecentralizedIDTests"/>
  <testcase name="testToBytes" time="0.043" classname="com.distrimind.util.DecentralizedIDTests"/>
  <testcase name="testToBytes" time="0.017" classname="com.distrimind.util.DecentralizedIDTests"/>
  <testcase name="testToBytes" time="0.037" classname="com.distrimind.util.DecentralizedIDTests"/>
  <testcase name="testToBytes" time="0.0" classname="com.distrimind.util.DecentralizedIDTests"/>
  <testcase name="testToBytes" time="0.0" classname="com.distrimind.util.DecentralizedIDTests"/>
  <testcase name="testToBytes" time="0.0" classname="com.distrimind.util.DecentralizedIDTests"/>
  <testcase name="testToBytes" time="0.0" classname="com.distrimind.util.DecentralizedIDTests"/>
  <testcase name="testToBytes" time="0.0" classname="com.distrimind.util.DecentralizedIDTests"/>
  <testcase name="testToBytes" time="0.0" classname="com.distrimind.util.DecentralizedIDTests"/>
  <testcase name="testToBytes" time="0.0" classname="com.distrimind.util.DecentralizedIDTests"/>
  <testcase name="testToBytes" time="0.001" classname="com.distrimind.util.DecentralizedIDTests"/>
  <testcase name="testToBytes" time="0.0" classname="com.distrimind.util.DecentralizedIDTests"/>
  <testcase name="testToBytes" time="0.0" classname="com.distrimind.util.DecentralizedIDTests"/>
  <testcase name="testToBytes" time="0.0" classname="com.distrimind.util.DecentralizedIDTests"/>
  <testcase name="testToBytes" time="0.0" classname="com.distrimind.util.DecentralizedIDTests"/>
  <testcase name="testToBytes" time="0.0" classname="com.distrimind.util.DecentralizedIDTests"/>
  <testcase name="testToBytes" time="0.0" classname="com.distrimind.util.DecentralizedIDTests"/>
  <testcase name="testToBytes" time="0.0" classname="com.distrimind.util.DecentralizedIDTests"/>
  <testcase name="testToBytes" time="0.0" classname="com.distrimind.util.DecentralizedIDTests"/>
  <testcase name="testToBytes" time="0.001" classname="com.distrimind.util.DecentralizedIDTests"/>
  <testcase name="testToBytes" time="0.0" classname="com.distrimind.util.DecentralizedIDTests"/>
  <testcase name="testToBytes" time="0.0" classname="com.distrimind.util.DecentralizedIDTests"/>
  <testcase name="testToBytes" time="0.0" classname="com.distrimind.util.DecentralizedIDTests"/>
  <testcase name="testToBytes" time="0.0" classname="com.distrimind.util.DecentralizedIDTests"/>
  <testcase name="testToBytes" time="0.007" classname="com.distrimind.util.DecentralizedIDTests"/>
  <testcase name="testToBytes" time="0.0" classname="com.distrimind.util.DecentralizedIDTests"/>
  <testcase name="testToBytes" time="0.001" classname="com.distrimind.util.DecentralizedIDTests"/>
  <testcase name="testToBytes" time="0.0" classname="com.distrimind.util.DecentralizedIDTests"/>
  <testcase name="testToBytes" time="0.0" classname="com.distrimind.util.DecentralizedIDTests"/>
  <testcase name="testToBytes" time="0.008" classname="com.distrimind.util.DecentralizedIDTests"/>
  <testcase name="testToBytes" time="0.0" classname="com.distrimind.util.DecentralizedIDTests"/>
  <testcase name="testToBytes" time="0.0" classname="com.distrimind.util.DecentralizedIDTests"/>
  <testcase name="testToBytes" time="0.0" classname="com.distrimind.util.DecentralizedIDTests"/>
  <testcase name="testToBytes" time="0.0" classname="com.distrimind.util.DecentralizedIDTests"/>
  <testcase name="testToBytes" time="0.001" classname="com.distrimind.util.DecentralizedIDTests"/>
  <testcase name="testToBytes" time="0.0" classname="com.distrimind.util.DecentralizedIDTests"/>
  <testcase name="testToBytes" time="0.0" classname="com.distrimind.util.DecentralizedIDTests"/>
  <testcase name="testToBytes" time="0.0" classname="com.distrimind.util.DecentralizedIDTests"/>
  <testcase name="testToBytes" time="0.0" classname="com.distrimind.util.DecentralizedIDTests"/>
  <testcase name="testToBytes" time="0.0" classname="com.distrimind.util.DecentralizedIDTests"/>
  <testcase name="testToBytes" time="0.0" classname="com.distrimind.util.DecentralizedIDTests"/>
  <testcase name="testToBytes" time="0.0" classname="com.distrimind.util.DecentralizedIDTests"/>
  <testcase name="testToBytes" time="0.001" classname="com.distrimind.util.DecentralizedIDTests"/>
  <testcase name="testToBytes" time="0.0" classname="com.distrimind.util.DecentralizedIDTests"/>
  <testcase name="testToBytes" time="0.0" classname="com.distrimind.util.DecentralizedIDTests"/>
  <testcase name="testToBytes" time="0.0" classname="com.distrimind.util.DecentralizedIDTests"/>
  <testcase name="testToBytes" time="0.0" classname="com.distrimind.util.DecentralizedIDTests"/>
  <testcase name="testToBytes" time="0.0" classname="com.distrimind.util.DecentralizedIDTests"/>
  <testcase name="testToBytes" time="0.0" classname="com.distrimind.util.DecentralizedIDTests"/>
  <testcase name="testToBytes" time="0.0" classname="com.distrimind.util.DecentralizedIDTests"/>
  <testcase name="testToBytes" time="0.0" classname="com.distrimind.util.DecentralizedIDTests"/>
  <testcase name="testToBytes" time="0.0" classname="com.distrimind.util.DecentralizedIDTests"/>
  <testcase name="testToBytes" time="0.0" classname="com.distrimind.util.DecentralizedIDTests"/>
  <testcase name="testToBytes" time="0.0" classname="com.distrimind.util.DecentralizedIDTests"/>
  <testcase name="testToBytes" time="0.0" classname="com.distrimind.util.DecentralizedIDTests"/>
  <testcase name="testToBytes" time="0.001" classname="com.distrimind.util.DecentralizedIDTests"/>
  <testcase name="testToBytes" time="0.007" classname="com.distrimind.util.DecentralizedIDTests"/>
  <testcase name="testToBytes" time="0.01" classname="com.distrimind.util.DecentralizedIDTests"/>
  <testcase name="testToBytes" time="0.016" classname="com.distrimind.util.DecentralizedIDTests"/>
  <testcase name="testToBytes" time="0.016" classname="com.distrimind.util.DecentralizedIDTests"/>
  <testcase name="testToBytes" time="0.016" classname="com.distrimind.util.DecentralizedIDTests"/>
  <testcase name="testToBytes" time="0.016" classname="com.distrimind.util.DecentralizedIDTests"/>
  <testcase name="testToBytes" time="0.001" classname="com.distrimind.util.DecentralizedIDTests"/>
  <testcase name="testToBytes" time="0.0" classname="com.distrimind.util.DecentralizedIDTests"/>
  <testcase name="testToBytes" time="0.0" classname="com.distrimind.util.DecentralizedIDTests"/>
  <testcase name="testToBytes" time="0.0" classname="com.distrimind.util.DecentralizedIDTests"/>
  <testcase name="testToBytes" time="0.001" classname="com.distrimind.util.DecentralizedIDTests"/>
  <testcase name="testToBytes" time="0.0" classname="com.distrimind.util.DecentralizedIDTests"/>
  <testcase name="testToBytes" time="0.0" classname="com.distrimind.util.DecentralizedIDTests"/>
  <testcase name="testToBytes" time="0.0" classname="com.distrimind.util.DecentralizedIDTests"/>
  <testcase name="testToBytes" time="0.001" classname="com.distrimind.util.DecentralizedIDTests"/>
  <testcase name="testToBytes" time="0.0" classname="com.distrimind.util.DecentralizedIDTests"/>
  <testcase name="testToBytes" time="0.0" classname="com.distrimind.util.DecentralizedIDTests"/>
  <testcase name="testToBytes" time="0.0" classname="com.distrimind.util.DecentralizedIDTests"/>
  <testcase name="testToBytes" time="0.0" classname="com.distrimind.util.DecentralizedIDTests"/>
  <testcase name="testToBytes" time="0.0" classname="com.distrimind.util.DecentralizedIDTests"/>
  <testcase name="testToBytes" time="0.0" classname="com.distrimind.util.DecentralizedIDTests"/>
  <testcase name="testToBytes" time="0.0" classname="com.distrimind.util.DecentralizedIDTests"/>
  <testcase name="testToBytes" time="0.0" classname="com.distrimind.util.DecentralizedIDTests"/>
  <testcase name="testToBytes" time="0.001" classname="com.distrimind.util.DecentralizedIDTests"/>
  <testcase name="testToBytes" time="0.0" classname="com.distrimind.util.DecentralizedIDTests"/>
  <testcase name="testToBytes" time="0.0" classname="com.distrimind.util.DecentralizedIDTests"/>
  <testcase name="testToBytes" time="0.0" classname="com.distrimind.util.DecentralizedIDTests"/>
  <testcase name="testToBytes" time="0.0" classname="com.distrimind.util.DecentralizedIDTests"/>
  <testcase name="testToBytes" time="0.0" classname="com.distrimind.util.DecentralizedIDTests"/>
  <testcase name="testToBytes" time="0.0" classname="com.distrimind.util.DecentralizedIDTests"/>
  <testcase name="testToBytes" time="0.0" classname="com.distrimind.util.DecentralizedIDTests"/>
  <testcase name="testToBytes" time="0.0" classname="com.distrimind.util.DecentralizedIDTests"/>
  <testcase name="testToBytes" time="0.001" classname="com.distrimind.util.DecentralizedIDTests"/>
  <testcase name="testToBytes" time="0.0" classname="com.distrimind.util.DecentralizedIDTests"/>
  <testcase name="testToBytes" time="0.0" classname="com.distrimind.util.DecentralizedIDTests"/>
  <testcase name="testToBytes" time="0.0" classname="com.distrimind.util.DecentralizedIDTests"/>
  <testcase name="testToBytes" time="0.0" classname="com.distrimind.util.DecentralizedIDTests"/>
  <testcase name="testToBytes" time="0.001" classname="com.distrimind.util.DecentralizedIDTests"/>
  <testcase name="testToBytes" time="0.0" classname="com.distrimind.util.DecentralizedIDTests"/>
[...]
  <testcase name="testNotEquals" time="0.0" classname="com.distrimind.util.DecentralizedIDTests"/>
  <testcase name="testNotEquals" time="0.0" classname="com.distrimind.util.DecentralizedIDTests"/>
  <testcase name="testNotEquals" time="0.0" classname="com.distrimind.util.DecentralizedIDTests"/>
  <testcase name="testNotEquals" time="0.0" classname="com.distrimind.util.DecentralizedIDTests"/>
  <testcase name="testNotEquals" time="0.0" classname="com.distrimind.util.DecentralizedIDTests"/>
  <testcase name="testNotEquals" time="0.0" classname="com.distrimind.util.DecentralizedIDTests"/>
  <testcase name="testNotEquals" time="0.0" classname="com.distrimind.util.DecentralizedIDTests"/>
  <testcase name="testNotEquals" time="0.007" classname="com.distrimind.util.DecentralizedIDTests"/>
  <testcase name="testNotEquals" time="0.0" classname="com.distrimind.util.DecentralizedIDTests"/>
  <testcase name="testNotEquals" time="0.0" classname="com.distrimind.util.DecentralizedIDTests"/>
  <testcase name="testNotEquals" time="0.0" classname="com.distrimind.util.DecentralizedIDTests"/>
  <testcase name="testNotEquals" time="0.0" classname="com.distrimind.util.DecentralizedIDTests"/>
  <testcase name="testNotEquals" time="0.0" classname="com.distrimind.util.DecentralizedIDTests"/>
  <testcase name="testNotEquals" time="0.001" classname="com.distrimind.util.DecentralizedIDTests"/>
  <testcase name="testNotEquals" time="0.0" classname="com.distrimind.util.DecentralizedIDTests"/>
  <testcase name="testNotEquals" time="0.0" classname="com.distrimind.util.DecentralizedIDTests"/>
  <testcase name="testNotEquals" time="0.0" classname="com.distrimind.util.DecentralizedIDTests"/>
  <testcase name="testNotEquals" time="0.001" classname="com.distrimind.util.DecentralizedIDTests"/>
  <testcase name="testNotEquals" time="0.0" classname="com.distrimind.util.DecentralizedIDTests"/>
  <testcase name="testNotEquals" time="0.0" classname="com.distrimind.util.DecentralizedIDTests"/>
  <testcase name="testNotEquals" time="0.0" classname="com.distrimind.util.DecentralizedIDTests"/>
  <testcase name="testNotEquals" time="0.001" classname="com.distrimind.util.DecentralizedIDTests"/>
  <testcase name="testNotEquals" time="0.0" classname="com.distrimind.util.DecentralizedIDTests"/>
  <testcase name="testNotEquals" time="0.0" classname="com.distrimind.util.DecentralizedIDTests"/>
  <testcase name="testNotEquals" time="0.0" classname="com.distrimind.util.DecentralizedIDTests"/>
  <testcase name="testNotEquals" time="0.001" classname="com.distrimind.util.DecentralizedIDTests"/>
  <testcase name="testNotEquals" time="0.0" classname="com.distrimind.util.DecentralizedIDTests"/>
  <testcase name="testNotEquals" time="0.0" classname="com.distrimind.util.DecentralizedIDTests"/>
  <testcase name="testNotEquals" time="0.0" classname="com.distrimind.util.DecentralizedIDTests"/>
  <testcase name="testNotEquals" time="0.0" classname="com.distrimind.util.DecentralizedIDTests"/>
  <testcase name="testNotEquals" time="0.0" classname="com.distrimind.util.DecentralizedIDTests"/>
  <testcase name="testNotEquals" time="0.0" classname="com.distrimind.util.DecentralizedIDTests"/>
  <testcase name="testNotEquals" time="0.0" classname="com.distrimind.util.DecentralizedIDTests"/>
  <testcase name="testNotEquals" time="0.0" classname="com.distrimind.util.DecentralizedIDTests"/>
  <testcase name="testNotEquals" time="0.0" classname="com.distrimind.util.DecentralizedIDTests"/>
  <testcase name="testNotEquals" time="0.0" classname="com.distrimind.util.DecentralizedIDTests"/>
  <testcase name="testNotEquals" time="0.0" classname="com.distrimind.util.DecentralizedIDTests"/>
  <testcase name="testNotEquals" time="0.0" classname="com.distrimind.util.DecentralizedIDTests"/>
  <testcase name="testNotEquals" time="0.001" classname="com.distrimind.util.DecentralizedIDTests"/>
  <testcase name="testNotEquals" time="0.0" classname="com.distrimind.util.DecentralizedIDTests"/>
  <testcase name="testNotEquals" time="0.0" classname="com.distrimind.util.DecentralizedIDTests"/>
  <testcase name="testNotEquals" time="0.0" classname="com.distrimind.util.DecentralizedIDTests"/>
  <testcase name="testNotEquals" time="0.0" classname="com.distrimind.util.DecentralizedIDTests"/>
  <testcase name="testNotEquals" time="0.0" classname="com.distrimind.util.DecentralizedIDTests"/>
  <testcase name="testNotEquals" time="0.0" classname="com.distrimind.util.DecentralizedIDTests"/>
  <testcase name="testNotEquals" time="0.0" classname="com.distrimind.util.DecentralizedIDTests"/>
  <testcase name="testNotEquals" time="0.0" classname="com.distrimind.util.DecentralizedIDTests"/>
  <testcase name="testNotEquals" time="0.0" classname="com.distrimind.util.DecentralizedIDTests"/>
  <testcase name="testNotEquals" time="0.0" classname="com.distrimind.util.DecentralizedIDTests"/>
  <testcase name="testNotEquals" time="0.0" classname="com.distrimind.util.DecentralizedIDTests"/>
  <testcase name="testNotEquals" time="0.0" classname="com.distrimind.util.DecentralizedIDTests"/>
  <testcase name="testNotEquals" time="0.0" classname="com.distrimind.util.DecentralizedIDTests"/>
  <testcase name="testNotEquals" time="0.001" classname="com.distrimind.util.DecentralizedIDTests"/>
  <testcase name="testNotEquals" time="0.0" classname="com.distrimind.util.DecentralizedIDTests"/>
  <testcase name="testNotEquals" time="0.0" classname="com.distrimind.util.DecentralizedIDTests"/>
  <testcase name="testNotEquals" time="0.024" classname="com.distrimind.util.DecentralizedIDTests"/>
  <testcase name="testNotEquals" time="0.005" classname="com.distrimind.util.DecentralizedIDTests"/>
  <testcase name="testNotEquals" time="0.0" classname="com.distrimind.util.DecentralizedIDTests"/>
  <testcase name="testNotEquals" time="0.0" classname="com.distrimind.util.DecentralizedIDTests"/>
  <testcase name="testNotEquals" time="0.02" classname="com.distrimind.util.DecentralizedIDTests"/>
  <testcase name="testNotEquals" time="0.002" classname="com.distrimind.util.DecentralizedIDTests"/>
  <testcase name="testNotEquals" time="0.0" classname="com.distrimind.util.DecentralizedIDTests"/>
  <testcase name="testNotEquals" time="0.0" classname="com.distrimind.util.DecentralizedIDTests"/>
  <testcase name="testNotEquals" time="0.0" classname="com.distrimind.util.DecentralizedIDTests"/>
  <testcase name="testNotEquals" time="0.0" classname="com.distrimind.util.DecentralizedIDTests"/>
  <testcase name="testNotEquals" time="0.0" classname="com.distrimind.util.DecentralizedIDTests"/>
  <testcase name="testNotEquals" time="0.0" classname="com.distrimind.util.DecentralizedIDTests"/>
  <testcase name="testNotEquals" time="0.001" classname="com.distrimind.util.DecentralizedIDTests"/>
  <testcase name="testNotEquals" time="0.0" classname="com.distrimind.util.DecentralizedIDTests"/>
  <testcase name="testNotEquals" time="0.0" classname="com.distrimind.util.DecentralizedIDTests"/>
  <testcase name="testNotEquals" time="0.0" classname="com.distrimind.util.DecentralizedIDTests"/>
  <testcase name="testNotEquals" time="0.0" classname="com.distrimind.util.DecentralizedIDTests"/>
  <testcase name="testNotEquals" time="0.0" classname="com.distrimind.util.DecentralizedIDTests"/>
  <testcase name="testNotEquals" time="0.0" classname="com.distrimind.util.DecentralizedIDTests"/>
  <testcase name="testNotEquals" time="0.0" classname="com.distrimind.util.DecentralizedIDTests"/>
  <testcase name="testNotEquals" time="0.0" classname="com.distrimind.util.DecentralizedIDTests"/>
  <testcase name="testNotEquals" time="0.0" classname="com.distrimind.util.DecentralizedIDTests"/>
  <testcase name="testNotEquals" time="0.0" classname="com.distrimind.util.DecentralizedIDTests"/>
  <testcase name="testNotEquals" time="0.029" classname="com.distrimind.util.DecentralizedIDTests"/>
  <testcase name="testNotEquals" time="0.006" classname="com.distrimind.util.DecentralizedIDTests"/>
  <testcase name="testNotEquals" time="0.0" classname="com.distrimind.util.DecentralizedIDTests"/>
  <testcase name="testNotEquals" time="0.0" classname="com.distrimind.util.DecentralizedIDTests"/>
  <testcase name="testNotEquals" time="0.0" classname="com.distrimind.util.DecentralizedIDTests"/>
  <testcase name="testNotEquals" time="0.001" classname="com.distrimind.util.DecentralizedIDTests"/>
  <testcase name="testNotEquals" time="0.0" classname="com.distrimind.util.DecentralizedIDTests"/>
  <testcase name="testNotEquals" time="0.02" classname="com.distrimind.util.DecentralizedIDTests"/>
  <testcase name="testNotEquals" time="0.027" classname="com.distrimind.util.DecentralizedIDTests"/>
  <testcase name="testNotEquals" time="0.001" classname="com.distrimind.util.DecentralizedIDTests"/>
  <testcase name="testNotEquals" time="0.001" classname="com.distrimind.util.DecentralizedIDTests"/>
  <testcase name="testNotEquals" time="0.001" classname="com.distrimind.util.DecentralizedIDTests"/>
  <testcase name="testNotEquals" time="0.0" classname="com.distrimind.util.DecentralizedIDTests"/>
  <testcase name="testNotEquals" time="0.0" classname="com.distrimind.util.DecentralizedIDTests"/>
  <testcase name="testNotEquals" time="0.0" classname="com.distrimind.util.DecentralizedIDTests"/>
  <testcase name="testNotEquals" time="0.0" classname="com.distrimind.util.DecentralizedIDTests"/>
  <testcase name="testNotEquals" time="0.0" classname="com.distrimind.util.DecentralizedIDTests"/>
  <testcase name="testNotEquals" time="0.0" classname="com.distrimind.util.DecentralizedIDTests"/>
  <testcase name="testNotEquals" time="0.0" classname="com.distrimind.util.DecentralizedIDTests"/>
  <testcase name="testNotEquals" time="0.001" classname="com.distrimind.util.DecentralizedIDTests"/>
  <testcase name="testNotEquals" time="0.0" classname="com.distrimind.util.DecentralizedIDTests"/>
  <testcase name="testNotEquals" time="0.0" classname="com.distrimind.util.DecentralizedIDTests"/>
  <testcase name="testNotEquals" time="0.0" classname="com.distrimind.util.DecentralizedIDTests"/>
  <testcase name="testNotEquals" time="0.0" classname="com.distrimind.util.DecentralizedIDTests"/>
  <testcase name="testNotEquals" time="0.0" classname="com.distrimind.util.DecentralizedIDTests"/>
  <testcase name="testNotEquals" time="0.0" classname="com.distrimind.util.DecentralizedIDTests"/>
  <testcase name="testNotEquals" time="0.0" classname="com.distrimind.util.DecentralizedIDTests"/>
  <testcase name="testNotEquals" time="0.0" classname="com.distrimind.util.DecentralizedIDTests"/>
  <testcase name="testNotEquals" time="0.0" classname="com.distrimind.util.DecentralizedIDTests"/>
  <testcase name="testNotEquals" time="0.0" classname="com.distrimind.util.DecentralizedIDTests"/>
  <testcase name="testNotEquals" time="0.0" classname="com.distrimind.util.DecentralizedIDTests"/>
  <testcase name="testNotEquals" time="0.0" classname="com.distrimind.util.DecentralizedIDTests"/>
  <testcase name="testNotEquals" time="0.0" classname="com.distrimind.util.DecentralizedIDTests"/>
  <testcase name="testNotEquals" time="0.0" classname="com.distrimind.util.DecentralizedIDTests"/>
  <testcase name="testNotEquals" time="0.0" classname="com.distrimind.util.DecentralizedIDTests"/>
  <testcase name="testNotEquals" time="0.0" classname="com.distrimind.util.DecentralizedIDTests"/>
  <testcase name="testNotEquals" time="0.017" classname="com.distrimind.util.DecentralizedIDTests"/>
  <testcase name="testNotEquals" time="0.001" classname="com.distrimind.util.DecentralizedIDTests"/>
  <testcase name="testNotEquals" time="0.001" classname="com.distrimind.util.DecentralizedIDTests"/>
  <testcase name="testNotEquals" time="0.001" classname="com.distrimind.util.DecentralizedIDTests"/>
  <testcase name="testNotEquals" time="0.001" classname="com.distrimind.util.DecentralizedIDTests"/>
  <testcase name="testNotEquals" time="0.0" classname="com.distrimind.util.DecentralizedIDTests"/>
  <testcase name="testNotEquals" time="0.0" classname="com.distrimind.util.DecentralizedIDTests"/>
  <testcase name="testNotEquals" time="0.0" classname="com.distrimind.util.DecentralizedIDTests"/>
  <testcase name="testNotEquals" time="0.001" classname="com.distrimind.util.DecentralizedIDTests"/>
  <testcase name="testNotEquals" time="0.0" classname="com.distrimind.util.DecentralizedIDTests"/>
  <testcase name="testNotEquals" time="0.0" classname="com.distrimind.util.DecentralizedIDTests"/>
  <testcase name="testNotEquals" time="0.001" classname="com.distrimind.util.DecentralizedIDTests"/>
  <testcase name="testNotEquals" time="0.0" classname="com.distrimind.util.DecentralizedIDTests"/>
  <testcase name="testNotEquals" time="0.0" classname="com.distrimind.util.DecentralizedIDTests"/>
  <testcase name="testNotEquals" time="0.0" classname="com.distrimind.util.DecentralizedIDTests"/>
  <testcase name="testNotEquals" time="0.0" classname="com.distrimind.util.DecentralizedIDTests"/>
  <testcase name="testNotEquals" time="0.0" classname="com.distrimind.util.DecentralizedIDTests"/>
  <testcase name="testNotEquals" time="0.0" classname="com.distrimind.util.DecentralizedIDTests"/>
  <testcase name="testNotEquals" time="0.001" classname="com.distrimind.util.DecentralizedIDTests"/>
  <testcase name="testNotEquals" time="0.0" classname="com.distrimind.util.DecentralizedIDTests"/>
  <testcase name="testNotEquals" time="0.0" classname="com.distrimind.util.DecentralizedIDTests"/>
  <testcase name="testNotEquals" time="0.0" classname="com.distrimind.util.DecentralizedIDTests"/>
  <testcase name="testNotEquals" time="0.001" classname="com.distrimind.util.DecentralizedIDTests"/>
  <testcase name="testNotEquals" time="0.0" classname="com.distrimind.util.DecentralizedIDTests"/>
  <testcase name="testNotEquals" time="0.0" classname="com.distrimind.util.DecentralizedIDTests"/>
  <testcase name="testNotEquals" time="0.0" classname="com.distrimind.util.DecentralizedIDTests"/>
  <testcase name="testNotEquals" time="0.001" classname="com.distrimind.util.DecentralizedIDTests"/>
  <testcase name="testNotEquals" time="0.0" classname="com.distrimind.util.DecentralizedIDTests"/>
  <testcase name="testNotEquals" time="0.008" classname="com.distrimind.util.DecentralizedIDTests"/>
  <testcase name="testNotEquals" time="0.014" classname="com.distrimind.util.DecentralizedIDTests"/>
  <testcase name="testNotEquals" time="0.0" classname="com.distrimind.util.DecentralizedIDTests"/>
  <testcase name="testNotEquals" time="0.0" classname="com.distrimind.util.DecentralizedIDTests"/>
  <testcase name="testNotEquals" time="0.0" classname="com.distrimind.util.DecentralizedIDTests"/>
  <testcase name="testNotEquals" time="0.001" classname="com.distrimind.util.DecentralizedIDTests"/>
  <testcase name="testNotEquals" time="0.0" classname="com.distrimind.util.DecentralizedIDTests"/>
  <testcase name="testNotEquals" time="0.0" classname="com.distrimind.util.DecentralizedIDTests"/>
  <testcase name="testNotEquals" time="0.0" classname="com.distrimind.util.DecentralizedIDTests"/>
  <testcase name="testNotEquals" time="0.001" classname="com.distrimind.util.DecentralizedIDTests"/>
  <testcase name="testNotEquals" time="0.0" classname="com.distrimind.util.DecentralizedIDTests"/>
  <testcase name="testNotEquals" time="0.0" classname="com.distrimind.util.DecentralizedIDTests"/>
  <testcase name="testNotEquals" time="0.0" classname="com.distrimind.util.DecentralizedIDTests"/>
  <testcase name="testNotEquals" time="0.001" classname="com.distrimind.util.DecentralizedIDTests"/>
  <testcase name="testNotEquals" time="0.0" classname="com.distrimind.util.DecentralizedIDTests"/>
  <testcase name="testNotEquals" time="0.0" classname="com.distrimind.util.DecentralizedIDTests"/>
  <testcase name="testNotEquals" time="0.0" classname="com.distrimind.util.DecentralizedIDTests"/>
  <testcase name="testNotEquals" time="0.001" classname="com.distrimind.util.DecentralizedIDTests"/>
  <testcase name="testNotEquals" time="0.0" classname="com.distrimind.util.DecentralizedIDTests"/>
  <testcase name="testNotEquals" time="0.0" classname="com.distrimind.util.DecentralizedIDTests"/>
  <testcase name="testNotEquals" time="0.0" classname="com.distrimind.util.DecentralizedIDTests"/>
  <testcase name="testNotEquals" time="0.001" classname="com.distrimind.util.DecentralizedIDTests"/>
  <testcase name="testNotEquals" time="0.0" classname="com.distrimind.util.DecentralizedIDTests"/>
  <testcase name="testNotEquals" time="0.0" classname="com.distrimind.util.DecentralizedIDTests"/>
  <testcase name="testNotEquals" time="0.0" classname="com.distrimind.util.DecentralizedIDTests"/>
  <testcase name="testNotEquals" time="0.0" classname="com.distrimind.util.DecentralizedIDTests"/>
  <testcase name="testNotEquals" time="0.0" classname="com.distrimind.util.DecentralizedIDTests"/>
  <testcase name="testNotEquals" time="0.0" classname="com.distrimind.util.DecentralizedIDTests"/>
  <testcase name="testNotEquals" time="0.001" classname="com.distrimind.util.DecentralizedIDTests"/>
  <testcase name="testNotEquals" time="0.0" classname="com.distrimind.util.DecentralizedIDTests"/>
  <testcase name="testNotEquals" time="0.0" classname="com.distrimind.util.DecentralizedIDTests"/>
  <testcase name="testNotEquals" time="0.0" classname="com.distrimind.util.DecentralizedIDTests"/>
  <testcase name="testNotEquals" time="0.0" classname="com.distrimind.util.DecentralizedIDTests"/>
  <testcase name="testNotEquals" time="0.0" classname="com.distrimind.util.DecentralizedIDTests"/>
  <testcase name="testNotEquals" time="0.0" classname="com.distrimind.util.DecentralizedIDTests"/>
  <testcase name="testNotEquals" time="0.025" classname="com.distrimind.util.DecentralizedIDTests"/>
  <testcase name="testNotEquals" time="0.0" classname="com.distrimind.util.DecentralizedIDTests"/>
  <testcase name="testNotEquals" time="0.0" classname="com.distrimind.util.DecentralizedIDTests"/>
  <testcase name="testNotEquals" time="0.026" classname="com.distrimind.util.DecentralizedIDTests"/>
  <testcase name="testNotEquals" time="0.026" classname="com.distrimind.util.DecentralizedIDTests"/>
  <testcase name="testNotEquals" time="0.027" classname="com.distrimind.util.DecentralizedIDTests"/>
  <testcase name="testNotEquals" time="0.0" classname="com.distrimind.util.DecentralizedIDTests"/>
  <testcase name="testNotEquals" time="0.002" classname="com.distrimind.util.DecentralizedIDTests"/>
  <testcase name="testNotEquals" time="0.001" classname="com.distrimind.util.DecentralizedIDTests"/>
  <testcase name="testNotEquals" time="0.0" classname="com.distrimind.util.DecentralizedIDTests"/>
  <testcase name="testNotEquals" time="0.001" classname="com.distrimind.util.DecentralizedIDTests"/>
  <testcase name="testNotEquals" time="0.0" classname="com.distrimind.util.DecentralizedIDTests"/>
  <testcase name="testNotEquals" time="0.0" classname="com.distrimind.util.DecentralizedIDTests"/>
  <testcase name="testNotEquals" time="0.0" classname="com.distrimind.util.DecentralizedIDTests"/>
  <testcase name="testNotEquals" time="0.0" classname="com.distrimind.util.DecentralizedIDTests"/>
  <testcase name="testNotEquals" time="0.0" classname="com.distrimind.util.DecentralizedIDTests"/>
  <testcase name="testNotEquals" time="0.015" classname="com.distrimind.util.DecentralizedIDTests"/>
  <testcase name="testNotEquals" time="0.0" classname="com.distrimind.util.DecentralizedIDTests"/>
  <testcase name="testNotEquals" time="0.004" classname="com.distrimind.util.DecentralizedIDTests"/>
  <testcase name="testNotEquals" time="0.0" classname="com.distrimind.util.DecentralizedIDTests"/>
  <testcase name="testNotEquals" time="0.016" classname="com.distrimind.util.DecentralizedIDTests"/>
  <testcase name="testNotEquals" time="0.002" classname="com.distrimind.util.DecentralizedIDTests"/>
  <testcase name="testNotEquals" time="0.005" classname="com.distrimind.util.DecentralizedIDTests"/>
</testsuite> <!-- Default test -->
