<?xml version="1.0" encoding="UTF-8"?>
<!-- Generated by org.testng.reporters.JUnitXMLReporter -->
<testsuite hostname="choupchoup" name="com.distrimind.util.tests.CryptoTests" tests="84" failures="0" timestamp="16 Mar 2016 14:44:17 GMT" time="202.866" errors="0">
  <testcase name="testEncodeAndSeparateEncoding" time="0.007" classname="com.distrimind.util.tests.CryptoTests"/>
  <testcase name="testEncodeAndSeparateEncoding" time="0.0" classname="com.distrimind.util.tests.CryptoTests"/>
  <testcase name="testEncodeAndSeparateEncoding" time="0.0" classname="com.distrimind.util.tests.CryptoTests"/>
  <testcase name="testEncodeAndSeparateEncoding" time="0.0" classname="com.distrimind.util.tests.CryptoTests"/>
  <testcase name="testEncodeAndSeparateEncoding" time="0.0" classname="com.distrimind.util.tests.CryptoTests"/>
  <testcase name="testEncodeAndSeparateEncoding" time="0.001" classname="com.distrimind.util.tests.CryptoTests"/>
  <testcase name="testEncodeAndSeparateEncoding" time="0.0" classname="com.distrimind.util.tests.CryptoTests"/>
  <testcase name="testEncodeAndSeparateEncoding" time="0.0" classname="com.distrimind.util.tests.CryptoTests"/>
  <testcase name="testEncodeAndSeparateEncoding" time="0.0" classname="com.distrimind.util.tests.CryptoTests"/>
  <testcase name="testEncodeAndSeparateEncoding" time="0.0" classname="com.distrimind.util.tests.CryptoTests"/>
  <testcase name="testEncodeAndSeparateEncoding" time="0.0" classname="com.distrimind.util.tests.CryptoTests"/>
  <testcase name="testEncodeAndSeparateEncoding" time="0.0" classname="com.distrimind.util.tests.CryptoTests"/>
  <testcase name="testEncodeAndSeparateEncoding" time="0.0" classname="com.distrimind.util.tests.CryptoTests"/>
  <testcase name="testEncodeAndSeparateEncoding" time="0.0" classname="com.distrimind.util.tests.CryptoTests"/>
  <testcase name="testEncodeAndSeparateEncoding" time="0.0" classname="com.distrimind.util.tests.CryptoTests"/>
  <testcase name="testEncodeAndSeparateEncoding" time="0.0" classname="com.distrimind.util.tests.CryptoTests"/>
  <testcase name="testEncodeAndSeparateEncoding" time="0.0" classname="com.distrimind.util.tests.CryptoTests"/>
  <testcase name="testEncodeAndSeparateEncoding" time="0.0" classname="com.distrimind.util.tests.CryptoTests"/>
  <testcase name="testEncodeAndSeparateEncoding" time="0.0" classname="com.distrimind.util.tests.CryptoTests"/>
  <testcase name="testEncodeAndSeparateEncoding" time="0.001" classname="com.distrimind.util.tests.CryptoTests"/>
  <testcase name="testMessageDigest" time="0.001" classname="com.distrimind.util.tests.CryptoTests"/>
  <testcase name="testMessageDigest" time="0.0" classname="com.distrimind.util.tests.CryptoTests"/>
  <testcase name="testMessageDigest" time="0.001" classname="com.distrimind.util.tests.CryptoTests"/>
  <testcase name="testMessageDigest" time="0.001" classname="com.distrimind.util.tests.CryptoTests"/>
  <testcase name="testMessageDigest" time="0.001" classname="com.distrimind.util.tests.CryptoTests"/>
  <testcase name="testMessageDigest" time="0.0" classname="com.distrimind.util.tests.CryptoTests"/>
  <testcase name="testSignatures" time="0.096" classname="com.distrimind.util.tests.CryptoTests"/>
  <testcase name="testSignatures" time="0.346" classname="com.distrimind.util.tests.CryptoTests"/>
  <testcase name="testSignatures" time="5.488" classname="com.distrimind.util.tests.CryptoTests"/>
  <testcase name="testSignatures" time="5.654" classname="com.distrimind.util.tests.CryptoTests"/>
  <testcase name="testSignatures" time="0.038" classname="com.distrimind.util.tests.CryptoTests"/>
  <testcase name="testSignatures" time="0.285" classname="com.distrimind.util.tests.CryptoTests"/>
  <testcase name="testSignatures" time="4.324" classname="com.distrimind.util.tests.CryptoTests"/>
  <testcase name="testSignatures" time="1.516" classname="com.distrimind.util.tests.CryptoTests"/>
  <testcase name="testSignatures" time="0.111" classname="com.distrimind.util.tests.CryptoTests"/>
  <testcase name="testSignatures" time="0.155" classname="com.distrimind.util.tests.CryptoTests"/>
  <testcase name="testSignatures" time="0.72" classname="com.distrimind.util.tests.CryptoTests"/>
  <testcase name="testSignatures" time="1.523" classname="com.distrimind.util.tests.CryptoTests"/>
  <testcase name="testSignatures" time="0.065" classname="com.distrimind.util.tests.CryptoTests"/>
  <testcase name="testSignatures" time="0.458" classname="com.distrimind.util.tests.CryptoTests"/>
  <testcase name="testSignatures" time="1.151" classname="com.distrimind.util.tests.CryptoTests"/>
  <testcase name="testSignatures" time="10.162" classname="com.distrimind.util.tests.CryptoTests"/>
  <testcase name="testSignatures" time="0.044" classname="com.distrimind.util.tests.CryptoTests"/>
  <testcase name="testSignatures" time="0.186" classname="com.distrimind.util.tests.CryptoTests"/>
  <testcase name="testSignatures" time="1.019" classname="com.distrimind.util.tests.CryptoTests"/>
  <testcase name="testSignatures" time="10.733" classname="com.distrimind.util.tests.CryptoTests"/>
  <testcase name="testSignatures" time="0.127" classname="com.distrimind.util.tests.CryptoTests"/>
  <testcase name="testSignatures" time="1.126" classname="com.distrimind.util.tests.CryptoTests"/>
  <testcase name="testSignatures" time="0.634" classname="com.distrimind.util.tests.CryptoTests"/>
  <testcase name="testSignatures" time="1.061" classname="com.distrimind.util.tests.CryptoTests"/>
  <testcase name="testSignatures" time="0.07" classname="com.distrimind.util.tests.CryptoTests"/>
  <testcase name="testSignatures" time="0.178" classname="com.distrimind.util.tests.CryptoTests"/>
  <testcase name="testSignatures" time="0.26" classname="com.distrimind.util.tests.CryptoTests"/>
  <testcase name="testSignatures" time="2.864" classname="com.distrimind.util.tests.CryptoTests"/>
  <testcase name="testSignatures" time="0.066" classname="com.distrimind.util.tests.CryptoTests"/>
  <testcase name="testSignatures" time="0.242" classname="com.distrimind.util.tests.CryptoTests"/>
  <testcase name="testSignatures" time="0.661" classname="com.distrimind.util.tests.CryptoTests"/>
  <testcase name="testSignatures" time="3.057" classname="com.distrimind.util.tests.CryptoTests"/>
  <testcase name="testASymmetricKeyPairEncoding" time="5.637" classname="com.distrimind.util.tests.CryptoTests"/>
  <testcase name="testASymmetricKeyPairEncoding" time="6.244" classname="com.distrimind.util.tests.CryptoTests"/>
  <testcase name="testSecretKeyEncoding" time="0.15" classname="com.distrimind.util.tests.CryptoTests"/>
  <testcase name="testSecretKeyEncoding" time="0.001" classname="com.distrimind.util.tests.CryptoTests"/>
  <testcase name="testSecretKeyEncoding" time="0.001" classname="com.distrimind.util.tests.CryptoTests"/>
  <testcase name="testSecretKeyEncoding" time="0.0" classname="com.distrimind.util.tests.CryptoTests"/>
  <testcase name="testSecretKeyEncoding" time="0.0" classname="com.distrimind.util.tests.CryptoTests"/>
  <testcase name="testASymetricEncryptions" time="12.058" classname="com.distrimind.util.tests.CryptoTests"/>
  <testcase name="testASymetricEncryptions" time="4.747" classname="com.distrimind.util.tests.CryptoTests"/>
  <testcase name="testASymmetricSecretMessageExchanger" time="14.97" classname="com.distrimind.util.tests.CryptoTests"/>
  <testcase name="testASymmetricSecretMessageExchanger" time="4.248" classname="com.distrimind.util.tests.CryptoTests"/>
  <testcase name="testSymetricEncryptions" time="0.007" classname="com.distrimind.util.tests.CryptoTests"/>
  <testcase name="testSymetricEncryptions" time="0.005" classname="com.distrimind.util.tests.CryptoTests"/>
  <testcase name="testSymetricEncryptions" time="0.004" classname="com.distrimind.util.tests.CryptoTests"/>
  <testcase name="testSymetricEncryptions" time="0.007" classname="com.distrimind.util.tests.CryptoTests"/>
  <testcase name="testSymetricEncryptions" time="0.001" classname="com.distrimind.util.tests.CryptoTests"/>
  <testcase name="testHybridEncryptions" time="4.49" classname="com.distrimind.util.tests.CryptoTests"/>
  <testcase name="testHybridEncryptions" time="8.163" classname="com.distrimind.util.tests.CryptoTests"/>
  <testcase name="testHybridEncryptions" time="4.75" classname="com.distrimind.util.tests.CryptoTests"/>
  <testcase name="testHybridEncryptions" time="13.297" classname="com.distrimind.util.tests.CryptoTests"/>
  <testcase name="testHybridEncryptions" time="16.189" classname="com.distrimind.util.tests.CryptoTests"/>
  <testcase name="testHybridEncryptions" time="6.671" classname="com.distrimind.util.tests.CryptoTests"/>
  <testcase name="testHybridEncryptions" time="7.621" classname="com.distrimind.util.tests.CryptoTests"/>
  <testcase name="testHybridEncryptions" time="11.616" classname="com.distrimind.util.tests.CryptoTests"/>
  <testcase name="testHybridEncryptions" time="13.427" classname="com.distrimind.util.tests.CryptoTests"/>
  <testcase name="testHybridEncryptions" time="14.101" classname="com.distrimind.util.tests.CryptoTests"/>
</testsuite> <!-- com.distrimind.util.tests.CryptoTests -->
