<?xml version="1.0" encoding="UTF-8"?>
<testng-results skipped="0" failed="0" total="84" passed="84">
  <reporter-output>
  </reporter-output>
  <suite name="Default suite" duration-ms="229238" started-at="2016-03-04T08:30:06Z" finished-at="2016-03-04T08:33:55Z">
    <groups>
    </groups>
    <test name="Default test" duration-ms="229238" started-at="2016-03-04T08:30:06Z" finished-at="2016-03-04T08:33:55Z">
      <class name="com.distrimind.util.tests.CryptoTests">
        <test-method status="PASS" signature="testEncodeAndSeparateEncoding()[pri:0, instance:com.distrimind.util.tests.CryptoTests@3930015a]" name="testEncodeAndSeparateEncoding" duration-ms="10" started-at="2016-03-04T09:30:06Z" finished-at="2016-03-04T09:30:06Z">
          <reporter-output>
          </reporter-output>
        </test-method> <!-- testEncodeAndSeparateEncoding -->
        <test-method status="PASS" signature="testEncodeAndSeparateEncoding()[pri:0, instance:com.distrimind.util.tests.CryptoTests@3930015a]" name="testEncodeAndSeparateEncoding" duration-ms="1" started-at="2016-03-04T09:30:06Z" finished-at="2016-03-04T09:30:06Z">
          <reporter-output>
          </reporter-output>
        </test-method> <!-- testEncodeAndSeparateEncoding -->
        <test-method status="PASS" signature="testEncodeAndSeparateEncoding()[pri:0, instance:com.distrimind.util.tests.CryptoTests@3930015a]" name="testEncodeAndSeparateEncoding" duration-ms="1" started-at="2016-03-04T09:30:06Z" finished-at="2016-03-04T09:30:06Z">
          <reporter-output>
          </reporter-output>
        </test-method> <!-- testEncodeAndSeparateEncoding -->
        <test-method status="PASS" signature="testEncodeAndSeparateEncoding()[pri:0, instance:com.distrimind.util.tests.CryptoTests@3930015a]" name="testEncodeAndSeparateEncoding" duration-ms="1" started-at="2016-03-04T09:30:06Z" finished-at="2016-03-04T09:30:06Z">
          <reporter-output>
          </reporter-output>
        </test-method> <!-- testEncodeAndSeparateEncoding -->
        <test-method status="PASS" signature="testEncodeAndSeparateEncoding()[pri:0, instance:com.distrimind.util.tests.CryptoTests@3930015a]" name="testEncodeAndSeparateEncoding" duration-ms="1" started-at="2016-03-04T09:30:06Z" finished-at="2016-03-04T09:30:06Z">
          <reporter-output>
          </reporter-output>
        </test-method> <!-- testEncodeAndSeparateEncoding -->
        <test-method status="PASS" signature="testEncodeAndSeparateEncoding()[pri:0, instance:com.distrimind.util.tests.CryptoTests@3930015a]" name="testEncodeAndSeparateEncoding" duration-ms="0" started-at="2016-03-04T09:30:06Z" finished-at="2016-03-04T09:30:06Z">
          <reporter-output>
          </reporter-output>
        </test-method> <!-- testEncodeAndSeparateEncoding -->
        <test-method status="PASS" signature="testEncodeAndSeparateEncoding()[pri:0, instance:com.distrimind.util.tests.CryptoTests@3930015a]" name="testEncodeAndSeparateEncoding" duration-ms="0" started-at="2016-03-04T09:30:06Z" finished-at="2016-03-04T09:30:06Z">
          <reporter-output>
          </reporter-output>
        </test-method> <!-- testEncodeAndSeparateEncoding -->
        <test-method status="PASS" signature="testEncodeAndSeparateEncoding()[pri:0, instance:com.distrimind.util.tests.CryptoTests@3930015a]" name="testEncodeAndSeparateEncoding" duration-ms="0" started-at="2016-03-04T09:30:06Z" finished-at="2016-03-04T09:30:06Z">
          <reporter-output>
          </reporter-output>
        </test-method> <!-- testEncodeAndSeparateEncoding -->
        <test-method status="PASS" signature="testEncodeAndSeparateEncoding()[pri:0, instance:com.distrimind.util.tests.CryptoTests@3930015a]" name="testEncodeAndSeparateEncoding" duration-ms="0" started-at="2016-03-04T09:30:06Z" finished-at="2016-03-04T09:30:06Z">
          <reporter-output>
          </reporter-output>
        </test-method> <!-- testEncodeAndSeparateEncoding -->
        <test-method status="PASS" signature="testEncodeAndSeparateEncoding()[pri:0, instance:com.distrimind.util.tests.CryptoTests@3930015a]" name="testEncodeAndSeparateEncoding" duration-ms="1" started-at="2016-03-04T09:30:06Z" finished-at="2016-03-04T09:30:06Z">
          <reporter-output>
          </reporter-output>
        </test-method> <!-- testEncodeAndSeparateEncoding -->
        <test-method status="PASS" signature="testEncodeAndSeparateEncoding()[pri:0, instance:com.distrimind.util.tests.CryptoTests@3930015a]" name="testEncodeAndSeparateEncoding" duration-ms="0" started-at="2016-03-04T09:30:06Z" finished-at="2016-03-04T09:30:06Z">
          <reporter-output>
          </reporter-output>
        </test-method> <!-- testEncodeAndSeparateEncoding -->
        <test-method status="PASS" signature="testEncodeAndSeparateEncoding()[pri:0, instance:com.distrimind.util.tests.CryptoTests@3930015a]" name="testEncodeAndSeparateEncoding" duration-ms="1" started-at="2016-03-04T09:30:06Z" finished-at="2016-03-04T09:30:06Z">
          <reporter-output>
          </reporter-output>
        </test-method> <!-- testEncodeAndSeparateEncoding -->
        <test-method status="PASS" signature="testEncodeAndSeparateEncoding()[pri:0, instance:com.distrimind.util.tests.CryptoTests@3930015a]" name="testEncodeAndSeparateEncoding" duration-ms="0" started-at="2016-03-04T09:30:06Z" finished-at="2016-03-04T09:30:06Z">
          <reporter-output>
          </reporter-output>
        </test-method> <!-- testEncodeAndSeparateEncoding -->
        <test-method status="PASS" signature="testEncodeAndSeparateEncoding()[pri:0, instance:com.distrimind.util.tests.CryptoTests@3930015a]" name="testEncodeAndSeparateEncoding" duration-ms="1" started-at="2016-03-04T09:30:06Z" finished-at="2016-03-04T09:30:06Z">
          <reporter-output>
          </reporter-output>
        </test-method> <!-- testEncodeAndSeparateEncoding -->
        <test-method status="PASS" signature="testEncodeAndSeparateEncoding()[pri:0, instance:com.distrimind.util.tests.CryptoTests@3930015a]" name="testEncodeAndSeparateEncoding" duration-ms="0" started-at="2016-03-04T09:30:06Z" finished-at="2016-03-04T09:30:06Z">
          <reporter-output>
          </reporter-output>
        </test-method> <!-- testEncodeAndSeparateEncoding -->
        <test-method status="PASS" signature="testEncodeAndSeparateEncoding()[pri:0, instance:com.distrimind.util.tests.CryptoTests@3930015a]" name="testEncodeAndSeparateEncoding" duration-ms="1" started-at="2016-03-04T09:30:06Z" finished-at="2016-03-04T09:30:06Z">
          <reporter-output>
          </reporter-output>
        </test-method> <!-- testEncodeAndSeparateEncoding -->
        <test-method status="PASS" signature="testEncodeAndSeparateEncoding()[pri:0, instance:com.distrimind.util.tests.CryptoTests@3930015a]" name="testEncodeAndSeparateEncoding" duration-ms="0" started-at="2016-03-04T09:30:06Z" finished-at="2016-03-04T09:30:06Z">
          <reporter-output>
          </reporter-output>
        </test-method> <!-- testEncodeAndSeparateEncoding -->
        <test-method status="PASS" signature="testEncodeAndSeparateEncoding()[pri:0, instance:com.distrimind.util.tests.CryptoTests@3930015a]" name="testEncodeAndSeparateEncoding" duration-ms="1" started-at="2016-03-04T09:30:06Z" finished-at="2016-03-04T09:30:06Z">
          <reporter-output>
          </reporter-output>
        </test-method> <!-- testEncodeAndSeparateEncoding -->
        <test-method status="PASS" signature="testEncodeAndSeparateEncoding()[pri:0, instance:com.distrimind.util.tests.CryptoTests@3930015a]" name="testEncodeAndSeparateEncoding" duration-ms="0" started-at="2016-03-04T09:30:06Z" finished-at="2016-03-04T09:30:06Z">
          <reporter-output>
          </reporter-output>
        </test-method> <!-- testEncodeAndSeparateEncoding -->
        <test-method status="PASS" signature="testEncodeAndSeparateEncoding()[pri:0, instance:com.distrimind.util.tests.CryptoTests@3930015a]" name="testEncodeAndSeparateEncoding" duration-ms="0" started-at="2016-03-04T09:30:06Z" finished-at="2016-03-04T09:30:06Z">
          <reporter-output>
          </reporter-output>
        </test-method> <!-- testEncodeAndSeparateEncoding -->
        <test-method status="PASS" signature="testMessageDigest(com.distrimind.util.crypto.MessageDigestType)[pri:0, instance:com.distrimind.util.tests.CryptoTests@3930015a]" name="testMessageDigest" duration-ms="1" started-at="2016-03-04T09:30:06Z" data-provider="provideMessageDigestType" finished-at="2016-03-04T09:30:06Z">
          <params>
            <param index="0">
              <value>
                <![CDATA[MD5]]>
              </value>
            </param>
          </params>
          <reporter-output>
          </reporter-output>
        </test-method> <!-- testMessageDigest -->
        <test-method status="PASS" signature="testMessageDigest(com.distrimind.util.crypto.MessageDigestType)[pri:0, instance:com.distrimind.util.tests.CryptoTests@3930015a]" name="testMessageDigest" duration-ms="1" started-at="2016-03-04T09:30:06Z" data-provider="provideMessageDigestType" finished-at="2016-03-04T09:30:06Z">
          <params>
            <param index="0">
              <value>
                <![CDATA[SHA]]>
              </value>
            </param>
          </params>
          <reporter-output>
          </reporter-output>
        </test-method> <!-- testMessageDigest -->
        <test-method status="PASS" signature="testMessageDigest(com.distrimind.util.crypto.MessageDigestType)[pri:0, instance:com.distrimind.util.tests.CryptoTests@3930015a]" name="testMessageDigest" duration-ms="1" started-at="2016-03-04T09:30:06Z" data-provider="provideMessageDigestType" finished-at="2016-03-04T09:30:06Z">
          <params>
            <param index="0">
              <value>
                <![CDATA[SHA_256]]>
              </value>
            </param>
          </params>
          <reporter-output>
          </reporter-output>
        </test-method> <!-- testMessageDigest -->
        <test-method status="PASS" signature="testMessageDigest(com.distrimind.util.crypto.MessageDigestType)[pri:0, instance:com.distrimind.util.tests.CryptoTests@3930015a]" name="testMessageDigest" duration-ms="1" started-at="2016-03-04T09:30:06Z" data-provider="provideMessageDigestType" finished-at="2016-03-04T09:30:06Z">
          <params>
            <param index="0">
              <value>
                <![CDATA[SHA_384]]>
              </value>
            </param>
          </params>
          <reporter-output>
          </reporter-output>
        </test-method> <!-- testMessageDigest -->
        <test-method status="PASS" signature="testMessageDigest(com.distrimind.util.crypto.MessageDigestType)[pri:0, instance:com.distrimind.util.tests.CryptoTests@3930015a]" name="testMessageDigest" duration-ms="2" started-at="2016-03-04T09:30:06Z" data-provider="provideMessageDigestType" finished-at="2016-03-04T09:30:06Z">
          <params>
            <param index="0">
              <value>
                <![CDATA[SHA_512]]>
              </value>
            </param>
          </params>
          <reporter-output>
          </reporter-output>
        </test-method> <!-- testMessageDigest -->
        <test-method status="PASS" signature="testMessageDigest(com.distrimind.util.crypto.MessageDigestType)[pri:0, instance:com.distrimind.util.tests.CryptoTests@3930015a]" name="testMessageDigest" duration-ms="1" started-at="2016-03-04T09:30:06Z" data-provider="provideMessageDigestType" finished-at="2016-03-04T09:30:06Z">
          <params>
            <param index="0">
              <value>
                <![CDATA[DEFAULT]]>
              </value>
            </param>
          </params>
          <reporter-output>
          </reporter-output>
        </test-method> <!-- testMessageDigest -->
        <test-method status="PASS" signature="testSignatures(com.distrimind.util.crypto.ASymmetricEncryptionType, com.distrimind.util.crypto.SignatureType, int)[pri:0, instance:com.distrimind.util.tests.CryptoTests@3930015a]" name="testSignatures" duration-ms="119" started-at="2016-03-04T09:30:06Z" data-provider="provideDataForSignatureTest" finished-at="2016-03-04T09:30:06Z">
          <params>
            <param index="0">
              <value>
                <![CDATA[RSA]]>
              </value>
            </param>
            <param index="1">
              <value>
                <![CDATA[SHA1withRSA]]>
              </value>
            </param>
            <param index="2">
              <value>
                <![CDATA[1024]]>
              </value>
            </param>
          </params>
          <reporter-output>
          </reporter-output>
        </test-method> <!-- testSignatures -->
        <test-method status="PASS" signature="testSignatures(com.distrimind.util.crypto.ASymmetricEncryptionType, com.distrimind.util.crypto.SignatureType, int)[pri:0, instance:com.distrimind.util.tests.CryptoTests@3930015a]" name="testSignatures" duration-ms="216" started-at="2016-03-04T09:30:06Z" data-provider="provideDataForSignatureTest" finished-at="2016-03-04T09:30:06Z">
          <params>
            <param index="0">
              <value>
                <![CDATA[RSA]]>
              </value>
            </param>
            <param index="1">
              <value>
                <![CDATA[SHA1withRSA]]>
              </value>
            </param>
            <param index="2">
              <value>
                <![CDATA[2048]]>
              </value>
            </param>
          </params>
          <reporter-output>
          </reporter-output>
        </test-method> <!-- testSignatures -->
        <test-method status="PASS" signature="testSignatures(com.distrimind.util.crypto.ASymmetricEncryptionType, com.distrimind.util.crypto.SignatureType, int)[pri:0, instance:com.distrimind.util.tests.CryptoTests@3930015a]" name="testSignatures" duration-ms="598" started-at="2016-03-04T09:30:06Z" data-provider="provideDataForSignatureTest" finished-at="2016-03-04T09:30:07Z">
          <params>
            <param index="0">
              <value>
                <![CDATA[RSA]]>
              </value>
            </param>
            <param index="1">
              <value>
                <![CDATA[SHA1withRSA]]>
              </value>
            </param>
            <param index="2">
              <value>
                <![CDATA[3072]]>
              </value>
            </param>
          </params>
          <reporter-output>
          </reporter-output>
        </test-method> <!-- testSignatures -->
        <test-method status="PASS" signature="testSignatures(com.distrimind.util.crypto.ASymmetricEncryptionType, com.distrimind.util.crypto.SignatureType, int)[pri:0, instance:com.distrimind.util.tests.CryptoTests@3930015a]" name="testSignatures" duration-ms="2078" started-at="2016-03-04T09:30:07Z" data-provider="provideDataForSignatureTest" finished-at="2016-03-04T09:30:09Z">
          <params>
            <param index="0">
              <value>
                <![CDATA[RSA]]>
              </value>
            </param>
            <param index="1">
              <value>
                <![CDATA[SHA1withRSA]]>
              </value>
            </param>
            <param index="2">
              <value>
                <![CDATA[4096]]>
              </value>
            </param>
          </params>
          <reporter-output>
          </reporter-output>
        </test-method> <!-- testSignatures -->
        <test-method status="PASS" signature="testSignatures(com.distrimind.util.crypto.ASymmetricEncryptionType, com.distrimind.util.crypto.SignatureType, int)[pri:0, instance:com.distrimind.util.tests.CryptoTests@3930015a]" name="testSignatures" duration-ms="43" started-at="2016-03-04T09:30:09Z" data-provider="provideDataForSignatureTest" finished-at="2016-03-04T09:30:09Z">
          <params>
            <param index="0">
              <value>
                <![CDATA[RSA]]>
              </value>
            </param>
            <param index="1">
              <value>
                <![CDATA[SHA256withRSA]]>
              </value>
            </param>
            <param index="2">
              <value>
                <![CDATA[1024]]>
              </value>
            </param>
          </params>
          <reporter-output>
          </reporter-output>
        </test-method> <!-- testSignatures -->
        <test-method status="PASS" signature="testSignatures(com.distrimind.util.crypto.ASymmetricEncryptionType, com.distrimind.util.crypto.SignatureType, int)[pri:0, instance:com.distrimind.util.tests.CryptoTests@3930015a]" name="testSignatures" duration-ms="115" started-at="2016-03-04T09:30:09Z" data-provider="provideDataForSignatureTest" finished-at="2016-03-04T09:30:09Z">
          <params>
            <param index="0">
              <value>
                <![CDATA[RSA]]>
              </value>
            </param>
            <param index="1">
              <value>
                <![CDATA[SHA256withRSA]]>
              </value>
            </param>
            <param index="2">
              <value>
                <![CDATA[2048]]>
              </value>
            </param>
          </params>
          <reporter-output>
          </reporter-output>
        </test-method> <!-- testSignatures -->
        <test-method status="PASS" signature="testSignatures(com.distrimind.util.crypto.ASymmetricEncryptionType, com.distrimind.util.crypto.SignatureType, int)[pri:0, instance:com.distrimind.util.tests.CryptoTests@3930015a]" name="testSignatures" duration-ms="514" started-at="2016-03-04T09:30:09Z" data-provider="provideDataForSignatureTest" finished-at="2016-03-04T09:30:09Z">
          <params>
            <param index="0">
              <value>
                <![CDATA[RSA]]>
              </value>
            </param>
            <param index="1">
              <value>
                <![CDATA[SHA256withRSA]]>
              </value>
            </param>
            <param index="2">
              <value>
                <![CDATA[3072]]>
              </value>
            </param>
          </params>
          <reporter-output>
          </reporter-output>
        </test-method> <!-- testSignatures -->
        <test-method status="PASS" signature="testSignatures(com.distrimind.util.crypto.ASymmetricEncryptionType, com.distrimind.util.crypto.SignatureType, int)[pri:0, instance:com.distrimind.util.tests.CryptoTests@3930015a]" name="testSignatures" duration-ms="3930" started-at="2016-03-04T09:30:09Z" data-provider="provideDataForSignatureTest" finished-at="2016-03-04T09:30:13Z">
          <params>
            <param index="0">
              <value>
                <![CDATA[RSA]]>
              </value>
            </param>
            <param index="1">
              <value>
                <![CDATA[SHA256withRSA]]>
              </value>
            </param>
            <param index="2">
              <value>
                <![CDATA[4096]]>
              </value>
            </param>
          </params>
          <reporter-output>
          </reporter-output>
        </test-method> <!-- testSignatures -->
        <test-method status="PASS" signature="testSignatures(com.distrimind.util.crypto.ASymmetricEncryptionType, com.distrimind.util.crypto.SignatureType, int)[pri:0, instance:com.distrimind.util.tests.CryptoTests@3930015a]" name="testSignatures" duration-ms="100" started-at="2016-03-04T09:30:13Z" data-provider="provideDataForSignatureTest" finished-at="2016-03-04T09:30:13Z">
          <params>
            <param index="0">
              <value>
                <![CDATA[RSA]]>
              </value>
            </param>
            <param index="1">
              <value>
                <![CDATA[SHA384withRSA]]>
              </value>
            </param>
            <param index="2">
              <value>
                <![CDATA[1024]]>
              </value>
            </param>
          </params>
          <reporter-output>
          </reporter-output>
        </test-method> <!-- testSignatures -->
        <test-method status="PASS" signature="testSignatures(com.distrimind.util.crypto.ASymmetricEncryptionType, com.distrimind.util.crypto.SignatureType, int)[pri:0, instance:com.distrimind.util.tests.CryptoTests@3930015a]" name="testSignatures" duration-ms="353" started-at="2016-03-04T09:30:13Z" data-provider="provideDataForSignatureTest" finished-at="2016-03-04T09:30:14Z">
          <params>
            <param index="0">
              <value>
                <![CDATA[RSA]]>
              </value>
            </param>
            <param index="1">
              <value>
                <![CDATA[SHA384withRSA]]>
              </value>
            </param>
            <param index="2">
              <value>
                <![CDATA[2048]]>
              </value>
            </param>
          </params>
          <reporter-output>
          </reporter-output>
        </test-method> <!-- testSignatures -->
        <test-method status="PASS" signature="testSignatures(com.distrimind.util.crypto.ASymmetricEncryptionType, com.distrimind.util.crypto.SignatureType, int)[pri:0, instance:com.distrimind.util.tests.CryptoTests@3930015a]" name="testSignatures" duration-ms="972" started-at="2016-03-04T09:30:14Z" data-provider="provideDataForSignatureTest" finished-at="2016-03-04T09:30:15Z">
          <params>
            <param index="0">
              <value>
                <![CDATA[RSA]]>
              </value>
            </param>
            <param index="1">
              <value>
                <![CDATA[SHA384withRSA]]>
              </value>
            </param>
            <param index="2">
              <value>
                <![CDATA[3072]]>
              </value>
            </param>
          </params>
          <reporter-output>
          </reporter-output>
        </test-method> <!-- testSignatures -->
        <test-method status="PASS" signature="testSignatures(com.distrimind.util.crypto.ASymmetricEncryptionType, com.distrimind.util.crypto.SignatureType, int)[pri:0, instance:com.distrimind.util.tests.CryptoTests@3930015a]" name="testSignatures" duration-ms="5978" started-at="2016-03-04T09:30:15Z" data-provider="provideDataForSignatureTest" finished-at="2016-03-04T09:30:21Z">
          <params>
            <param index="0">
              <value>
                <![CDATA[RSA]]>
              </value>
            </param>
            <param index="1">
              <value>
                <![CDATA[SHA384withRSA]]>
              </value>
            </param>
            <param index="2">
              <value>
                <![CDATA[4096]]>
              </value>
            </param>
          </params>
          <reporter-output>
          </reporter-output>
        </test-method> <!-- testSignatures -->
        <test-method status="PASS" signature="testSignatures(com.distrimind.util.crypto.ASymmetricEncryptionType, com.distrimind.util.crypto.SignatureType, int)[pri:0, instance:com.distrimind.util.tests.CryptoTests@3930015a]" name="testSignatures" duration-ms="73" started-at="2016-03-04T09:30:21Z" data-provider="provideDataForSignatureTest" finished-at="2016-03-04T09:30:21Z">
          <params>
            <param index="0">
              <value>
                <![CDATA[RSA]]>
              </value>
            </param>
            <param index="1">
              <value>
                <![CDATA[SHA512withRSA]]>
              </value>
            </param>
            <param index="2">
              <value>
                <![CDATA[1024]]>
              </value>
            </param>
          </params>
          <reporter-output>
          </reporter-output>
        </test-method> <!-- testSignatures -->
        <test-method status="PASS" signature="testSignatures(com.distrimind.util.crypto.ASymmetricEncryptionType, com.distrimind.util.crypto.SignatureType, int)[pri:0, instance:com.distrimind.util.tests.CryptoTests@3930015a]" name="testSignatures" duration-ms="398" started-at="2016-03-04T09:30:21Z" data-provider="provideDataForSignatureTest" finished-at="2016-03-04T09:30:21Z">
          <params>
            <param index="0">
              <value>
                <![CDATA[RSA]]>
              </value>
            </param>
            <param index="1">
              <value>
                <![CDATA[SHA512withRSA]]>
              </value>
            </param>
            <param index="2">
              <value>
                <![CDATA[2048]]>
              </value>
            </param>
          </params>
          <reporter-output>
          </reporter-output>
        </test-method> <!-- testSignatures -->
        <test-method status="PASS" signature="testSignatures(com.distrimind.util.crypto.ASymmetricEncryptionType, com.distrimind.util.crypto.SignatureType, int)[pri:0, instance:com.distrimind.util.tests.CryptoTests@3930015a]" name="testSignatures" duration-ms="1671" started-at="2016-03-04T09:30:21Z" data-provider="provideDataForSignatureTest" finished-at="2016-03-04T09:30:23Z">
          <params>
            <param index="0">
              <value>
                <![CDATA[RSA]]>
              </value>
            </param>
            <param index="1">
              <value>
                <![CDATA[SHA512withRSA]]>
              </value>
            </param>
            <param index="2">
              <value>
                <![CDATA[3072]]>
              </value>
            </param>
          </params>
          <reporter-output>
          </reporter-output>
        </test-method> <!-- testSignatures -->
        <test-method status="PASS" signature="testSignatures(com.distrimind.util.crypto.ASymmetricEncryptionType, com.distrimind.util.crypto.SignatureType, int)[pri:0, instance:com.distrimind.util.tests.CryptoTests@3930015a]" name="testSignatures" duration-ms="5133" started-at="2016-03-04T09:30:23Z" data-provider="provideDataForSignatureTest" finished-at="2016-03-04T09:30:28Z">
          <params>
            <param index="0">
              <value>
                <![CDATA[RSA]]>
              </value>
            </param>
            <param index="1">
              <value>
                <![CDATA[SHA512withRSA]]>
              </value>
            </param>
            <param index="2">
              <value>
                <![CDATA[4096]]>
              </value>
            </param>
          </params>
          <reporter-output>
          </reporter-output>
        </test-method> <!-- testSignatures -->
        <test-method status="PASS" signature="testSignatures(com.distrimind.util.crypto.ASymmetricEncryptionType, com.distrimind.util.crypto.SignatureType, int)[pri:0, instance:com.distrimind.util.tests.CryptoTests@3930015a]" name="testSignatures" duration-ms="34" started-at="2016-03-04T09:30:28Z" data-provider="provideDataForSignatureTest" finished-at="2016-03-04T09:30:28Z">
          <params>
            <param index="0">
              <value>
                <![CDATA[DEFAULT]]>
              </value>
            </param>
            <param index="1">
              <value>
                <![CDATA[SHA1withRSA]]>
              </value>
            </param>
            <param index="2">
              <value>
                <![CDATA[1024]]>
              </value>
            </param>
          </params>
          <reporter-output>
          </reporter-output>
        </test-method> <!-- testSignatures -->
        <test-method status="PASS" signature="testSignatures(com.distrimind.util.crypto.ASymmetricEncryptionType, com.distrimind.util.crypto.SignatureType, int)[pri:0, instance:com.distrimind.util.tests.CryptoTests@3930015a]" name="testSignatures" duration-ms="248" started-at="2016-03-04T09:30:28Z" data-provider="provideDataForSignatureTest" finished-at="2016-03-04T09:30:28Z">
          <params>
            <param index="0">
              <value>
                <![CDATA[DEFAULT]]>
              </value>
            </param>
            <param index="1">
              <value>
                <![CDATA[SHA1withRSA]]>
              </value>
            </param>
            <param index="2">
              <value>
                <![CDATA[2048]]>
              </value>
            </param>
          </params>
          <reporter-output>
          </reporter-output>
        </test-method> <!-- testSignatures -->
        <test-method status="PASS" signature="testSignatures(com.distrimind.util.crypto.ASymmetricEncryptionType, com.distrimind.util.crypto.SignatureType, int)[pri:0, instance:com.distrimind.util.tests.CryptoTests@3930015a]" name="testSignatures" duration-ms="442" started-at="2016-03-04T09:30:28Z" data-provider="provideDataForSignatureTest" finished-at="2016-03-04T09:30:29Z">
          <params>
            <param index="0">
              <value>
                <![CDATA[DEFAULT]]>
              </value>
            </param>
            <param index="1">
              <value>
                <![CDATA[SHA1withRSA]]>
              </value>
            </param>
            <param index="2">
              <value>
                <![CDATA[3072]]>
              </value>
            </param>
          </params>
          <reporter-output>
          </reporter-output>
        </test-method> <!-- testSignatures -->
        <test-method status="PASS" signature="testSignatures(com.distrimind.util.crypto.ASymmetricEncryptionType, com.distrimind.util.crypto.SignatureType, int)[pri:0, instance:com.distrimind.util.tests.CryptoTests@3930015a]" name="testSignatures" duration-ms="9667" started-at="2016-03-04T09:30:29Z" data-provider="provideDataForSignatureTest" finished-at="2016-03-04T09:30:38Z">
          <params>
            <param index="0">
              <value>
                <![CDATA[DEFAULT]]>
              </value>
            </param>
            <param index="1">
              <value>
                <![CDATA[SHA1withRSA]]>
              </value>
            </param>
            <param index="2">
              <value>
                <![CDATA[4096]]>
              </value>
            </param>
          </params>
          <reporter-output>
          </reporter-output>
        </test-method> <!-- testSignatures -->
        <test-method status="PASS" signature="testSignatures(com.distrimind.util.crypto.ASymmetricEncryptionType, com.distrimind.util.crypto.SignatureType, int)[pri:0, instance:com.distrimind.util.tests.CryptoTests@3930015a]" name="testSignatures" duration-ms="49" started-at="2016-03-04T09:30:38Z" data-provider="provideDataForSignatureTest" finished-at="2016-03-04T09:30:39Z">
          <params>
            <param index="0">
              <value>
                <![CDATA[DEFAULT]]>
              </value>
            </param>
            <param index="1">
              <value>
                <![CDATA[SHA256withRSA]]>
              </value>
            </param>
            <param index="2">
              <value>
                <![CDATA[1024]]>
              </value>
            </param>
          </params>
          <reporter-output>
          </reporter-output>
        </test-method> <!-- testSignatures -->
        <test-method status="PASS" signature="testSignatures(com.distrimind.util.crypto.ASymmetricEncryptionType, com.distrimind.util.crypto.SignatureType, int)[pri:0, instance:com.distrimind.util.tests.CryptoTests@3930015a]" name="testSignatures" duration-ms="230" started-at="2016-03-04T09:30:39Z" data-provider="provideDataForSignatureTest" finished-at="2016-03-04T09:30:39Z">
          <params>
            <param index="0">
              <value>
                <![CDATA[DEFAULT]]>
              </value>
            </param>
            <param index="1">
              <value>
                <![CDATA[SHA256withRSA]]>
              </value>
            </param>
            <param index="2">
              <value>
                <![CDATA[2048]]>
              </value>
            </param>
          </params>
          <reporter-output>
          </reporter-output>
        </test-method> <!-- testSignatures -->
        <test-method status="PASS" signature="testSignatures(com.distrimind.util.crypto.ASymmetricEncryptionType, com.distrimind.util.crypto.SignatureType, int)[pri:0, instance:com.distrimind.util.tests.CryptoTests@3930015a]" name="testSignatures" duration-ms="1207" started-at="2016-03-04T09:30:39Z" data-provider="provideDataForSignatureTest" finished-at="2016-03-04T09:30:40Z">
          <params>
            <param index="0">
              <value>
                <![CDATA[DEFAULT]]>
              </value>
            </param>
            <param index="1">
              <value>
                <![CDATA[SHA256withRSA]]>
              </value>
            </param>
            <param index="2">
              <value>
                <![CDATA[3072]]>
              </value>
            </param>
          </params>
          <reporter-output>
          </reporter-output>
        </test-method> <!-- testSignatures -->
        <test-method status="PASS" signature="testSignatures(com.distrimind.util.crypto.ASymmetricEncryptionType, com.distrimind.util.crypto.SignatureType, int)[pri:0, instance:com.distrimind.util.tests.CryptoTests@3930015a]" name="testSignatures" duration-ms="9118" started-at="2016-03-04T09:30:40Z" data-provider="provideDataForSignatureTest" finished-at="2016-03-04T09:30:49Z">
          <params>
            <param index="0">
              <value>
                <![CDATA[DEFAULT]]>
              </value>
            </param>
            <param index="1">
              <value>
                <![CDATA[SHA256withRSA]]>
              </value>
            </param>
            <param index="2">
              <value>
                <![CDATA[4096]]>
              </value>
            </param>
          </params>
          <reporter-output>
          </reporter-output>
        </test-method> <!-- testSignatures -->
        <test-method status="PASS" signature="testSignatures(com.distrimind.util.crypto.ASymmetricEncryptionType, com.distrimind.util.crypto.SignatureType, int)[pri:0, instance:com.distrimind.util.tests.CryptoTests@3930015a]" name="testSignatures" duration-ms="30" started-at="2016-03-04T09:30:49Z" data-provider="provideDataForSignatureTest" finished-at="2016-03-04T09:30:49Z">
          <params>
            <param index="0">
              <value>
                <![CDATA[DEFAULT]]>
              </value>
            </param>
            <param index="1">
              <value>
                <![CDATA[SHA384withRSA]]>
              </value>
            </param>
            <param index="2">
              <value>
                <![CDATA[1024]]>
              </value>
            </param>
          </params>
          <reporter-output>
          </reporter-output>
        </test-method> <!-- testSignatures -->
        <test-method status="PASS" signature="testSignatures(com.distrimind.util.crypto.ASymmetricEncryptionType, com.distrimind.util.crypto.SignatureType, int)[pri:0, instance:com.distrimind.util.tests.CryptoTests@3930015a]" name="testSignatures" duration-ms="436" started-at="2016-03-04T09:30:49Z" data-provider="provideDataForSignatureTest" finished-at="2016-03-04T09:30:50Z">
          <params>
            <param index="0">
              <value>
                <![CDATA[DEFAULT]]>
              </value>
            </param>
            <param index="1">
              <value>
                <![CDATA[SHA384withRSA]]>
              </value>
            </param>
            <param index="2">
              <value>
                <![CDATA[2048]]>
              </value>
            </param>
          </params>
          <reporter-output>
          </reporter-output>
        </test-method> <!-- testSignatures -->
        <test-method status="PASS" signature="testSignatures(com.distrimind.util.crypto.ASymmetricEncryptionType, com.distrimind.util.crypto.SignatureType, int)[pri:0, instance:com.distrimind.util.tests.CryptoTests@3930015a]" name="testSignatures" duration-ms="1004" started-at="2016-03-04T09:30:50Z" data-provider="provideDataForSignatureTest" finished-at="2016-03-04T09:30:51Z">
          <params>
            <param index="0">
              <value>
                <![CDATA[DEFAULT]]>
              </value>
            </param>
            <param index="1">
              <value>
                <![CDATA[SHA384withRSA]]>
              </value>
            </param>
            <param index="2">
              <value>
                <![CDATA[3072]]>
              </value>
            </param>
          </params>
          <reporter-output>
          </reporter-output>
        </test-method> <!-- testSignatures -->
        <test-method status="PASS" signature="testSignatures(com.distrimind.util.crypto.ASymmetricEncryptionType, com.distrimind.util.crypto.SignatureType, int)[pri:0, instance:com.distrimind.util.tests.CryptoTests@3930015a]" name="testSignatures" duration-ms="1939" started-at="2016-03-04T09:30:51Z" data-provider="provideDataForSignatureTest" finished-at="2016-03-04T09:30:52Z">
          <params>
            <param index="0">
              <value>
                <![CDATA[DEFAULT]]>
              </value>
            </param>
            <param index="1">
              <value>
                <![CDATA[SHA384withRSA]]>
              </value>
            </param>
            <param index="2">
              <value>
                <![CDATA[4096]]>
              </value>
            </param>
          </params>
          <reporter-output>
          </reporter-output>
        </test-method> <!-- testSignatures -->
        <test-method status="PASS" signature="testSignatures(com.distrimind.util.crypto.ASymmetricEncryptionType, com.distrimind.util.crypto.SignatureType, int)[pri:0, instance:com.distrimind.util.tests.CryptoTests@3930015a]" name="testSignatures" duration-ms="36" started-at="2016-03-04T09:30:52Z" data-provider="provideDataForSignatureTest" finished-at="2016-03-04T09:30:53Z">
          <params>
            <param index="0">
              <value>
                <![CDATA[DEFAULT]]>
              </value>
            </param>
            <param index="1">
              <value>
                <![CDATA[SHA512withRSA]]>
              </value>
            </param>
            <param index="2">
              <value>
                <![CDATA[1024]]>
              </value>
            </param>
          </params>
          <reporter-output>
          </reporter-output>
        </test-method> <!-- testSignatures -->
        <test-method status="PASS" signature="testSignatures(com.distrimind.util.crypto.ASymmetricEncryptionType, com.distrimind.util.crypto.SignatureType, int)[pri:0, instance:com.distrimind.util.tests.CryptoTests@3930015a]" name="testSignatures" duration-ms="953" started-at="2016-03-04T09:30:53Z" data-provider="provideDataForSignatureTest" finished-at="2016-03-04T09:30:53Z">
          <params>
            <param index="0">
              <value>
                <![CDATA[DEFAULT]]>
              </value>
            </param>
            <param index="1">
              <value>
                <![CDATA[SHA512withRSA]]>
              </value>
            </param>
            <param index="2">
              <value>
                <![CDATA[2048]]>
              </value>
            </param>
          </params>
          <reporter-output>
          </reporter-output>
        </test-method> <!-- testSignatures -->
        <test-method status="PASS" signature="testSignatures(com.distrimind.util.crypto.ASymmetricEncryptionType, com.distrimind.util.crypto.SignatureType, int)[pri:0, instance:com.distrimind.util.tests.CryptoTests@3930015a]" name="testSignatures" duration-ms="1683" started-at="2016-03-04T09:30:53Z" data-provider="provideDataForSignatureTest" finished-at="2016-03-04T09:30:55Z">
          <params>
            <param index="0">
              <value>
                <![CDATA[DEFAULT]]>
              </value>
            </param>
            <param index="1">
              <value>
                <![CDATA[SHA512withRSA]]>
              </value>
            </param>
            <param index="2">
              <value>
                <![CDATA[3072]]>
              </value>
            </param>
          </params>
          <reporter-output>
          </reporter-output>
        </test-method> <!-- testSignatures -->
        <test-method status="PASS" signature="testSignatures(com.distrimind.util.crypto.ASymmetricEncryptionType, com.distrimind.util.crypto.SignatureType, int)[pri:0, instance:com.distrimind.util.tests.CryptoTests@3930015a]" name="testSignatures" duration-ms="2868" started-at="2016-03-04T09:30:55Z" data-provider="provideDataForSignatureTest" finished-at="2016-03-04T09:30:58Z">
          <params>
            <param index="0">
              <value>
                <![CDATA[DEFAULT]]>
              </value>
            </param>
            <param index="1">
              <value>
                <![CDATA[SHA512withRSA]]>
              </value>
            </param>
            <param index="2">
              <value>
                <![CDATA[4096]]>
              </value>
            </param>
          </params>
          <reporter-output>
          </reporter-output>
        </test-method> <!-- testSignatures -->
        <test-method status="PASS" signature="testASymmetricKeyPairEncoding(com.distrimind.util.crypto.ASymmetricEncryptionType)[pri:0, instance:com.distrimind.util.tests.CryptoTests@3930015a]" name="testASymmetricKeyPairEncoding" duration-ms="11781" started-at="2016-03-04T09:30:58Z" data-provider="provideDataForASymetricEncryptions" depends-on-methods="com.distrimind.util.tests.CryptoTests.testEncodeAndSeparateEncoding" finished-at="2016-03-04T09:31:10Z">
          <params>
            <param index="0">
              <value>
                <![CDATA[RSA]]>
              </value>
            </param>
          </params>
          <reporter-output>
          </reporter-output>
        </test-method> <!-- testASymmetricKeyPairEncoding -->
        <test-method status="PASS" signature="testASymmetricKeyPairEncoding(com.distrimind.util.crypto.ASymmetricEncryptionType)[pri:0, instance:com.distrimind.util.tests.CryptoTests@3930015a]" name="testASymmetricKeyPairEncoding" duration-ms="6554" started-at="2016-03-04T09:31:10Z" data-provider="provideDataForASymetricEncryptions" depends-on-methods="com.distrimind.util.tests.CryptoTests.testEncodeAndSeparateEncoding" finished-at="2016-03-04T09:31:16Z">
          <params>
            <param index="0">
              <value>
                <![CDATA[DEFAULT]]>
              </value>
            </param>
          </params>
          <reporter-output>
          </reporter-output>
        </test-method> <!-- testASymmetricKeyPairEncoding -->
        <test-method status="PASS" signature="testSecretKeyEncoding(com.distrimind.util.crypto.SymmetricEncryptionType)[pri:0, instance:com.distrimind.util.tests.CryptoTests@3930015a]" name="testSecretKeyEncoding" duration-ms="153" started-at="2016-03-04T09:31:16Z" data-provider="provideDataForSymetricEncryptions" depends-on-methods="com.distrimind.util.tests.CryptoTests.testEncodeAndSeparateEncoding" finished-at="2016-03-04T09:31:17Z">
          <params>
            <param index="0">
              <value>
                <![CDATA[AES]]>
              </value>
            </param>
          </params>
          <reporter-output>
          </reporter-output>
        </test-method> <!-- testSecretKeyEncoding -->
        <test-method status="PASS" signature="testSecretKeyEncoding(com.distrimind.util.crypto.SymmetricEncryptionType)[pri:0, instance:com.distrimind.util.tests.CryptoTests@3930015a]" name="testSecretKeyEncoding" duration-ms="2" started-at="2016-03-04T09:31:17Z" data-provider="provideDataForSymetricEncryptions" depends-on-methods="com.distrimind.util.tests.CryptoTests.testEncodeAndSeparateEncoding" finished-at="2016-03-04T09:31:17Z">
          <params>
            <param index="0">
              <value>
                <![CDATA[DES]]>
              </value>
            </param>
          </params>
          <reporter-output>
          </reporter-output>
        </test-method> <!-- testSecretKeyEncoding -->
        <test-method status="PASS" signature="testSecretKeyEncoding(com.distrimind.util.crypto.SymmetricEncryptionType)[pri:0, instance:com.distrimind.util.tests.CryptoTests@3930015a]" name="testSecretKeyEncoding" duration-ms="1" started-at="2016-03-04T09:31:17Z" data-provider="provideDataForSymetricEncryptions" depends-on-methods="com.distrimind.util.tests.CryptoTests.testEncodeAndSeparateEncoding" finished-at="2016-03-04T09:31:17Z">
          <params>
            <param index="0">
              <value>
                <![CDATA[DESede]]>
              </value>
            </param>
          </params>
          <reporter-output>
          </reporter-output>
        </test-method> <!-- testSecretKeyEncoding -->
        <test-method status="PASS" signature="testSecretKeyEncoding(com.distrimind.util.crypto.SymmetricEncryptionType)[pri:0, instance:com.distrimind.util.tests.CryptoTests@3930015a]" name="testSecretKeyEncoding" duration-ms="0" started-at="2016-03-04T09:31:17Z" data-provider="provideDataForSymetricEncryptions" depends-on-methods="com.distrimind.util.tests.CryptoTests.testEncodeAndSeparateEncoding" finished-at="2016-03-04T09:31:17Z">
          <params>
            <param index="0">
              <value>
                <![CDATA[Blowfish]]>
              </value>
            </param>
          </params>
          <reporter-output>
          </reporter-output>
        </test-method> <!-- testSecretKeyEncoding -->
        <test-method status="PASS" signature="testSecretKeyEncoding(com.distrimind.util.crypto.SymmetricEncryptionType)[pri:0, instance:com.distrimind.util.tests.CryptoTests@3930015a]" name="testSecretKeyEncoding" duration-ms="0" started-at="2016-03-04T09:31:17Z" data-provider="provideDataForSymetricEncryptions" depends-on-methods="com.distrimind.util.tests.CryptoTests.testEncodeAndSeparateEncoding" finished-at="2016-03-04T09:31:17Z">
          <params>
            <param index="0">
              <value>
                <![CDATA[DEFAULT]]>
              </value>
            </param>
          </params>
          <reporter-output>
          </reporter-output>
        </test-method> <!-- testSecretKeyEncoding -->
        <test-method status="PASS" signature="testASymetricEncryptions(com.distrimind.util.crypto.ASymmetricEncryptionType)[pri:0, instance:com.distrimind.util.tests.CryptoTests@3930015a]" name="testASymetricEncryptions" duration-ms="8532" started-at="2016-03-04T09:31:17Z" data-provider="provideDataForASymetricEncryptions" depends-on-methods="com.distrimind.util.tests.CryptoTests.testASymmetricKeyPairEncoding" finished-at="2016-03-04T09:31:25Z">
          <params>
            <param index="0">
              <value>
                <![CDATA[RSA]]>
              </value>
            </param>
          </params>
          <reporter-output>
          </reporter-output>
        </test-method> <!-- testASymetricEncryptions -->
        <test-method status="PASS" signature="testASymetricEncryptions(com.distrimind.util.crypto.ASymmetricEncryptionType)[pri:0, instance:com.distrimind.util.tests.CryptoTests@3930015a]" name="testASymetricEncryptions" duration-ms="3964" started-at="2016-03-04T09:31:25Z" data-provider="provideDataForASymetricEncryptions" depends-on-methods="com.distrimind.util.tests.CryptoTests.testASymmetricKeyPairEncoding" finished-at="2016-03-04T09:31:29Z">
          <params>
            <param index="0">
              <value>
                <![CDATA[DEFAULT]]>
              </value>
            </param>
          </params>
          <reporter-output>
          </reporter-output>
        </test-method> <!-- testASymetricEncryptions -->
        <test-method status="PASS" signature="testASymmetricSecretMessageExchanger(com.distrimind.util.crypto.ASymmetricEncryptionType)[pri:0, instance:com.distrimind.util.tests.CryptoTests@3930015a]" name="testASymmetricSecretMessageExchanger" duration-ms="7312" started-at="2016-03-04T09:31:29Z" data-provider="provideDataForASymetricEncryptions" depends-on-methods="com.distrimind.util.tests.CryptoTests.testASymmetricKeyPairEncoding" finished-at="2016-03-04T09:31:36Z">
          <params>
            <param index="0">
              <value>
                <![CDATA[RSA]]>
              </value>
            </param>
          </params>
          <reporter-output>
          </reporter-output>
        </test-method> <!-- testASymmetricSecretMessageExchanger -->
        <test-method status="PASS" signature="testASymmetricSecretMessageExchanger(com.distrimind.util.crypto.ASymmetricEncryptionType)[pri:0, instance:com.distrimind.util.tests.CryptoTests@3930015a]" name="testASymmetricSecretMessageExchanger" duration-ms="12657" started-at="2016-03-04T09:31:36Z" data-provider="provideDataForASymetricEncryptions" depends-on-methods="com.distrimind.util.tests.CryptoTests.testASymmetricKeyPairEncoding" finished-at="2016-03-04T09:31:49Z">
          <params>
            <param index="0">
              <value>
                <![CDATA[DEFAULT]]>
              </value>
            </param>
          </params>
          <reporter-output>
          </reporter-output>
        </test-method> <!-- testASymmetricSecretMessageExchanger -->
        <test-method status="PASS" signature="testSymetricEncryptions(com.distrimind.util.crypto.SymmetricEncryptionType)[pri:0, instance:com.distrimind.util.tests.CryptoTests@3930015a]" name="testSymetricEncryptions" duration-ms="8" started-at="2016-03-04T09:31:49Z" data-provider="provideDataForSymetricEncryptions" depends-on-methods="com.distrimind.util.tests.CryptoTests.testSecretKeyEncoding" finished-at="2016-03-04T09:31:49Z">
          <params>
            <param index="0">
              <value>
                <![CDATA[AES]]>
              </value>
            </param>
          </params>
          <reporter-output>
          </reporter-output>
        </test-method> <!-- testSymetricEncryptions -->
        <test-method status="PASS" signature="testSymetricEncryptions(com.distrimind.util.crypto.SymmetricEncryptionType)[pri:0, instance:com.distrimind.util.tests.CryptoTests@3930015a]" name="testSymetricEncryptions" duration-ms="5" started-at="2016-03-04T09:31:49Z" data-provider="provideDataForSymetricEncryptions" depends-on-methods="com.distrimind.util.tests.CryptoTests.testSecretKeyEncoding" finished-at="2016-03-04T09:31:49Z">
          <params>
            <param index="0">
              <value>
                <![CDATA[DES]]>
              </value>
            </param>
          </params>
          <reporter-output>
          </reporter-output>
        </test-method> <!-- testSymetricEncryptions -->
        <test-method status="PASS" signature="testSymetricEncryptions(com.distrimind.util.crypto.SymmetricEncryptionType)[pri:0, instance:com.distrimind.util.tests.CryptoTests@3930015a]" name="testSymetricEncryptions" duration-ms="4" started-at="2016-03-04T09:31:49Z" data-provider="provideDataForSymetricEncryptions" depends-on-methods="com.distrimind.util.tests.CryptoTests.testSecretKeyEncoding" finished-at="2016-03-04T09:31:49Z">
          <params>
            <param index="0">
              <value>
                <![CDATA[DESede]]>
              </value>
            </param>
          </params>
          <reporter-output>
          </reporter-output>
        </test-method> <!-- testSymetricEncryptions -->
        <test-method status="PASS" signature="testSymetricEncryptions(com.distrimind.util.crypto.SymmetricEncryptionType)[pri:0, instance:com.distrimind.util.tests.CryptoTests@3930015a]" name="testSymetricEncryptions" duration-ms="9" started-at="2016-03-04T09:31:49Z" data-provider="provideDataForSymetricEncryptions" depends-on-methods="com.distrimind.util.tests.CryptoTests.testSecretKeyEncoding" finished-at="2016-03-04T09:31:49Z">
          <params>
            <param index="0">
              <value>
                <![CDATA[Blowfish]]>
              </value>
            </param>
          </params>
          <reporter-output>
          </reporter-output>
        </test-method> <!-- testSymetricEncryptions -->
        <test-method status="PASS" signature="testSymetricEncryptions(com.distrimind.util.crypto.SymmetricEncryptionType)[pri:0, instance:com.distrimind.util.tests.CryptoTests@3930015a]" name="testSymetricEncryptions" duration-ms="2" started-at="2016-03-04T09:31:49Z" data-provider="provideDataForSymetricEncryptions" depends-on-methods="com.distrimind.util.tests.CryptoTests.testSecretKeyEncoding" finished-at="2016-03-04T09:31:49Z">
          <params>
            <param index="0">
              <value>
                <![CDATA[DEFAULT]]>
              </value>
            </param>
          </params>
          <reporter-output>
          </reporter-output>
        </test-method> <!-- testSymetricEncryptions -->
        <test-method status="PASS" signature="testHybridEncryptions(com.distrimind.util.crypto.ASymmetricEncryptionType, com.distrimind.util.crypto.SymmetricEncryptionType)[pri:0, instance:com.distrimind.util.tests.CryptoTests@3930015a]" name="testHybridEncryptions" duration-ms="3820" started-at="2016-03-04T09:31:49Z" data-provider="provideDataForHybridEncryptions" depends-on-methods="com.distrimind.util.tests.CryptoTests.testSymetricEncryptions, com.distrimind.util.tests.CryptoTests.testASymetricEncryptions" finished-at="2016-03-04T09:31:53Z">
          <params>
            <param index="0">
              <value>
                <![CDATA[RSA]]>
              </value>
            </param>
            <param index="1">
              <value>
                <![CDATA[AES]]>
              </value>
            </param>
          </params>
          <reporter-output>
          </reporter-output>
        </test-method> <!-- testHybridEncryptions -->
        <test-method status="PASS" signature="testHybridEncryptions(com.distrimind.util.crypto.ASymmetricEncryptionType, com.distrimind.util.crypto.SymmetricEncryptionType)[pri:0, instance:com.distrimind.util.tests.CryptoTests@3930015a]" name="testHybridEncryptions" duration-ms="7122" started-at="2016-03-04T09:31:53Z" data-provider="provideDataForHybridEncryptions" depends-on-methods="com.distrimind.util.tests.CryptoTests.testSymetricEncryptions, com.distrimind.util.tests.CryptoTests.testASymetricEncryptions" finished-at="2016-03-04T09:32:00Z">
          <params>
            <param index="0">
              <value>
                <![CDATA[DEFAULT]]>
              </value>
            </param>
            <param index="1">
              <value>
                <![CDATA[AES]]>
              </value>
            </param>
          </params>
          <reporter-output>
          </reporter-output>
        </test-method> <!-- testHybridEncryptions -->
        <test-method status="PASS" signature="testHybridEncryptions(com.distrimind.util.crypto.ASymmetricEncryptionType, com.distrimind.util.crypto.SymmetricEncryptionType)[pri:0, instance:com.distrimind.util.tests.CryptoTests@3930015a]" name="testHybridEncryptions" duration-ms="33659" started-at="2016-03-04T09:32:00Z" data-provider="provideDataForHybridEncryptions" depends-on-methods="com.distrimind.util.tests.CryptoTests.testSymetricEncryptions, com.distrimind.util.tests.CryptoTests.testASymetricEncryptions" finished-at="2016-03-04T09:32:34Z">
          <params>
            <param index="0">
              <value>
                <![CDATA[RSA]]>
              </value>
            </param>
            <param index="1">
              <value>
                <![CDATA[DES]]>
              </value>
            </param>
          </params>
          <reporter-output>
          </reporter-output>
        </test-method> <!-- testHybridEncryptions -->
        <test-method status="PASS" signature="testHybridEncryptions(com.distrimind.util.crypto.ASymmetricEncryptionType, com.distrimind.util.crypto.SymmetricEncryptionType)[pri:0, instance:com.distrimind.util.tests.CryptoTests@3930015a]" name="testHybridEncryptions" duration-ms="18810" started-at="2016-03-04T09:32:34Z" data-provider="provideDataForHybridEncryptions" depends-on-methods="com.distrimind.util.tests.CryptoTests.testSymetricEncryptions, com.distrimind.util.tests.CryptoTests.testASymetricEncryptions" finished-at="2016-03-04T09:32:52Z">
          <params>
            <param index="0">
              <value>
                <![CDATA[DEFAULT]]>
              </value>
            </param>
            <param index="1">
              <value>
                <![CDATA[DES]]>
              </value>
            </param>
          </params>
          <reporter-output>
          </reporter-output>
        </test-method> <!-- testHybridEncryptions -->
        <test-method status="PASS" signature="testHybridEncryptions(com.distrimind.util.crypto.ASymmetricEncryptionType, com.distrimind.util.crypto.SymmetricEncryptionType)[pri:0, instance:com.distrimind.util.tests.CryptoTests@3930015a]" name="testHybridEncryptions" duration-ms="10299" started-at="2016-03-04T09:32:52Z" data-provider="provideDataForHybridEncryptions" depends-on-methods="com.distrimind.util.tests.CryptoTests.testSymetricEncryptions, com.distrimind.util.tests.CryptoTests.testASymetricEncryptions" finished-at="2016-03-04T09:33:03Z">
          <params>
            <param index="0">
              <value>
                <![CDATA[RSA]]>
              </value>
            </param>
            <param index="1">
              <value>
                <![CDATA[DESede]]>
              </value>
            </param>
          </params>
          <reporter-output>
          </reporter-output>
        </test-method> <!-- testHybridEncryptions -->
        <test-method status="PASS" signature="testHybridEncryptions(com.distrimind.util.crypto.ASymmetricEncryptionType, com.distrimind.util.crypto.SymmetricEncryptionType)[pri:0, instance:com.distrimind.util.tests.CryptoTests@3930015a]" name="testHybridEncryptions" duration-ms="13306" started-at="2016-03-04T09:33:03Z" data-provider="provideDataForHybridEncryptions" depends-on-methods="com.distrimind.util.tests.CryptoTests.testSymetricEncryptions, com.distrimind.util.tests.CryptoTests.testASymetricEncryptions" finished-at="2016-03-04T09:33:16Z">
          <params>
            <param index="0">
              <value>
                <![CDATA[DEFAULT]]>
              </value>
            </param>
            <param index="1">
              <value>
                <![CDATA[DESede]]>
              </value>
            </param>
          </params>
          <reporter-output>
          </reporter-output>
        </test-method> <!-- testHybridEncryptions -->
        <test-method status="PASS" signature="testHybridEncryptions(com.distrimind.util.crypto.ASymmetricEncryptionType, com.distrimind.util.crypto.SymmetricEncryptionType)[pri:0, instance:com.distrimind.util.tests.CryptoTests@3930015a]" name="testHybridEncryptions" duration-ms="7296" started-at="2016-03-04T09:33:16Z" data-provider="provideDataForHybridEncryptions" depends-on-methods="com.distrimind.util.tests.CryptoTests.testSymetricEncryptions, com.distrimind.util.tests.CryptoTests.testASymetricEncryptions" finished-at="2016-03-04T09:33:23Z">
          <params>
            <param index="0">
              <value>
                <![CDATA[RSA]]>
              </value>
            </param>
            <param index="1">
              <value>
                <![CDATA[Blowfish]]>
              </value>
            </param>
          </params>
          <reporter-output>
          </reporter-output>
        </test-method> <!-- testHybridEncryptions -->
        <test-method status="PASS" signature="testHybridEncryptions(com.distrimind.util.crypto.ASymmetricEncryptionType, com.distrimind.util.crypto.SymmetricEncryptionType)[pri:0, instance:com.distrimind.util.tests.CryptoTests@3930015a]" name="testHybridEncryptions" duration-ms="8237" started-at="2016-03-04T09:33:23Z" data-provider="provideDataForHybridEncryptions" depends-on-methods="com.distrimind.util.tests.CryptoTests.testSymetricEncryptions, com.distrimind.util.tests.CryptoTests.testASymetricEncryptions" finished-at="2016-03-04T09:33:32Z">
          <params>
            <param index="0">
              <value>
                <![CDATA[DEFAULT]]>
              </value>
            </param>
            <param index="1">
              <value>
                <![CDATA[Blowfish]]>
              </value>
            </param>
          </params>
          <reporter-output>
          </reporter-output>
        </test-method> <!-- testHybridEncryptions -->
        <test-method status="PASS" signature="testHybridEncryptions(com.distrimind.util.crypto.ASymmetricEncryptionType, com.distrimind.util.crypto.SymmetricEncryptionType)[pri:0, instance:com.distrimind.util.tests.CryptoTests@3930015a]" name="testHybridEncryptions" duration-ms="6022" started-at="2016-03-04T09:33:32Z" data-provider="provideDataForHybridEncryptions" depends-on-methods="com.distrimind.util.tests.CryptoTests.testSymetricEncryptions, com.distrimind.util.tests.CryptoTests.testASymetricEncryptions" finished-at="2016-03-04T09:33:38Z">
          <params>
            <param index="0">
              <value>
                <![CDATA[RSA]]>
              </value>
            </param>
            <param index="1">
              <value>
                <![CDATA[DEFAULT]]>
              </value>
            </param>
          </params>
          <reporter-output>
          </reporter-output>
        </test-method> <!-- testHybridEncryptions -->
        <test-method status="PASS" signature="testHybridEncryptions(com.distrimind.util.crypto.ASymmetricEncryptionType, com.distrimind.util.crypto.SymmetricEncryptionType)[pri:0, instance:com.distrimind.util.tests.CryptoTests@3930015a]" name="testHybridEncryptions" duration-ms="17373" started-at="2016-03-04T09:33:38Z" data-provider="provideDataForHybridEncryptions" depends-on-methods="com.distrimind.util.tests.CryptoTests.testSymetricEncryptions, com.distrimind.util.tests.CryptoTests.testASymetricEncryptions" finished-at="2016-03-04T09:33:55Z">
          <params>
            <param index="0">
              <value>
                <![CDATA[DEFAULT]]>
              </value>
            </param>
            <param index="1">
              <value>
                <![CDATA[DEFAULT]]>
              </value>
            </param>
          </params>
          <reporter-output>
          </reporter-output>
        </test-method> <!-- testHybridEncryptions -->
      </class> <!-- com.distrimind.util.tests.CryptoTests -->
    </test> <!-- Default test -->
  </suite> <!-- Default suite -->
</testng-results>
